[0.022s] Invoking command in '/home/jaqueline/udemy_ws/build/franka_description': CMAKE_PREFIX_PATH=/opt/ros/humble /usr/bin/cmake --build /home/jaqueline/udemy_ws/build/franka_description -- -j8 -l8
[0.431s] Invoked command in '/home/jaqueline/udemy_ws/build/franka_description' returned '0': CMAKE_PREFIX_PATH=/opt/ros/humble /usr/bin/cmake --build /home/jaqueline/udemy_ws/build/franka_description -- -j8 -l8
[0.445s] Invoking command in '/home/jaqueline/udemy_ws/build/franka_description': CMAKE_PREFIX_PATH=/opt/ros/humble /usr/bin/cmake --install /home/jaqueline/udemy_ws/build/franka_description
[0.456s] -- Install configuration: ""
[0.457s] -- Up-to-date: /home/jaqueline/udemy_ws/install/franka_description/share/franka_description//launch
[0.457s] -- Up-to-date: /home/jaqueline/udemy_ws/install/franka_description/share/franka_description//launch/visualize_franka.launch.py
[0.457s] -- Up-to-date: /home/jaqueline/udemy_ws/install/franka_description/share/franka_description//robots
[0.458s] -- Up-to-date: /home/jaqueline/udemy_ws/install/franka_description/share/franka_description//robots/panda_r2.urdf
[0.458s] -- Up-to-date: /home/jaqueline/udemy_ws/install/franka_description/share/franka_description//robots/panda_arm.ros2_control.xacro
[0.458s] -- Up-to-date: /home/jaqueline/udemy_ws/install/franka_description/share/franka_description//robots/panda_arm.xacro
[0.459s] -- Up-to-date: /home/jaqueline/udemy_ws/install/franka_description/share/franka_description//robots/panda_ros2.urdf
[0.459s] -- Up-to-date: /home/jaqueline/udemy_ws/install/franka_description/share/franka_description//robots/fr3
[0.459s] -- Up-to-date: /home/jaqueline/udemy_ws/install/franka_description/share/franka_description//robots/fr3/joint_limits.yaml
[0.459s] -- Up-to-date: /home/jaqueline/udemy_ws/install/franka_description/share/franka_description//robots/fr3/fr3.urdf.xacro
[0.460s] -- Up-to-date: /home/jaqueline/udemy_ws/install/franka_description/share/franka_description//robots/hand.urdf.xacro
[0.460s] -- Up-to-date: /home/jaqueline/udemy_ws/install/franka_description/share/franka_description//robots/panda_arm.urdf.xacro
[0.460s] -- Up-to-date: /home/jaqueline/udemy_ws/install/franka_description/share/franka_description//robots/hand.xacro
[0.460s] -- Up-to-date: /home/jaqueline/udemy_ws/install/franka_description/share/franka_description//robots/common
[0.461s] -- Up-to-date: /home/jaqueline/udemy_ws/install/franka_description/share/franka_description//robots/common/franka_hand.xacro
[0.461s] -- Up-to-date: /home/jaqueline/udemy_ws/install/franka_description/share/franka_description//robots/common/franka_arm.xacro
[0.461s] -- Up-to-date: /home/jaqueline/udemy_ws/install/franka_description/share/franka_description//robots/common/hand.urdf.xacro
[0.461s] -- Up-to-date: /home/jaqueline/udemy_ws/install/franka_description/share/franka_description//robots/common/utils.xacro
[0.461s] -- Up-to-date: /home/jaqueline/udemy_ws/install/franka_description/share/franka_description//robots/common/franka_robot.xacro
[0.462s] -- Up-to-date: /home/jaqueline/udemy_ws/install/franka_description/share/franka_description//robots/common/inertial.yaml
[0.462s] -- Up-to-date: /home/jaqueline/udemy_ws/install/franka_description/share/franka_description//robots/panda
[0.462s] -- Up-to-date: /home/jaqueline/udemy_ws/install/franka_description/share/franka_description//robots/panda/panda.urdf.xacro
[0.462s] -- Up-to-date: /home/jaqueline/udemy_ws/install/franka_description/share/franka_description//robots/panda/joint_limits.yaml
[0.462s] -- Up-to-date: /home/jaqueline/udemy_ws/install/franka_description/share/franka_description//robots/panda/panda_r1.urdf
[0.463s] -- Up-to-date: /home/jaqueline/udemy_ws/install/franka_description/share/franka_description//robots/dual_panda
[0.463s] -- Up-to-date: /home/jaqueline/udemy_ws/install/franka_description/share/franka_description//robots/dual_panda/dual_panda_example.urdf.xacro
[0.463s] -- Up-to-date: /home/jaqueline/udemy_ws/install/franka_description/share/franka_description//meshes
[0.464s] -- Up-to-date: /home/jaqueline/udemy_ws/install/franka_description/share/franka_description//meshes/collision
[0.464s] -- Up-to-date: /home/jaqueline/udemy_ws/install/franka_description/share/franka_description//meshes/collision/link2.stl
[0.464s] -- Up-to-date: /home/jaqueline/udemy_ws/install/franka_description/share/franka_description//meshes/collision/link5.stl
[0.466s] -- Up-to-date: /home/jaqueline/udemy_ws/install/franka_description/share/franka_description//meshes/collision/link3.stl
[0.466s] -- Up-to-date: /home/jaqueline/udemy_ws/install/franka_description/share/franka_description//meshes/collision/link4.stl
[0.466s] -- Up-to-date: /home/jaqueline/udemy_ws/install/franka_description/share/franka_description//meshes/collision/hand.stl
[0.466s] -- Up-to-date: /home/jaqueline/udemy_ws/install/franka_description/share/franka_description//meshes/collision/link0.stl
[0.466s] -- Up-to-date: /home/jaqueline/udemy_ws/install/franka_description/share/franka_description//meshes/collision/link1.stl
[0.467s] -- Up-to-date: /home/jaqueline/udemy_ws/install/franka_description/share/franka_description//meshes/collision/link7.stl
[0.467s] -- Up-to-date: /home/jaqueline/udemy_ws/install/franka_description/share/franka_description//meshes/collision/link6.stl
[0.467s] -- Up-to-date: /home/jaqueline/udemy_ws/install/franka_description/share/franka_description//meshes/visual
[0.467s] -- Up-to-date: /home/jaqueline/udemy_ws/install/franka_description/share/franka_description//meshes/visual/link5.dae
[0.468s] -- Up-to-date: /home/jaqueline/udemy_ws/install/franka_description/share/franka_description//meshes/visual/link6.dae
[0.468s] -- Up-to-date: /home/jaqueline/udemy_ws/install/franka_description/share/franka_description//meshes/visual/link2.dae
[0.468s] -- Up-to-date: /home/jaqueline/udemy_ws/install/franka_description/share/franka_description//meshes/visual/link7.dae
[0.468s] -- Up-to-date: /home/jaqueline/udemy_ws/install/franka_description/share/franka_description//meshes/visual/link0.dae
[0.469s] -- Up-to-date: /home/jaqueline/udemy_ws/install/franka_description/share/franka_description//meshes/visual/link4.dae
[0.469s] -- Up-to-date: /home/jaqueline/udemy_ws/install/franka_description/share/franka_description//meshes/visual/hand.dae
[0.469s] -- Up-to-date: /home/jaqueline/udemy_ws/install/franka_description/share/franka_description//meshes/visual/finger.dae
[0.469s] -- Up-to-date: /home/jaqueline/udemy_ws/install/franka_description/share/franka_description//meshes/visual/link1.dae
[0.469s] -- Up-to-date: /home/jaqueline/udemy_ws/install/franka_description/share/franka_description//meshes/visual/link3.dae
[0.470s] -- Up-to-date: /home/jaqueline/udemy_ws/install/franka_description/share/franka_description//rviz
[0.470s] -- Up-to-date: /home/jaqueline/udemy_ws/install/franka_description/share/franka_description//rviz/visualize_franka.rviz
[0.470s] -- Up-to-date: /home/jaqueline/udemy_ws/install/franka_description/share/ament_index/resource_index/package_run_dependencies/franka_description
[0.470s] -- Up-to-date: /home/jaqueline/udemy_ws/install/franka_description/share/ament_index/resource_index/parent_prefix_path/franka_description
[0.471s] -- Up-to-date: /home/jaqueline/udemy_ws/install/franka_description/share/franka_description/environment/ament_prefix_path.sh
[0.471s] -- Up-to-date: /home/jaqueline/udemy_ws/install/franka_description/share/franka_description/environment/ament_prefix_path.dsv
[0.471s] -- Up-to-date: /home/jaqueline/udemy_ws/install/franka_description/share/franka_description/environment/path.sh
[0.471s] -- Up-to-date: /home/jaqueline/udemy_ws/install/franka_description/share/franka_description/environment/path.dsv
[0.471s] -- Up-to-date: /home/jaqueline/udemy_ws/install/franka_description/share/franka_description/local_setup.bash
[0.472s] -- Up-to-date: /home/jaqueline/udemy_ws/install/franka_description/share/franka_description/local_setup.sh
[0.472s] -- Up-to-date: /home/jaqueline/udemy_ws/install/franka_description/share/franka_description/local_setup.zsh
[0.472s] -- Up-to-date: /home/jaqueline/udemy_ws/install/franka_description/share/franka_description/local_setup.dsv
[0.473s] -- Installing: /home/jaqueline/udemy_ws/install/franka_description/share/franka_description/package.dsv
[0.473s] -- Up-to-date: /home/jaqueline/udemy_ws/install/franka_description/share/ament_index/resource_index/packages/franka_description
[0.473s] -- Up-to-date: /home/jaqueline/udemy_ws/install/franka_description/share/franka_description/cmake/franka_descriptionConfig.cmake
[0.473s] -- Up-to-date: /home/jaqueline/udemy_ws/install/franka_description/share/franka_description/cmake/franka_descriptionConfig-version.cmake
[0.474s] -- Up-to-date: /home/jaqueline/udemy_ws/install/franka_description/share/franka_description/package.xml
[0.474s] Invoked command in '/home/jaqueline/udemy_ws/build/franka_description' returned '0': CMAKE_PREFIX_PATH=/opt/ros/humble /usr/bin/cmake --install /home/jaqueline/udemy_ws/build/franka_description
