[3.987s] Invoking command in '/home/jaqueline/udemy_ws/src/robotic_arms_control': PYTHONPATH=/home/jaqueline/udemy_ws/src/build/robotic_arms_control/prefix_override:/usr/lib/python3/dist-packages/colcon_core/task/python/colcon_distutils_commands:/home/jaqueline/udemy_ws/src/install/robotic_arms_control/lib/python3.10/site-packages:${PYTHONPATH} /usr/bin/python3 -W ignore:setup.py install is deprecated -W ignore:easy_install command is deprecated setup.py egg_info --egg-base ../build/robotic_arms_control build --build-base /home/jaqueline/udemy_ws/src/build/robotic_arms_control/build install --record /home/jaqueline/udemy_ws/src/build/robotic_arms_control/install.log --single-version-externally-managed install_data
[5.360s] running egg_info
[5.366s] writing ../build/robotic_arms_control/robotic_arms_control.egg-info/PKG-INFO
[5.368s] writing dependency_links to ../build/robotic_arms_control/robotic_arms_control.egg-info/dependency_links.txt
[5.368s] writing entry points to ../build/robotic_arms_control/robotic_arms_control.egg-info/entry_points.txt
[5.369s] writing requirements to ../build/robotic_arms_control/robotic_arms_control.egg-info/requires.txt
[5.370s] writing top-level names to ../build/robotic_arms_control/robotic_arms_control.egg-info/top_level.txt
[5.384s] reading manifest file '../build/robotic_arms_control/robotic_arms_control.egg-info/SOURCES.txt'
[5.394s] writing manifest file '../build/robotic_arms_control/robotic_arms_control.egg-info/SOURCES.txt'
[5.396s] running build
[5.397s] running build_py
[5.399s] copying robotic_arms_control/joint_controller_test.py -> /home/jaqueline/udemy_ws/src/build/robotic_arms_control/build/lib/robotic_arms_control
[5.399s] running install
[5.403s] running install_lib
[5.407s] copying /home/jaqueline/udemy_ws/src/build/robotic_arms_control/build/lib/robotic_arms_control/joint_controller_test.py -> /home/jaqueline/udemy_ws/src/install/robotic_arms_control/lib/python3.10/site-packages/robotic_arms_control
[5.410s] byte-compiling /home/jaqueline/udemy_ws/src/install/robotic_arms_control/lib/python3.10/site-packages/robotic_arms_control/joint_controller_test.py to joint_controller_test.cpython-310.pyc
[5.422s] running install_data
[5.422s] running install_egg_info
[5.440s] removing '/home/jaqueline/udemy_ws/src/install/robotic_arms_control/lib/python3.10/site-packages/robotic_arms_control-0.0.0-py3.10.egg-info' (and everything under it)
[5.441s] Copying ../build/robotic_arms_control/robotic_arms_control.egg-info to /home/jaqueline/udemy_ws/src/install/robotic_arms_control/lib/python3.10/site-packages/robotic_arms_control-0.0.0-py3.10.egg-info
[5.443s] running install_scripts
[5.551s] Installing jtc_controller_test script to /home/jaqueline/udemy_ws/src/install/robotic_arms_control/lib/robotic_arms_control
[5.552s] Installing transforms_pub script to /home/jaqueline/udemy_ws/src/install/robotic_arms_control/lib/robotic_arms_control
[5.553s] writing list of installed files to '/home/jaqueline/udemy_ws/src/build/robotic_arms_control/install.log'
[5.803s] Invoked command in '/home/jaqueline/udemy_ws/src/robotic_arms_control' returned '0': PYTHONPATH=/home/jaqueline/udemy_ws/src/build/robotic_arms_control/prefix_override:/usr/lib/python3/dist-packages/colcon_core/task/python/colcon_distutils_commands:/home/jaqueline/udemy_ws/src/install/robotic_arms_control/lib/python3.10/site-packages:${PYTHONPATH} /usr/bin/python3 -W ignore:setup.py install is deprecated -W ignore:easy_install command is deprecated setup.py egg_info --egg-base ../build/robotic_arms_control build --build-base /home/jaqueline/udemy_ws/src/build/robotic_arms_control/build install --record /home/jaqueline/udemy_ws/src/build/robotic_arms_control/install.log --single-version-externally-managed install_data
