/home/jaqueline/udemy_ws/install/robotic_arms_control/lib/python3.10/site-packages/robotic_arms_control/__init__.py
/home/jaqueline/udemy_ws/install/robotic_arms_control/lib/python3.10/site-packages/robotic_arms_control/transform_publisher.py
/home/jaqueline/udemy_ws/install/robotic_arms_control/lib/python3.10/site-packages/robotic_arms_control/__pycache__/__init__.cpython-310.pyc
/home/jaqueline/udemy_ws/install/robotic_arms_control/lib/python3.10/site-packages/robotic_arms_control/__pycache__/transform_publisher.cpython-310.pyc
/home/jaqueline/udemy_ws/install/robotic_arms_control/share/ament_index/resource_index/packages/robotic_arms_control
/home/jaqueline/udemy_ws/install/robotic_arms_control/share/robotic_arms_control/package.xml
/home/jaqueline/udemy_ws/install/robotic_arms_control/share/robotic_arms_control/launch/gazebo_bringup.launch.py
/home/jaqueline/udemy_ws/install/robotic_arms_control/share/robotic_arms_control/launch/rviz_panda.launch.py
/home/jaqueline/udemy_ws/install/robotic_arms_control/share/robotic_arms_control/launch/rviz_bringup.launch.py
/home/jaqueline/udemy_ws/install/robotic_arms_control/share/robotic_arms_control/urdf/panda_ros2.urdf
/home/jaqueline/udemy_ws/install/robotic_arms_control/share/robotic_arms_control/urdf/bazu.urdf
/home/jaqueline/udemy_ws/install/robotic_arms_control/share/robotic_arms_control/urdf/panda_ros1.urdf
/home/jaqueline/udemy_ws/install/robotic_arms_control/share/robotic_arms_control/config
/home/jaqueline/udemy_ws/install/robotic_arms_control/lib/python3.10/site-packages/robotic_arms_control-0.0.0-py3.10.egg-info/PKG-INFO
/home/jaqueline/udemy_ws/install/robotic_arms_control/lib/python3.10/site-packages/robotic_arms_control-0.0.0-py3.10.egg-info/SOURCES.txt
/home/jaqueline/udemy_ws/install/robotic_arms_control/lib/python3.10/site-packages/robotic_arms_control-0.0.0-py3.10.egg-info/dependency_links.txt
/home/jaqueline/udemy_ws/install/robotic_arms_control/lib/python3.10/site-packages/robotic_arms_control-0.0.0-py3.10.egg-info/zip-safe
/home/jaqueline/udemy_ws/install/robotic_arms_control/lib/python3.10/site-packages/robotic_arms_control-0.0.0-py3.10.egg-info/entry_points.txt
/home/jaqueline/udemy_ws/install/robotic_arms_control/lib/python3.10/site-packages/robotic_arms_control-0.0.0-py3.10.egg-info/requires.txt
/home/jaqueline/udemy_ws/install/robotic_arms_control/lib/python3.10/site-packages/robotic_arms_control-0.0.0-py3.10.egg-info/top_level.txt
/home/jaqueline/udemy_ws/install/robotic_arms_control/lib/robotic_arms_control/transforms_pub
