[0.022s] Invoking command in '/home/jaqueline/udemy_ws/build/franka_description': CMAKE_PREFIX_PATH=/home/jaqueline/udemy_ws/install/robotic_arms_control:/home/jaqueline/install/robotics_arms_control:/home/jaqueline/install/robotic_arms_control:/opt/ros/humble /usr/bin/cmake /home/jaqueline/udemy_ws/src/franka_description -DCMAKE_INSTALL_PREFIX=/home/jaqueline/udemy_ws/install/franka_description
[0.143s] -- The C compiler identification is GNU 11.4.0
[0.233s] -- The CXX compiler identification is GNU 11.4.0
[0.247s] -- Detecting C compiler ABI info
[0.349s] -- Detecting C compiler ABI info - done
[0.361s] -- Check for working C compiler: /usr/bin/cc - skipped
[0.362s] -- Detecting C compile features
[0.363s] -- Detecting C compile features - done
[0.368s] -- Detecting CXX compiler ABI info
[0.489s] -- Detecting CXX compiler ABI info - done
[0.502s] -- Check for working CXX compiler: /usr/bin/c++ - skipped
[0.502s] -- Detecting CXX compile features
[0.503s] -- Detecting CXX compile features - done
[0.510s] -- Found ament_cmake: 1.3.11 (/opt/ros/humble/share/ament_cmake/cmake)
[0.743s] -- Found Python3: /usr/bin/python3 (found version "3.10.12") found components: Interpreter 
[0.905s] -- Found ament_lint_auto: 0.12.11 (/opt/ros/humble/share/ament_lint_auto/cmake)
[1.561s] -- Added test 'copyright' to check source files copyright and LICENSE
[1.567s] -- Added test 'flake8' to check Python code syntax and style conventions
[1.568s] -- Added test 'lint_cmake' to check CMake code style
[1.569s] -- Added test 'pep257' to check Python code against some of the docstring style conventions in PEP 257
[1.573s] -- Added test 'xmllint' to check XML markup files
[1.575s] -- Configuring done
[1.580s] -- Generating done
[1.582s] -- Build files have been written to: /home/jaqueline/udemy_ws/build/franka_description
[1.589s] Invoked command in '/home/jaqueline/udemy_ws/build/franka_description' returned '0': CMAKE_PREFIX_PATH=/home/jaqueline/udemy_ws/install/robotic_arms_control:/home/jaqueline/install/robotics_arms_control:/home/jaqueline/install/robotic_arms_control:/opt/ros/humble /usr/bin/cmake /home/jaqueline/udemy_ws/src/franka_description -DCMAKE_INSTALL_PREFIX=/home/jaqueline/udemy_ws/install/franka_description
[1.592s] Invoking command in '/home/jaqueline/udemy_ws/build/franka_description': CMAKE_PREFIX_PATH=/home/jaqueline/udemy_ws/install/robotic_arms_control:/home/jaqueline/install/robotics_arms_control:/home/jaqueline/install/robotic_arms_control:/opt/ros/humble /usr/bin/cmake --build /home/jaqueline/udemy_ws/build/franka_description -- -j8 -l8
[1.646s] Invoked command in '/home/jaqueline/udemy_ws/build/franka_description' returned '0': CMAKE_PREFIX_PATH=/home/jaqueline/udemy_ws/install/robotic_arms_control:/home/jaqueline/install/robotics_arms_control:/home/jaqueline/install/robotic_arms_control:/opt/ros/humble /usr/bin/cmake --build /home/jaqueline/udemy_ws/build/franka_description -- -j8 -l8
[1.660s] Invoking command in '/home/jaqueline/udemy_ws/build/franka_description': CMAKE_PREFIX_PATH=/home/jaqueline/udemy_ws/install/robotic_arms_control:/home/jaqueline/install/robotics_arms_control:/home/jaqueline/install/robotic_arms_control:/opt/ros/humble /usr/bin/cmake --install /home/jaqueline/udemy_ws/build/franka_description
[1.670s] -- Install configuration: ""
[1.670s] -- Installing: /home/jaqueline/udemy_ws/install/franka_description/share/franka_description//launch
[1.670s] -- Installing: /home/jaqueline/udemy_ws/install/franka_description/share/franka_description//launch/visualize_franka.launch.py
[1.671s] -- Installing: /home/jaqueline/udemy_ws/install/franka_description/share/franka_description//robots
[1.671s] -- Installing: /home/jaqueline/udemy_ws/install/franka_description/share/franka_description//robots/panda_arm.ros2_control.xacro
[1.671s] -- Installing: /home/jaqueline/udemy_ws/install/franka_description/share/franka_description//robots/panda_arm.xacro
[1.671s] -- Installing: /home/jaqueline/udemy_ws/install/franka_description/share/franka_description//robots/hand.urdf.xacro
[1.671s] -- Installing: /home/jaqueline/udemy_ws/install/franka_description/share/franka_description//robots/panda_arm.urdf.xacro
[1.671s] -- Installing: /home/jaqueline/udemy_ws/install/franka_description/share/franka_description//robots/hand.xacro
[1.671s] -- Installing: /home/jaqueline/udemy_ws/install/franka_description/share/franka_description//meshes
[1.672s] -- Installing: /home/jaqueline/udemy_ws/install/franka_description/share/franka_description//meshes/visual
[1.672s] -- Installing: /home/jaqueline/udemy_ws/install/franka_description/share/franka_description//meshes/visual/link5.dae
[1.673s] -- Installing: /home/jaqueline/udemy_ws/install/franka_description/share/franka_description//meshes/visual/link6.dae
[1.676s] -- Installing: /home/jaqueline/udemy_ws/install/franka_description/share/franka_description//meshes/visual/link2.dae
[1.677s] -- Installing: /home/jaqueline/udemy_ws/install/franka_description/share/franka_description//meshes/visual/link7.dae
[1.678s] -- Installing: /home/jaqueline/udemy_ws/install/franka_description/share/franka_description//meshes/visual/link0.dae
[1.681s] -- Installing: /home/jaqueline/udemy_ws/install/franka_description/share/franka_description//meshes/visual/link4.dae
[1.682s] -- Installing: /home/jaqueline/udemy_ws/install/franka_description/share/franka_description//meshes/visual/hand.dae
[1.683s] -- Installing: /home/jaqueline/udemy_ws/install/franka_description/share/franka_description//meshes/visual/finger.dae
[1.683s] -- Installing: /home/jaqueline/udemy_ws/install/franka_description/share/franka_description//meshes/visual/link1.dae
[1.685s] -- Installing: /home/jaqueline/udemy_ws/install/franka_description/share/franka_description//meshes/visual/link3.dae
[1.686s] -- Installing: /home/jaqueline/udemy_ws/install/franka_description/share/franka_description//rviz
[1.686s] -- Installing: /home/jaqueline/udemy_ws/install/franka_description/share/franka_description//rviz/visualize_franka.rviz
[1.687s] -- Installing: /home/jaqueline/udemy_ws/install/franka_description/share/ament_index/resource_index/package_run_dependencies/franka_description
[1.687s] -- Installing: /home/jaqueline/udemy_ws/install/franka_description/share/ament_index/resource_index/parent_prefix_path/franka_description
[1.687s] -- Installing: /home/jaqueline/udemy_ws/install/franka_description/share/franka_description/environment/ament_prefix_path.sh
[1.688s] -- Installing: /home/jaqueline/udemy_ws/install/franka_description/share/franka_description/environment/ament_prefix_path.dsv
[1.688s] -- Installing: /home/jaqueline/udemy_ws/install/franka_description/share/franka_description/environment/path.sh
[1.688s] -- Installing: /home/jaqueline/udemy_ws/install/franka_description/share/franka_description/environment/path.dsv
[1.688s] -- Installing: /home/jaqueline/udemy_ws/install/franka_description/share/franka_description/local_setup.bash
[1.688s] -- Installing: /home/jaqueline/udemy_ws/install/franka_description/share/franka_description/local_setup.sh
[1.688s] -- Installing: /home/jaqueline/udemy_ws/install/franka_description/share/franka_description/local_setup.zsh
[1.689s] -- Installing: /home/jaqueline/udemy_ws/install/franka_description/share/franka_description/local_setup.dsv
[1.689s] -- Installing: /home/jaqueline/udemy_ws/install/franka_description/share/franka_description/package.dsv
[1.689s] -- Installing: /home/jaqueline/udemy_ws/install/franka_description/share/ament_index/resource_index/packages/franka_description
[1.690s] -- Installing: /home/jaqueline/udemy_ws/install/franka_description/share/franka_description/cmake/franka_descriptionConfig.cmake
[1.690s] -- Installing: /home/jaqueline/udemy_ws/install/franka_description/share/franka_description/cmake/franka_descriptionConfig-version.cmake
[1.690s] -- Installing: /home/jaqueline/udemy_ws/install/franka_description/share/franka_description/package.xml
[1.693s] Invoked command in '/home/jaqueline/udemy_ws/build/franka_description' returned '0': CMAKE_PREFIX_PATH=/home/jaqueline/udemy_ws/install/robotic_arms_control:/home/jaqueline/install/robotics_arms_control:/home/jaqueline/install/robotic_arms_control:/opt/ros/humble /usr/bin/cmake --install /home/jaqueline/udemy_ws/build/franka_description
