[2.315s] Invoking command in '/home/jaqueline/udemy_ws/src/robotic_arms_control': PYTHONPATH=/home/jaqueline/udemy_ws/src/build/robotic_arms_control/prefix_override:/usr/lib/python3/dist-packages/colcon_core/task/python/colcon_distutils_commands:/home/jaqueline/udemy_ws/src/install/robotic_arms_control/lib/python3.10/site-packages:${PYTHONPATH} /usr/bin/python3 -W ignore:setup.py install is deprecated -W ignore:easy_install command is deprecated setup.py egg_info --egg-base ../build/robotic_arms_control build --build-base /home/jaqueline/udemy_ws/src/build/robotic_arms_control/build install --record /home/jaqueline/udemy_ws/src/build/robotic_arms_control/install.log --single-version-externally-managed install_data
[2.992s] running egg_info
[2.993s] writing ../build/robotic_arms_control/robotic_arms_control.egg-info/PKG-INFO
[2.993s] writing dependency_links to ../build/robotic_arms_control/robotic_arms_control.egg-info/dependency_links.txt
[2.993s] writing entry points to ../build/robotic_arms_control/robotic_arms_control.egg-info/entry_points.txt
[2.994s] writing requirements to ../build/robotic_arms_control/robotic_arms_control.egg-info/requires.txt
[2.994s] writing top-level names to ../build/robotic_arms_control/robotic_arms_control.egg-info/top_level.txt
[2.999s] reading manifest file '../build/robotic_arms_control/robotic_arms_control.egg-info/SOURCES.txt'
[3.001s] writing manifest file '../build/robotic_arms_control/robotic_arms_control.egg-info/SOURCES.txt'
[3.001s] running build
[3.001s] running build_py
[3.001s] copying robotic_arms_control/joint_controller_test.py -> /home/jaqueline/udemy_ws/src/build/robotic_arms_control/build/lib/robotic_arms_control
[3.002s] running install
[3.002s] running install_lib
[3.004s] copying /home/jaqueline/udemy_ws/src/build/robotic_arms_control/build/lib/robotic_arms_control/joint_controller_test.py -> /home/jaqueline/udemy_ws/src/install/robotic_arms_control/lib/python3.10/site-packages/robotic_arms_control
[3.006s] byte-compiling /home/jaqueline/udemy_ws/src/install/robotic_arms_control/lib/python3.10/site-packages/robotic_arms_control/joint_controller_test.py to joint_controller_test.cpython-310.pyc
[3.007s] running install_data
[3.008s] running install_egg_info
[3.015s] removing '/home/jaqueline/udemy_ws/src/install/robotic_arms_control/lib/python3.10/site-packages/robotic_arms_control-0.0.0-py3.10.egg-info' (and everything under it)
[3.016s] Copying ../build/robotic_arms_control/robotic_arms_control.egg-info to /home/jaqueline/udemy_ws/src/install/robotic_arms_control/lib/python3.10/site-packages/robotic_arms_control-0.0.0-py3.10.egg-info
[3.016s] running install_scripts
[3.108s] Installing jtc_controller_test script to /home/jaqueline/udemy_ws/src/install/robotic_arms_control/lib/robotic_arms_control
[3.108s] Installing transforms_pub script to /home/jaqueline/udemy_ws/src/install/robotic_arms_control/lib/robotic_arms_control
[3.108s] writing list of installed files to '/home/jaqueline/udemy_ws/src/build/robotic_arms_control/install.log'
[3.246s] Invoked command in '/home/jaqueline/udemy_ws/src/robotic_arms_control' returned '0': PYTHONPATH=/home/jaqueline/udemy_ws/src/build/robotic_arms_control/prefix_override:/usr/lib/python3/dist-packages/colcon_core/task/python/colcon_distutils_commands:/home/jaqueline/udemy_ws/src/install/robotic_arms_control/lib/python3.10/site-packages:${PYTHONPATH} /usr/bin/python3 -W ignore:setup.py install is deprecated -W ignore:easy_install command is deprecated setup.py egg_info --egg-base ../build/robotic_arms_control build --build-base /home/jaqueline/udemy_ws/src/build/robotic_arms_control/build install --record /home/jaqueline/udemy_ws/src/build/robotic_arms_control/install.log --single-version-externally-managed install_data
