[1.151s] Invoking command in '/home/jaqueline/udemy_ws/src/robotic_arms_control': PYTHONPATH=/home/jaqueline/udemy_ws/src/build/robotic_arms_control/prefix_override:/usr/lib/python3/dist-packages/colcon_core/task/python/colcon_distutils_commands:/home/jaqueline/udemy_ws/src/install/robotic_arms_control/lib/python3.10/site-packages:${PYTHONPATH} /usr/bin/python3 -W ignore:setup.py install is deprecated -W ignore:easy_install command is deprecated setup.py egg_info --egg-base ../build/robotic_arms_control build --build-base /home/jaqueline/udemy_ws/src/build/robotic_arms_control/build install --record /home/jaqueline/udemy_ws/src/build/robotic_arms_control/install.log --single-version-externally-managed install_data
[1.527s] running egg_info
[1.528s] writing ../build/robotic_arms_control/robotic_arms_control.egg-info/PKG-INFO
[1.528s] writing dependency_links to ../build/robotic_arms_control/robotic_arms_control.egg-info/dependency_links.txt
[1.528s] writing entry points to ../build/robotic_arms_control/robotic_arms_control.egg-info/entry_points.txt
[1.529s] writing requirements to ../build/robotic_arms_control/robotic_arms_control.egg-info/requires.txt
[1.529s] writing top-level names to ../build/robotic_arms_control/robotic_arms_control.egg-info/top_level.txt
[1.531s] reading manifest file '../build/robotic_arms_control/robotic_arms_control.egg-info/SOURCES.txt'
[1.533s] writing manifest file '../build/robotic_arms_control/robotic_arms_control.egg-info/SOURCES.txt'
[1.533s] running build
[1.533s] running build_py
[1.533s] running install
[1.534s] running install_lib
[1.535s] running install_data
[1.535s] copying launch/gazebo_bringup.launch.py -> /home/jaqueline/udemy_ws/src/install/robotic_arms_control/share/robotic_arms_control/launch
[1.536s] copying urdf/bazu.urdf -> /home/jaqueline/udemy_ws/src/install/robotic_arms_control/share/robotic_arms_control/urdf
[1.536s] copying config/bazu_controller.yaml -> /home/jaqueline/udemy_ws/src/install/robotic_arms_control/share/robotic_arms_control/config
[1.536s] running install_egg_info
[1.540s] removing '/home/jaqueline/udemy_ws/src/install/robotic_arms_control/lib/python3.10/site-packages/robotic_arms_control-0.0.0-py3.10.egg-info' (and everything under it)
[1.540s] Copying ../build/robotic_arms_control/robotic_arms_control.egg-info to /home/jaqueline/udemy_ws/src/install/robotic_arms_control/lib/python3.10/site-packages/robotic_arms_control-0.0.0-py3.10.egg-info
[1.541s] running install_scripts
[1.570s] Installing transforms_pub script to /home/jaqueline/udemy_ws/src/install/robotic_arms_control/lib/robotic_arms_control
[1.570s] writing list of installed files to '/home/jaqueline/udemy_ws/src/build/robotic_arms_control/install.log'
[1.600s] Invoked command in '/home/jaqueline/udemy_ws/src/robotic_arms_control' returned '0': PYTHONPATH=/home/jaqueline/udemy_ws/src/build/robotic_arms_control/prefix_override:/usr/lib/python3/dist-packages/colcon_core/task/python/colcon_distutils_commands:/home/jaqueline/udemy_ws/src/install/robotic_arms_control/lib/python3.10/site-packages:${PYTHONPATH} /usr/bin/python3 -W ignore:setup.py install is deprecated -W ignore:easy_install command is deprecated setup.py egg_info --egg-base ../build/robotic_arms_control build --build-base /home/jaqueline/udemy_ws/src/build/robotic_arms_control/build install --record /home/jaqueline/udemy_ws/src/build/robotic_arms_control/install.log --single-version-externally-managed install_data
