[0.023s] Invoking command in '/home/jaqueline/udemy_ws/build/franka_description': CMAKE_PREFIX_PATH=${CMAKE_PREFIX_PATH}:/home/jaqueline/udemy_ws/install/robotic_arms_control:/opt/ros/humble /usr/bin/cmake --build /home/jaqueline/udemy_ws/build/franka_description -- -j8 -l8
[0.422s] Invoked command in '/home/jaqueline/udemy_ws/build/franka_description' returned '0': CMAKE_PREFIX_PATH=${CMAKE_PREFIX_PATH}:/home/jaqueline/udemy_ws/install/robotic_arms_control:/opt/ros/humble /usr/bin/cmake --build /home/jaqueline/udemy_ws/build/franka_description -- -j8 -l8
[0.437s] Invoking command in '/home/jaqueline/udemy_ws/build/franka_description': CMAKE_PREFIX_PATH=${CMAKE_PREFIX_PATH}:/home/jaqueline/udemy_ws/install/robotic_arms_control:/opt/ros/humble /usr/bin/cmake --install /home/jaqueline/udemy_ws/build/franka_description
[0.447s] -- Install configuration: ""
[0.447s] -- Up-to-date: /home/jaqueline/udemy_ws/install/franka_description/share/franka_description//launch
[0.447s] -- Installing: /home/jaqueline/udemy_ws/install/franka_description/share/franka_description//launch/visualize_franka.launch.py
[0.447s] -- Up-to-date: /home/jaqueline/udemy_ws/install/franka_description/share/franka_description//robots
[0.448s] -- Up-to-date: /home/jaqueline/udemy_ws/install/franka_description/share/franka_description//robots/panda_arm.ros2_control.xacro
[0.448s] -- Up-to-date: /home/jaqueline/udemy_ws/install/franka_description/share/franka_description//robots/panda_arm.xacro
[0.448s] -- Up-to-date: /home/jaqueline/udemy_ws/install/franka_description/share/franka_description//robots/hand.urdf.xacro
[0.448s] -- Up-to-date: /home/jaqueline/udemy_ws/install/franka_description/share/franka_description//robots/panda_arm.urdf.xacro
[0.449s] -- Up-to-date: /home/jaqueline/udemy_ws/install/franka_description/share/franka_description//robots/hand.xacro
[0.449s] -- Up-to-date: /home/jaqueline/udemy_ws/install/franka_description/share/franka_description//meshes
[0.449s] -- Up-to-date: /home/jaqueline/udemy_ws/install/franka_description/share/franka_description//meshes/visual
[0.449s] -- Up-to-date: /home/jaqueline/udemy_ws/install/franka_description/share/franka_description//meshes/visual/link5.dae
[0.449s] -- Up-to-date: /home/jaqueline/udemy_ws/install/franka_description/share/franka_description//meshes/visual/link6.dae
[0.449s] -- Up-to-date: /home/jaqueline/udemy_ws/install/franka_description/share/franka_description//meshes/visual/link2.dae
[0.449s] -- Up-to-date: /home/jaqueline/udemy_ws/install/franka_description/share/franka_description//meshes/visual/link7.dae
[0.449s] -- Up-to-date: /home/jaqueline/udemy_ws/install/franka_description/share/franka_description//meshes/visual/link0.dae
[0.449s] -- Up-to-date: /home/jaqueline/udemy_ws/install/franka_description/share/franka_description//meshes/visual/link4.dae
[0.450s] -- Up-to-date: /home/jaqueline/udemy_ws/install/franka_description/share/franka_description//meshes/visual/hand.dae
[0.450s] -- Up-to-date: /home/jaqueline/udemy_ws/install/franka_description/share/franka_description//meshes/visual/finger.dae
[0.450s] -- Up-to-date: /home/jaqueline/udemy_ws/install/franka_description/share/franka_description//meshes/visual/link1.dae
[0.450s] -- Up-to-date: /home/jaqueline/udemy_ws/install/franka_description/share/franka_description//meshes/visual/link3.dae
[0.450s] -- Up-to-date: /home/jaqueline/udemy_ws/install/franka_description/share/franka_description//rviz
[0.450s] -- Up-to-date: /home/jaqueline/udemy_ws/install/franka_description/share/franka_description//rviz/visualize_franka.rviz
[0.450s] -- Up-to-date: /home/jaqueline/udemy_ws/install/franka_description/share/ament_index/resource_index/package_run_dependencies/franka_description
[0.450s] -- Up-to-date: /home/jaqueline/udemy_ws/install/franka_description/share/ament_index/resource_index/parent_prefix_path/franka_description
[0.450s] -- Up-to-date: /home/jaqueline/udemy_ws/install/franka_description/share/franka_description/environment/ament_prefix_path.sh
[0.450s] -- Up-to-date: /home/jaqueline/udemy_ws/install/franka_description/share/franka_description/environment/ament_prefix_path.dsv
[0.450s] -- Up-to-date: /home/jaqueline/udemy_ws/install/franka_description/share/franka_description/environment/path.sh
[0.451s] -- Up-to-date: /home/jaqueline/udemy_ws/install/franka_description/share/franka_description/environment/path.dsv
[0.451s] -- Up-to-date: /home/jaqueline/udemy_ws/install/franka_description/share/franka_description/local_setup.bash
[0.451s] -- Up-to-date: /home/jaqueline/udemy_ws/install/franka_description/share/franka_description/local_setup.sh
[0.451s] -- Up-to-date: /home/jaqueline/udemy_ws/install/franka_description/share/franka_description/local_setup.zsh
[0.451s] -- Up-to-date: /home/jaqueline/udemy_ws/install/franka_description/share/franka_description/local_setup.dsv
[0.451s] -- Installing: /home/jaqueline/udemy_ws/install/franka_description/share/franka_description/package.dsv
[0.451s] -- Up-to-date: /home/jaqueline/udemy_ws/install/franka_description/share/ament_index/resource_index/packages/franka_description
[0.451s] -- Up-to-date: /home/jaqueline/udemy_ws/install/franka_description/share/franka_description/cmake/franka_descriptionConfig.cmake
[0.451s] -- Up-to-date: /home/jaqueline/udemy_ws/install/franka_description/share/franka_description/cmake/franka_descriptionConfig-version.cmake
[0.452s] -- Up-to-date: /home/jaqueline/udemy_ws/install/franka_description/share/franka_description/package.xml
[0.454s] Invoked command in '/home/jaqueline/udemy_ws/build/franka_description' returned '0': CMAKE_PREFIX_PATH=${CMAKE_PREFIX_PATH}:/home/jaqueline/udemy_ws/install/robotic_arms_control:/opt/ros/humble /usr/bin/cmake --install /home/jaqueline/udemy_ws/build/franka_description
