[0.078s] Invoking command in '/home/jaqueline/udemy_ws/src/build/franka_description': CMAKE_PREFIX_PATH=/opt/ros/humble /usr/bin/cmake --build /home/jaqueline/udemy_ws/src/build/franka_description -- -j8 -l8
[1.260s] Invoked command in '/home/jaqueline/udemy_ws/src/build/franka_description' returned '0': CMAKE_PREFIX_PATH=/opt/ros/humble /usr/bin/cmake --build /home/jaqueline/udemy_ws/src/build/franka_description -- -j8 -l8
[1.300s] Invoking command in '/home/jaqueline/udemy_ws/src/build/franka_description': CMAKE_PREFIX_PATH=/opt/ros/humble /usr/bin/cmake --install /home/jaqueline/udemy_ws/src/build/franka_description
[1.326s] -- Install configuration: ""
[1.326s] -- Up-to-date: /home/jaqueline/udemy_ws/src/install/franka_description/share/franka_description//launch
[1.330s] -- Up-to-date: /home/jaqueline/udemy_ws/src/install/franka_description/share/franka_description//launch/visualize_franka.launch.py
[1.330s] -- Up-to-date: /home/jaqueline/udemy_ws/src/install/franka_description/share/franka_description//robots
[1.331s] -- Up-to-date: /home/jaqueline/udemy_ws/src/install/franka_description/share/franka_description//robots/panda_arm.ros2_control.xacro
[1.331s] -- Up-to-date: /home/jaqueline/udemy_ws/src/install/franka_description/share/franka_description//robots/panda_arm.xacro
[1.331s] -- Up-to-date: /home/jaqueline/udemy_ws/src/install/franka_description/share/franka_description//robots/panda_ros2.urdf
[1.331s] -- Up-to-date: /home/jaqueline/udemy_ws/src/install/franka_description/share/franka_description//robots/fr3
[1.331s] -- Up-to-date: /home/jaqueline/udemy_ws/src/install/franka_description/share/franka_description//robots/fr3/joint_limits.yaml
[1.331s] -- Up-to-date: /home/jaqueline/udemy_ws/src/install/franka_description/share/franka_description//robots/fr3/fr3.urdf.xacro
[1.331s] -- Up-to-date: /home/jaqueline/udemy_ws/src/install/franka_description/share/franka_description//robots/hand.urdf.xacro
[1.332s] -- Up-to-date: /home/jaqueline/udemy_ws/src/install/franka_description/share/franka_description//robots/panda_arm.urdf.xacro
[1.332s] -- Up-to-date: /home/jaqueline/udemy_ws/src/install/franka_description/share/franka_description//robots/hand.xacro
[1.332s] -- Up-to-date: /home/jaqueline/udemy_ws/src/install/franka_description/share/franka_description//robots/common
[1.332s] -- Up-to-date: /home/jaqueline/udemy_ws/src/install/franka_description/share/franka_description//robots/common/franka_hand.xacro
[1.332s] -- Up-to-date: /home/jaqueline/udemy_ws/src/install/franka_description/share/franka_description//robots/common/franka_arm.xacro
[1.332s] -- Up-to-date: /home/jaqueline/udemy_ws/src/install/franka_description/share/franka_description//robots/common/hand.urdf.xacro
[1.332s] -- Up-to-date: /home/jaqueline/udemy_ws/src/install/franka_description/share/franka_description//robots/common/utils.xacro
[1.332s] -- Up-to-date: /home/jaqueline/udemy_ws/src/install/franka_description/share/franka_description//robots/common/franka_robot.xacro
[1.333s] -- Up-to-date: /home/jaqueline/udemy_ws/src/install/franka_description/share/franka_description//robots/common/inertial.yaml
[1.333s] -- Up-to-date: /home/jaqueline/udemy_ws/src/install/franka_description/share/franka_description//robots/panda
[1.333s] -- Up-to-date: /home/jaqueline/udemy_ws/src/install/franka_description/share/franka_description//robots/panda/log
[1.334s] -- Up-to-date: /home/jaqueline/udemy_ws/src/install/franka_description/share/franka_description//robots/panda/log/latest
[1.334s] -- Up-to-date: /home/jaqueline/udemy_ws/src/install/franka_description/share/franka_description//robots/panda/log/latest_build
[1.334s] -- Up-to-date: /home/jaqueline/udemy_ws/src/install/franka_description/share/franka_description//robots/panda/log/build_2025-02-03_21-57-55
[1.334s] -- Up-to-date: /home/jaqueline/udemy_ws/src/install/franka_description/share/franka_description//robots/panda/log/build_2025-02-03_21-57-55/events.log
[1.335s] -- Up-to-date: /home/jaqueline/udemy_ws/src/install/franka_description/share/franka_description//robots/panda/log/build_2025-02-03_21-57-55/logger_all.log
[1.335s] -- Up-to-date: /home/jaqueline/udemy_ws/src/install/franka_description/share/franka_description//robots/panda/log/COLCON_IGNORE
[1.335s] -- Up-to-date: /home/jaqueline/udemy_ws/src/install/franka_description/share/franka_description//robots/panda/panda.urdf.xacro
[1.335s] -- Up-to-date: /home/jaqueline/udemy_ws/src/install/franka_description/share/franka_description//robots/panda/install
[1.335s] -- Up-to-date: /home/jaqueline/udemy_ws/src/install/franka_description/share/franka_description//robots/panda/install/setup.ps1
[1.335s] -- Up-to-date: /home/jaqueline/udemy_ws/src/install/franka_description/share/franka_description//robots/panda/install/_local_setup_util_ps1.py
[1.335s] -- Up-to-date: /home/jaqueline/udemy_ws/src/install/franka_description/share/franka_description//robots/panda/install/local_setup.sh
[1.336s] -- Up-to-date: /home/jaqueline/udemy_ws/src/install/franka_description/share/franka_description//robots/panda/install/.colcon_install_layout
[1.336s] -- Up-to-date: /home/jaqueline/udemy_ws/src/install/franka_description/share/franka_description//robots/panda/install/setup.zsh
[1.337s] -- Up-to-date: /home/jaqueline/udemy_ws/src/install/franka_description/share/franka_description//robots/panda/install/local_setup.zsh
[1.337s] -- Up-to-date: /home/jaqueline/udemy_ws/src/install/franka_description/share/franka_description//robots/panda/install/local_setup.ps1
[1.344s] -- Up-to-date: /home/jaqueline/udemy_ws/src/install/franka_description/share/franka_description//robots/panda/install/setup.sh
[1.345s] -- Up-to-date: /home/jaqueline/udemy_ws/src/install/franka_description/share/franka_description//robots/panda/install/setup.bash
[1.345s] -- Up-to-date: /home/jaqueline/udemy_ws/src/install/franka_description/share/franka_description//robots/panda/install/_local_setup_util_sh.py
[1.346s] -- Up-to-date: /home/jaqueline/udemy_ws/src/install/franka_description/share/franka_description//robots/panda/install/local_setup.bash
[1.346s] -- Up-to-date: /home/jaqueline/udemy_ws/src/install/franka_description/share/franka_description//robots/panda/install/COLCON_IGNORE
[1.346s] -- Up-to-date: /home/jaqueline/udemy_ws/src/install/franka_description/share/franka_description//robots/panda/panda_ros1.urdf
[1.347s] -- Up-to-date: /home/jaqueline/udemy_ws/src/install/franka_description/share/franka_description//robots/panda/joint_limits.yaml
[1.348s] -- Up-to-date: /home/jaqueline/udemy_ws/src/install/franka_description/share/franka_description//robots/panda/build
[1.350s] -- Up-to-date: /home/jaqueline/udemy_ws/src/install/franka_description/share/franka_description//robots/panda/build/.built_by
[1.350s] -- Up-to-date: /home/jaqueline/udemy_ws/src/install/franka_description/share/franka_description//robots/panda/build/COLCON_IGNORE
[1.351s] -- Up-to-date: /home/jaqueline/udemy_ws/src/install/franka_description/share/franka_description//robots/dual_panda
[1.352s] -- Up-to-date: /home/jaqueline/udemy_ws/src/install/franka_description/share/franka_description//robots/dual_panda/dual_panda_example.urdf.xacro
[1.352s] -- Up-to-date: /home/jaqueline/udemy_ws/src/install/franka_description/share/franka_description//meshes
[1.352s] -- Up-to-date: /home/jaqueline/udemy_ws/src/install/franka_description/share/franka_description//meshes/collision
[1.354s] -- Up-to-date: /home/jaqueline/udemy_ws/src/install/franka_description/share/franka_description//meshes/collision/link2.stl
[1.355s] -- Up-to-date: /home/jaqueline/udemy_ws/src/install/franka_description/share/franka_description//meshes/collision/link5.stl
[1.355s] -- Up-to-date: /home/jaqueline/udemy_ws/src/install/franka_description/share/franka_description//meshes/collision/link3.stl
[1.355s] -- Up-to-date: /home/jaqueline/udemy_ws/src/install/franka_description/share/franka_description//meshes/collision/link4.stl
[1.356s] -- Up-to-date: /home/jaqueline/udemy_ws/src/install/franka_description/share/franka_description//meshes/collision/hand.stl
[1.356s] -- Up-to-date: /home/jaqueline/udemy_ws/src/install/franka_description/share/franka_description//meshes/collision/link0.stl
[1.356s] -- Up-to-date: /home/jaqueline/udemy_ws/src/install/franka_description/share/franka_description//meshes/collision/link1.stl
[1.356s] -- Up-to-date: /home/jaqueline/udemy_ws/src/install/franka_description/share/franka_description//meshes/collision/link7.stl
[1.356s] -- Up-to-date: /home/jaqueline/udemy_ws/src/install/franka_description/share/franka_description//meshes/collision/link6.stl
[1.357s] -- Up-to-date: /home/jaqueline/udemy_ws/src/install/franka_description/share/franka_description//meshes/visual
[1.359s] -- Up-to-date: /home/jaqueline/udemy_ws/src/install/franka_description/share/franka_description//meshes/visual/link5.dae
[1.365s] -- Up-to-date: /home/jaqueline/udemy_ws/src/install/franka_description/share/franka_description//meshes/visual/link6.dae
[1.367s] -- Up-to-date: /home/jaqueline/udemy_ws/src/install/franka_description/share/franka_description//meshes/visual/link2.dae
[1.368s] -- Up-to-date: /home/jaqueline/udemy_ws/src/install/franka_description/share/franka_description//meshes/visual/link7.dae
[1.369s] -- Up-to-date: /home/jaqueline/udemy_ws/src/install/franka_description/share/franka_description//meshes/visual/link0.dae
[1.370s] -- Up-to-date: /home/jaqueline/udemy_ws/src/install/franka_description/share/franka_description//meshes/visual/link4.dae
[1.370s] -- Up-to-date: /home/jaqueline/udemy_ws/src/install/franka_description/share/franka_description//meshes/visual/hand.dae
[1.373s] -- Up-to-date: /home/jaqueline/udemy_ws/src/install/franka_description/share/franka_description//meshes/visual/finger.dae
[1.374s] -- Up-to-date: /home/jaqueline/udemy_ws/src/install/franka_description/share/franka_description//meshes/visual/link1.dae
[1.375s] -- Up-to-date: /home/jaqueline/udemy_ws/src/install/franka_description/share/franka_description//meshes/visual/link3.dae
[1.378s] -- Up-to-date: /home/jaqueline/udemy_ws/src/install/franka_description/share/franka_description//rviz
[1.387s] -- Up-to-date: /home/jaqueline/udemy_ws/src/install/franka_description/share/franka_description//rviz/visualize_franka.rviz
[1.389s] -- Up-to-date: /home/jaqueline/udemy_ws/src/install/franka_description/share/ament_index/resource_index/package_run_dependencies/franka_description
[1.389s] -- Up-to-date: /home/jaqueline/udemy_ws/src/install/franka_description/share/ament_index/resource_index/parent_prefix_path/franka_description
[1.389s] -- Up-to-date: /home/jaqueline/udemy_ws/src/install/franka_description/share/franka_description/environment/ament_prefix_path.sh
[1.389s] -- Up-to-date: /home/jaqueline/udemy_ws/src/install/franka_description/share/franka_description/environment/ament_prefix_path.dsv
[1.390s] -- Up-to-date: /home/jaqueline/udemy_ws/src/install/franka_description/share/franka_description/environment/path.sh
[1.390s] -- Up-to-date: /home/jaqueline/udemy_ws/src/install/franka_description/share/franka_description/environment/path.dsv
[1.390s] -- Up-to-date: /home/jaqueline/udemy_ws/src/install/franka_description/share/franka_description/local_setup.bash
[1.390s] -- Up-to-date: /home/jaqueline/udemy_ws/src/install/franka_description/share/franka_description/local_setup.sh
[1.390s] -- Up-to-date: /home/jaqueline/udemy_ws/src/install/franka_description/share/franka_description/local_setup.zsh
[1.390s] -- Up-to-date: /home/jaqueline/udemy_ws/src/install/franka_description/share/franka_description/local_setup.dsv
[1.391s] -- Installing: /home/jaqueline/udemy_ws/src/install/franka_description/share/franka_description/package.dsv
[1.391s] -- Up-to-date: /home/jaqueline/udemy_ws/src/install/franka_description/share/ament_index/resource_index/packages/franka_description
[1.391s] -- Up-to-date: /home/jaqueline/udemy_ws/src/install/franka_description/share/franka_description/cmake/franka_descriptionConfig.cmake
[1.392s] -- Up-to-date: /home/jaqueline/udemy_ws/src/install/franka_description/share/franka_description/cmake/franka_descriptionConfig-version.cmake
[1.394s] -- Up-to-date: /home/jaqueline/udemy_ws/src/install/franka_description/share/franka_description/package.xml
[1.397s] Invoked command in '/home/jaqueline/udemy_ws/src/build/franka_description' returned '0': CMAKE_PREFIX_PATH=/opt/ros/humble /usr/bin/cmake --install /home/jaqueline/udemy_ws/src/build/franka_description
