[0.881s] Invoking command in '/home/jaqueline/udemy_ws/src/robotic_arms_control': PYTHONPATH=/home/jaqueline/udemy_ws/src/build/robotic_arms_control/prefix_override:/usr/lib/python3/dist-packages/colcon_core/task/python/colcon_distutils_commands:/home/jaqueline/udemy_ws/src/install/robotic_arms_control/lib/python3.10/site-packages:${PYTHONPATH} /usr/bin/python3 -W ignore:setup.py install is deprecated -W ignore:easy_install command is deprecated setup.py egg_info --egg-base ../build/robotic_arms_control build --build-base /home/jaqueline/udemy_ws/src/build/robotic_arms_control/build install --record /home/jaqueline/udemy_ws/src/build/robotic_arms_control/install.log --single-version-externally-managed install_data
[1.240s] running egg_info
[1.241s] creating ../build/robotic_arms_control/robotic_arms_control.egg-info
[1.241s] writing ../build/robotic_arms_control/robotic_arms_control.egg-info/PKG-INFO
[1.241s] writing dependency_links to ../build/robotic_arms_control/robotic_arms_control.egg-info/dependency_links.txt
[1.241s] writing entry points to ../build/robotic_arms_control/robotic_arms_control.egg-info/entry_points.txt
[1.242s] writing requirements to ../build/robotic_arms_control/robotic_arms_control.egg-info/requires.txt
[1.242s] writing top-level names to ../build/robotic_arms_control/robotic_arms_control.egg-info/top_level.txt
[1.242s] writing manifest file '../build/robotic_arms_control/robotic_arms_control.egg-info/SOURCES.txt'
[1.244s] reading manifest file '../build/robotic_arms_control/robotic_arms_control.egg-info/SOURCES.txt'
[1.245s] writing manifest file '../build/robotic_arms_control/robotic_arms_control.egg-info/SOURCES.txt'
[1.245s] running build
[1.245s] running build_py
[1.245s] creating /home/jaqueline/udemy_ws/src/build/robotic_arms_control/build
[1.246s] creating /home/jaqueline/udemy_ws/src/build/robotic_arms_control/build/lib
[1.246s] creating /home/jaqueline/udemy_ws/src/build/robotic_arms_control/build/lib/robotic_arms_control
[1.246s] copying robotic_arms_control/__init__.py -> /home/jaqueline/udemy_ws/src/build/robotic_arms_control/build/lib/robotic_arms_control
[1.246s] copying robotic_arms_control/transform_publisher.py -> /home/jaqueline/udemy_ws/src/build/robotic_arms_control/build/lib/robotic_arms_control
[1.246s] running install
[1.247s] running install_lib
[1.247s] creating /home/jaqueline/udemy_ws/src/install/robotic_arms_control/lib/python3.10/site-packages/robotic_arms_control
[1.248s] copying /home/jaqueline/udemy_ws/src/build/robotic_arms_control/build/lib/robotic_arms_control/__init__.py -> /home/jaqueline/udemy_ws/src/install/robotic_arms_control/lib/python3.10/site-packages/robotic_arms_control
[1.248s] copying /home/jaqueline/udemy_ws/src/build/robotic_arms_control/build/lib/robotic_arms_control/transform_publisher.py -> /home/jaqueline/udemy_ws/src/install/robotic_arms_control/lib/python3.10/site-packages/robotic_arms_control
[1.248s] byte-compiling /home/jaqueline/udemy_ws/src/install/robotic_arms_control/lib/python3.10/site-packages/robotic_arms_control/__init__.py to __init__.cpython-310.pyc
[1.249s] byte-compiling /home/jaqueline/udemy_ws/src/install/robotic_arms_control/lib/python3.10/site-packages/robotic_arms_control/transform_publisher.py to transform_publisher.cpython-310.pyc
[1.249s] running install_data
[1.250s] creating /home/jaqueline/udemy_ws/src/install/robotic_arms_control/share/ament_index
[1.250s] creating /home/jaqueline/udemy_ws/src/install/robotic_arms_control/share/ament_index/resource_index
[1.250s] creating /home/jaqueline/udemy_ws/src/install/robotic_arms_control/share/ament_index/resource_index/packages
[1.250s] error: can't copy 'resource/robotic_arms_control': doesn't exist or not a regular file
[1.274s] Invoked command in '/home/jaqueline/udemy_ws/src/robotic_arms_control' returned '1': PYTHONPATH=/home/jaqueline/udemy_ws/src/build/robotic_arms_control/prefix_override:/usr/lib/python3/dist-packages/colcon_core/task/python/colcon_distutils_commands:/home/jaqueline/udemy_ws/src/install/robotic_arms_control/lib/python3.10/site-packages:${PYTHONPATH} /usr/bin/python3 -W ignore:setup.py install is deprecated -W ignore:easy_install command is deprecated setup.py egg_info --egg-base ../build/robotic_arms_control build --build-base /home/jaqueline/udemy_ws/src/build/robotic_arms_control/build install --record /home/jaqueline/udemy_ws/src/build/robotic_arms_control/install.log --single-version-externally-managed install_data
