[0.238s] DEBUG:colcon:Command line arguments: ['/usr/bin/colcon', 'build']
[0.238s] DEBUG:colcon:Parsed command line arguments: Namespace(log_base=None, log_level=None, verb_name='build', build_base='build', install_base='install', merge_install=False, symlink_install=False, test_result_base=None, continue_on_error=False, executor='parallel', parallel_workers=8, event_handlers=None, ignore_user_meta=False, metas=['./colcon.meta'], base_paths=['.'], packages_ignore=None, packages_ignore_regex=None, paths=None, packages_up_to=None, packages_up_to_regex=None, packages_above=None, packages_above_and_dependencies=None, packages_above_depth=None, packages_select_by_dep=None, packages_skip_by_dep=None, packages_skip_up_to=None, packages_select_build_failed=False, packages_skip_build_finished=False, packages_select_test_failures=False, packages_skip_test_passed=False, packages_select=None, packages_skip=None, packages_select_regex=None, packages_skip_regex=None, packages_start=None, packages_end=None, allow_overriding=[], cmake_args=None, cmake_target=None, cmake_target_skip_unavailable=False, cmake_clean_cache=False, cmake_clean_first=False, cmake_force_configure=False, ament_cmake_args=None, catkin_cmake_args=None, catkin_skip_building_tests=False, mixin_files=None, mixin=None, verb_parser=<colcon_mixin.mixin.mixin_argument.MixinArgumentDecorator object at 0x72555e755360>, verb_extension=<colcon_core.verb.build.BuildVerb object at 0x72555e754ca0>, main=<bound method BuildVerb.main of <colcon_core.verb.build.BuildVerb object at 0x72555e754ca0>>, mixin_verb=('build',))
[0.616s] Level 1:colcon.colcon_core.package_discovery:discover_packages(colcon_meta) check parameters
[0.617s] Level 1:colcon.colcon_core.package_discovery:discover_packages(recursive) check parameters
[0.617s] Level 1:colcon.colcon_core.package_discovery:discover_packages(ignore) check parameters
[0.617s] Level 1:colcon.colcon_core.package_discovery:discover_packages(path) check parameters
[0.617s] Level 1:colcon.colcon_core.package_discovery:discover_packages(colcon_meta) discover
[0.617s] Level 1:colcon.colcon_core.package_discovery:discover_packages(recursive) discover
[0.617s] INFO:colcon.colcon_core.package_discovery:Crawling recursively for packages in '/home/jaqueline/udemy_ws/src'
[0.618s] Level 1:colcon.colcon_core.package_identification:_identify(.) by extensions ['ignore', 'ignore_ament_install']
[0.618s] Level 1:colcon.colcon_core.package_identification:_identify(.) by extension 'ignore'
[0.618s] Level 1:colcon.colcon_core.package_identification:_identify(.) by extension 'ignore_ament_install'
[0.618s] Level 1:colcon.colcon_core.package_identification:_identify(.) by extensions ['colcon_pkg']
[0.618s] Level 1:colcon.colcon_core.package_identification:_identify(.) by extension 'colcon_pkg'
[0.618s] Level 1:colcon.colcon_core.package_identification:_identify(.) by extensions ['colcon_meta']
[0.618s] Level 1:colcon.colcon_core.package_identification:_identify(.) by extension 'colcon_meta'
[0.618s] Level 1:colcon.colcon_core.package_identification:_identify(.) by extensions ['ros']
[0.618s] Level 1:colcon.colcon_core.package_identification:_identify(.) by extension 'ros'
[0.638s] Level 1:colcon.colcon_core.package_identification:_identify(.) by extensions ['cmake', 'python']
[0.638s] Level 1:colcon.colcon_core.package_identification:_identify(.) by extension 'cmake'
[0.638s] Level 1:colcon.colcon_core.package_identification:_identify(.) by extension 'python'
[0.639s] Level 1:colcon.colcon_core.package_identification:_identify(.) by extensions ['python_setup_py']
[0.640s] Level 1:colcon.colcon_core.package_identification:_identify(.) by extension 'python_setup_py'
[0.642s] Level 1:colcon.colcon_core.package_identification:_identify(build) by extensions ['ignore', 'ignore_ament_install']
[0.644s] Level 1:colcon.colcon_core.package_identification:_identify(build) by extension 'ignore'
[0.644s] Level 1:colcon.colcon_core.package_identification:_identify(build) ignored
[0.645s] Level 1:colcon.colcon_core.package_identification:_identify(franka_description) by extensions ['ignore', 'ignore_ament_install']
[0.645s] Level 1:colcon.colcon_core.package_identification:_identify(franka_description) by extension 'ignore'
[0.645s] Level 1:colcon.colcon_core.package_identification:_identify(franka_description) by extension 'ignore_ament_install'
[0.645s] Level 1:colcon.colcon_core.package_identification:_identify(franka_description) by extensions ['colcon_pkg']
[0.645s] Level 1:colcon.colcon_core.package_identification:_identify(franka_description) by extension 'colcon_pkg'
[0.645s] Level 1:colcon.colcon_core.package_identification:_identify(franka_description) by extensions ['colcon_meta']
[0.645s] Level 1:colcon.colcon_core.package_identification:_identify(franka_description) by extension 'colcon_meta'
[0.646s] Level 1:colcon.colcon_core.package_identification:_identify(franka_description) by extensions ['ros']
[0.646s] Level 1:colcon.colcon_core.package_identification:_identify(franka_description) by extension 'ros'
[0.651s] DEBUG:colcon.colcon_core.package_identification:Package 'franka_description' with type 'ros.ament_cmake' and name 'franka_description'
[0.651s] Level 1:colcon.colcon_core.package_identification:_identify(install) by extensions ['ignore', 'ignore_ament_install']
[0.651s] Level 1:colcon.colcon_core.package_identification:_identify(install) by extension 'ignore'
[0.651s] Level 1:colcon.colcon_core.package_identification:_identify(install) ignored
[0.651s] Level 1:colcon.colcon_core.package_identification:_identify(log) by extensions ['ignore', 'ignore_ament_install']
[0.651s] Level 1:colcon.colcon_core.package_identification:_identify(log) by extension 'ignore'
[0.651s] Level 1:colcon.colcon_core.package_identification:_identify(log) ignored
[0.651s] Level 1:colcon.colcon_core.package_identification:_identify(robotic_arms_control) by extensions ['ignore', 'ignore_ament_install']
[0.651s] Level 1:colcon.colcon_core.package_identification:_identify(robotic_arms_control) by extension 'ignore'
[0.652s] Level 1:colcon.colcon_core.package_identification:_identify(robotic_arms_control) by extension 'ignore_ament_install'
[0.652s] Level 1:colcon.colcon_core.package_identification:_identify(robotic_arms_control) by extensions ['colcon_pkg']
[0.652s] Level 1:colcon.colcon_core.package_identification:_identify(robotic_arms_control) by extension 'colcon_pkg'
[0.652s] Level 1:colcon.colcon_core.package_identification:_identify(robotic_arms_control) by extensions ['colcon_meta']
[0.652s] Level 1:colcon.colcon_core.package_identification:_identify(robotic_arms_control) by extension 'colcon_meta'
[0.652s] Level 1:colcon.colcon_core.package_identification:_identify(robotic_arms_control) by extensions ['ros']
[0.652s] Level 1:colcon.colcon_core.package_identification:_identify(robotic_arms_control) by extension 'ros'
[0.652s] DEBUG:colcon.colcon_core.package_identification:Package 'robotic_arms_control' with type 'ros.ament_python' and name 'robotic_arms_control'
[0.652s] Level 1:colcon.colcon_core.package_discovery:discover_packages(recursive) using defaults
[0.652s] Level 1:colcon.colcon_core.package_discovery:discover_packages(ignore) discover
[0.652s] Level 1:colcon.colcon_core.package_discovery:discover_packages(ignore) using defaults
[0.652s] Level 1:colcon.colcon_core.package_discovery:discover_packages(path) discover
[0.652s] Level 1:colcon.colcon_core.package_discovery:discover_packages(path) using defaults
[0.731s] Level 1:colcon.colcon_core.package_discovery:discover_packages(prefix_path) check parameters
[0.731s] Level 1:colcon.colcon_core.package_discovery:discover_packages(prefix_path) discover
[0.734s] DEBUG:colcon.colcon_installed_package_information.package_discovery:Found 337 installed packages in /opt/ros/humble
[0.742s] Level 1:colcon.colcon_core.package_discovery:discover_packages(prefix_path) using defaults
[0.885s] Level 5:colcon.colcon_core.verb:set package 'franka_description' build argument 'cmake_args' from command line to 'None'
[0.885s] Level 5:colcon.colcon_core.verb:set package 'franka_description' build argument 'cmake_target' from command line to 'None'
[0.886s] Level 5:colcon.colcon_core.verb:set package 'franka_description' build argument 'cmake_target_skip_unavailable' from command line to 'False'
[0.886s] Level 5:colcon.colcon_core.verb:set package 'franka_description' build argument 'cmake_clean_cache' from command line to 'False'
[0.886s] Level 5:colcon.colcon_core.verb:set package 'franka_description' build argument 'cmake_clean_first' from command line to 'False'
[0.886s] Level 5:colcon.colcon_core.verb:set package 'franka_description' build argument 'cmake_force_configure' from command line to 'False'
[0.886s] Level 5:colcon.colcon_core.verb:set package 'franka_description' build argument 'ament_cmake_args' from command line to 'None'
[0.886s] Level 5:colcon.colcon_core.verb:set package 'franka_description' build argument 'catkin_cmake_args' from command line to 'None'
[0.886s] Level 5:colcon.colcon_core.verb:set package 'franka_description' build argument 'catkin_skip_building_tests' from command line to 'False'
[0.886s] DEBUG:colcon.colcon_core.verb:Building package 'franka_description' with the following arguments: {'ament_cmake_args': None, 'build_base': '/home/jaqueline/udemy_ws/src/build/franka_description', 'catkin_cmake_args': None, 'catkin_skip_building_tests': False, 'cmake_args': None, 'cmake_clean_cache': False, 'cmake_clean_first': False, 'cmake_force_configure': False, 'cmake_target': None, 'cmake_target_skip_unavailable': False, 'install_base': '/home/jaqueline/udemy_ws/src/install/franka_description', 'merge_install': False, 'path': '/home/jaqueline/udemy_ws/src/franka_description', 'symlink_install': False, 'test_result_base': None}
[0.889s] Level 5:colcon.colcon_core.verb:set package 'robotic_arms_control' build argument 'cmake_args' from command line to 'None'
[0.890s] Level 5:colcon.colcon_core.verb:set package 'robotic_arms_control' build argument 'cmake_target' from command line to 'None'
[0.890s] Level 5:colcon.colcon_core.verb:set package 'robotic_arms_control' build argument 'cmake_target_skip_unavailable' from command line to 'False'
[0.890s] Level 5:colcon.colcon_core.verb:set package 'robotic_arms_control' build argument 'cmake_clean_cache' from command line to 'False'
[0.890s] Level 5:colcon.colcon_core.verb:set package 'robotic_arms_control' build argument 'cmake_clean_first' from command line to 'False'
[0.891s] Level 5:colcon.colcon_core.verb:set package 'robotic_arms_control' build argument 'cmake_force_configure' from command line to 'False'
[0.891s] Level 5:colcon.colcon_core.verb:set package 'robotic_arms_control' build argument 'ament_cmake_args' from command line to 'None'
[0.891s] Level 5:colcon.colcon_core.verb:set package 'robotic_arms_control' build argument 'catkin_cmake_args' from command line to 'None'
[0.891s] Level 5:colcon.colcon_core.verb:set package 'robotic_arms_control' build argument 'catkin_skip_building_tests' from command line to 'False'
[0.891s] DEBUG:colcon.colcon_core.verb:Building package 'robotic_arms_control' with the following arguments: {'ament_cmake_args': None, 'build_base': '/home/jaqueline/udemy_ws/src/build/robotic_arms_control', 'catkin_cmake_args': None, 'catkin_skip_building_tests': False, 'cmake_args': None, 'cmake_clean_cache': False, 'cmake_clean_first': False, 'cmake_force_configure': False, 'cmake_target': None, 'cmake_target_skip_unavailable': False, 'install_base': '/home/jaqueline/udemy_ws/src/install/robotic_arms_control', 'merge_install': False, 'path': '/home/jaqueline/udemy_ws/src/robotic_arms_control', 'symlink_install': False, 'test_result_base': None}
[0.892s] INFO:colcon.colcon_core.executor:Executing jobs using 'parallel' executor
[0.894s] DEBUG:colcon.colcon_parallel_executor.executor.parallel:run_until_complete
[0.894s] INFO:colcon.colcon_ros.task.ament_cmake.build:Building ROS package in '/home/jaqueline/udemy_ws/src/franka_description' with build type 'ament_cmake'
[0.895s] INFO:colcon.colcon_cmake.task.cmake.build:Building CMake package in '/home/jaqueline/udemy_ws/src/franka_description'
[0.900s] INFO:colcon.colcon_core.plugin_system:Skipping extension 'colcon_core.shell.bat': Not used on non-Windows systems
[0.903s] INFO:colcon.colcon_core.shell:Skip shell extension 'powershell' for command environment: Not usable outside of PowerShell
[0.904s] DEBUG:colcon.colcon_core.shell:Skip shell extension 'dsv' for command environment
[0.917s] INFO:colcon.colcon_ros.task.ament_python.build:Building ROS package in '/home/jaqueline/udemy_ws/src/robotic_arms_control' with build type 'ament_python'
[0.917s] Level 1:colcon.colcon_core.shell:create_environment_hook('robotic_arms_control', 'ament_prefix_path')
[0.919s] INFO:colcon.colcon_core.shell:Creating environment hook '/home/jaqueline/udemy_ws/src/install/robotic_arms_control/share/robotic_arms_control/hook/ament_prefix_path.ps1'
[0.927s] INFO:colcon.colcon_core.shell:Creating environment descriptor '/home/jaqueline/udemy_ws/src/install/robotic_arms_control/share/robotic_arms_control/hook/ament_prefix_path.dsv'
[0.930s] INFO:colcon.colcon_core.shell:Creating environment hook '/home/jaqueline/udemy_ws/src/install/robotic_arms_control/share/robotic_arms_control/hook/ament_prefix_path.sh'
[0.934s] INFO:colcon.colcon_core.shell:Skip shell extension 'powershell' for command environment: Not usable outside of PowerShell
[0.934s] DEBUG:colcon.colcon_core.shell:Skip shell extension 'dsv' for command environment
[0.988s] DEBUG:colcon.colcon_core.event_handler.log_command:Invoking command in '/home/jaqueline/udemy_ws/src/build/franka_description': CMAKE_PREFIX_PATH=/opt/ros/humble /usr/bin/cmake --build /home/jaqueline/udemy_ws/src/build/franka_description -- -j8 -l8
[2.217s] INFO:colcon.colcon_core.task.python.build:Building Python package in '/home/jaqueline/udemy_ws/src/robotic_arms_control'
[2.219s] INFO:colcon.colcon_core.shell:Skip shell extension 'powershell' for command environment: Not usable outside of PowerShell
[2.219s] DEBUG:colcon.colcon_core.shell:Skip shell extension 'dsv' for command environment
[2.227s] DEBUG:colcon.colcon_core.event_handler.log_command:Invoked command in '/home/jaqueline/udemy_ws/src/build/franka_description' returned '0': CMAKE_PREFIX_PATH=/opt/ros/humble /usr/bin/cmake --build /home/jaqueline/udemy_ws/src/build/franka_description -- -j8 -l8
[2.273s] DEBUG:colcon.colcon_core.event_handler.log_command:Invoking command in '/home/jaqueline/udemy_ws/src/build/franka_description': CMAKE_PREFIX_PATH=/opt/ros/humble /usr/bin/cmake --install /home/jaqueline/udemy_ws/src/build/franka_description
[2.319s] Level 1:colcon.colcon_core.environment:create_environment_scripts_only(franka_description)
[2.366s] Level 1:colcon.colcon_core.environment:checking '/home/jaqueline/udemy_ws/src/install/franka_description' for CMake module files
[2.373s] DEBUG:colcon.colcon_core.event_handler.log_command:Invoked command in '/home/jaqueline/udemy_ws/src/build/franka_description' returned '0': CMAKE_PREFIX_PATH=/opt/ros/humble /usr/bin/cmake --install /home/jaqueline/udemy_ws/src/build/franka_description
[2.377s] Level 1:colcon.colcon_core.environment:checking '/home/jaqueline/udemy_ws/src/install/franka_description' for CMake config files
[2.378s] Level 1:colcon.colcon_core.shell:create_environment_hook('franka_description', 'cmake_prefix_path')
[2.379s] INFO:colcon.colcon_core.shell:Creating environment hook '/home/jaqueline/udemy_ws/src/install/franka_description/share/franka_description/hook/cmake_prefix_path.ps1'
[2.382s] INFO:colcon.colcon_core.shell:Creating environment descriptor '/home/jaqueline/udemy_ws/src/install/franka_description/share/franka_description/hook/cmake_prefix_path.dsv'
[2.385s] INFO:colcon.colcon_core.shell:Creating environment hook '/home/jaqueline/udemy_ws/src/install/franka_description/share/franka_description/hook/cmake_prefix_path.sh'
[2.388s] Level 1:colcon.colcon_core.environment:checking '/home/jaqueline/udemy_ws/src/install/franka_description/bin'
[2.389s] Level 1:colcon.colcon_core.environment:checking '/home/jaqueline/udemy_ws/src/install/franka_description/lib/pkgconfig/franka_description.pc'
[2.393s] Level 1:colcon.colcon_core.environment:checking '/home/jaqueline/udemy_ws/src/install/franka_description/lib/python3.10/site-packages'
[2.396s] Level 1:colcon.colcon_core.environment:checking '/home/jaqueline/udemy_ws/src/install/franka_description/bin'
[2.398s] INFO:colcon.colcon_core.shell:Creating package script '/home/jaqueline/udemy_ws/src/install/franka_description/share/franka_description/package.ps1'
[2.402s] INFO:colcon.colcon_core.shell:Creating package descriptor '/home/jaqueline/udemy_ws/src/install/franka_description/share/franka_description/package.dsv'
[2.407s] INFO:colcon.colcon_core.shell:Creating package script '/home/jaqueline/udemy_ws/src/install/franka_description/share/franka_description/package.sh'
[2.413s] INFO:colcon.colcon_core.shell:Creating package script '/home/jaqueline/udemy_ws/src/install/franka_description/share/franka_description/package.bash'
[2.417s] INFO:colcon.colcon_core.shell:Creating package script '/home/jaqueline/udemy_ws/src/install/franka_description/share/franka_description/package.zsh'
[2.421s] Level 1:colcon.colcon_core.environment:create_file_with_runtime_dependencies(/home/jaqueline/udemy_ws/src/install/franka_description/share/colcon-core/packages/franka_description)
[2.429s] Level 1:colcon.colcon_core.environment:create_environment_scripts_only(franka_description)
[2.431s] Level 1:colcon.colcon_core.environment:checking '/home/jaqueline/udemy_ws/src/install/franka_description' for CMake module files
[2.433s] Level 1:colcon.colcon_core.environment:checking '/home/jaqueline/udemy_ws/src/install/franka_description' for CMake config files
[2.435s] Level 1:colcon.colcon_core.shell:create_environment_hook('franka_description', 'cmake_prefix_path')
[2.438s] INFO:colcon.colcon_core.shell:Creating environment hook '/home/jaqueline/udemy_ws/src/install/franka_description/share/franka_description/hook/cmake_prefix_path.ps1'
[2.441s] INFO:colcon.colcon_core.shell:Creating environment descriptor '/home/jaqueline/udemy_ws/src/install/franka_description/share/franka_description/hook/cmake_prefix_path.dsv'
[2.444s] INFO:colcon.colcon_core.shell:Creating environment hook '/home/jaqueline/udemy_ws/src/install/franka_description/share/franka_description/hook/cmake_prefix_path.sh'
[2.447s] Level 1:colcon.colcon_core.environment:checking '/home/jaqueline/udemy_ws/src/install/franka_description/bin'
[2.447s] Level 1:colcon.colcon_core.environment:checking '/home/jaqueline/udemy_ws/src/install/franka_description/lib/pkgconfig/franka_description.pc'
[2.448s] Level 1:colcon.colcon_core.environment:checking '/home/jaqueline/udemy_ws/src/install/franka_description/lib/python3.10/site-packages'
[2.449s] Level 1:colcon.colcon_core.environment:checking '/home/jaqueline/udemy_ws/src/install/franka_description/bin'
[2.451s] INFO:colcon.colcon_core.shell:Creating package script '/home/jaqueline/udemy_ws/src/install/franka_description/share/franka_description/package.ps1'
[2.457s] INFO:colcon.colcon_core.shell:Creating package descriptor '/home/jaqueline/udemy_ws/src/install/franka_description/share/franka_description/package.dsv'
[2.460s] INFO:colcon.colcon_core.shell:Creating package script '/home/jaqueline/udemy_ws/src/install/franka_description/share/franka_description/package.sh'
[2.462s] INFO:colcon.colcon_core.shell:Creating package script '/home/jaqueline/udemy_ws/src/install/franka_description/share/franka_description/package.bash'
[2.465s] INFO:colcon.colcon_core.shell:Creating package script '/home/jaqueline/udemy_ws/src/install/franka_description/share/franka_description/package.zsh'
[2.467s] Level 1:colcon.colcon_core.environment:create_file_with_runtime_dependencies(/home/jaqueline/udemy_ws/src/install/franka_description/share/colcon-core/packages/franka_description)
[4.318s] DEBUG:colcon.colcon_core.event_handler.log_command:Invoking command in '/home/jaqueline/udemy_ws/src/robotic_arms_control': PYTHONPATH=/home/jaqueline/udemy_ws/src/build/robotic_arms_control/prefix_override:/usr/lib/python3/dist-packages/colcon_core/task/python/colcon_distutils_commands:/home/jaqueline/udemy_ws/src/install/robotic_arms_control/lib/python3.10/site-packages:${PYTHONPATH} /usr/bin/python3 -W ignore:setup.py install is deprecated -W ignore:easy_install command is deprecated setup.py egg_info --egg-base ../build/robotic_arms_control build --build-base /home/jaqueline/udemy_ws/src/build/robotic_arms_control/build install --record /home/jaqueline/udemy_ws/src/build/robotic_arms_control/install.log --single-version-externally-managed install_data
[5.663s] Level 1:colcon.colcon_core.environment:checking '/home/jaqueline/udemy_ws/src/install/robotic_arms_control' for CMake module files
[5.665s] DEBUG:colcon.colcon_core.event_handler.log_command:Invoked command in '/home/jaqueline/udemy_ws/src/robotic_arms_control' returned '0': PYTHONPATH=/home/jaqueline/udemy_ws/src/build/robotic_arms_control/prefix_override:/usr/lib/python3/dist-packages/colcon_core/task/python/colcon_distutils_commands:/home/jaqueline/udemy_ws/src/install/robotic_arms_control/lib/python3.10/site-packages:${PYTHONPATH} /usr/bin/python3 -W ignore:setup.py install is deprecated -W ignore:easy_install command is deprecated setup.py egg_info --egg-base ../build/robotic_arms_control build --build-base /home/jaqueline/udemy_ws/src/build/robotic_arms_control/build install --record /home/jaqueline/udemy_ws/src/build/robotic_arms_control/install.log --single-version-externally-managed install_data
[5.666s] Level 1:colcon.colcon_core.environment:checking '/home/jaqueline/udemy_ws/src/install/robotic_arms_control' for CMake config files
[5.669s] Level 1:colcon.colcon_core.environment:checking '/home/jaqueline/udemy_ws/src/install/robotic_arms_control/lib'
[5.670s] Level 1:colcon.colcon_core.environment:checking '/home/jaqueline/udemy_ws/src/install/robotic_arms_control/bin'
[5.670s] Level 1:colcon.colcon_core.environment:checking '/home/jaqueline/udemy_ws/src/install/robotic_arms_control/lib/pkgconfig/robotic_arms_control.pc'
[5.670s] Level 1:colcon.colcon_core.environment:checking '/home/jaqueline/udemy_ws/src/install/robotic_arms_control/lib/python3.10/site-packages'
[5.670s] Level 1:colcon.colcon_core.shell:create_environment_hook('robotic_arms_control', 'pythonpath')
[5.671s] INFO:colcon.colcon_core.shell:Creating environment hook '/home/jaqueline/udemy_ws/src/install/robotic_arms_control/share/robotic_arms_control/hook/pythonpath.ps1'
[5.671s] INFO:colcon.colcon_core.shell:Creating environment descriptor '/home/jaqueline/udemy_ws/src/install/robotic_arms_control/share/robotic_arms_control/hook/pythonpath.dsv'
[5.672s] INFO:colcon.colcon_core.shell:Creating environment hook '/home/jaqueline/udemy_ws/src/install/robotic_arms_control/share/robotic_arms_control/hook/pythonpath.sh'
[5.675s] Level 1:colcon.colcon_core.environment:checking '/home/jaqueline/udemy_ws/src/install/robotic_arms_control/bin'
[5.675s] Level 1:colcon.colcon_core.environment:create_environment_scripts_only(robotic_arms_control)
[5.678s] INFO:colcon.colcon_core.shell:Creating package script '/home/jaqueline/udemy_ws/src/install/robotic_arms_control/share/robotic_arms_control/package.ps1'
[5.682s] INFO:colcon.colcon_core.shell:Creating package descriptor '/home/jaqueline/udemy_ws/src/install/robotic_arms_control/share/robotic_arms_control/package.dsv'
[5.686s] INFO:colcon.colcon_core.shell:Creating package script '/home/jaqueline/udemy_ws/src/install/robotic_arms_control/share/robotic_arms_control/package.sh'
[5.690s] INFO:colcon.colcon_core.shell:Creating package script '/home/jaqueline/udemy_ws/src/install/robotic_arms_control/share/robotic_arms_control/package.bash'
[5.693s] INFO:colcon.colcon_core.shell:Creating package script '/home/jaqueline/udemy_ws/src/install/robotic_arms_control/share/robotic_arms_control/package.zsh'
[5.694s] Level 1:colcon.colcon_core.environment:create_file_with_runtime_dependencies(/home/jaqueline/udemy_ws/src/install/robotic_arms_control/share/colcon-core/packages/robotic_arms_control)
[5.696s] DEBUG:colcon.colcon_parallel_executor.executor.parallel:closing loop
[5.697s] DEBUG:colcon.colcon_parallel_executor.executor.parallel:loop closed
[5.698s] DEBUG:colcon.colcon_parallel_executor.executor.parallel:run_until_complete finished with '0'
[5.698s] DEBUG:colcon.colcon_core.event_reactor:joining thread
[5.729s] INFO:colcon.colcon_core.plugin_system:Skipping extension 'colcon_notification.desktop_notification.terminal_notifier': Not used on non-Darwin systems
[5.729s] INFO:colcon.colcon_core.plugin_system:Skipping extension 'colcon_notification.desktop_notification.win32': Not used on non-Windows systems
[5.730s] INFO:colcon.colcon_notification.desktop_notification:Sending desktop notification using 'notify2'
[5.805s] DEBUG:colcon.colcon_core.event_reactor:joined thread
[5.806s] INFO:colcon.colcon_core.shell:Creating prefix script '/home/jaqueline/udemy_ws/src/install/local_setup.ps1'
[5.810s] INFO:colcon.colcon_core.shell:Creating prefix util module '/home/jaqueline/udemy_ws/src/install/_local_setup_util_ps1.py'
[5.818s] INFO:colcon.colcon_core.shell:Creating prefix chain script '/home/jaqueline/udemy_ws/src/install/setup.ps1'
[5.823s] INFO:colcon.colcon_core.shell:Creating prefix script '/home/jaqueline/udemy_ws/src/install/local_setup.sh'
[5.825s] INFO:colcon.colcon_core.shell:Creating prefix util module '/home/jaqueline/udemy_ws/src/install/_local_setup_util_sh.py'
[5.827s] INFO:colcon.colcon_core.shell:Creating prefix chain script '/home/jaqueline/udemy_ws/src/install/setup.sh'
[5.836s] INFO:colcon.colcon_core.shell:Creating prefix script '/home/jaqueline/udemy_ws/src/install/local_setup.bash'
[5.839s] INFO:colcon.colcon_core.shell:Creating prefix chain script '/home/jaqueline/udemy_ws/src/install/setup.bash'
[5.842s] INFO:colcon.colcon_core.shell:Creating prefix script '/home/jaqueline/udemy_ws/src/install/local_setup.zsh'
[5.845s] INFO:colcon.colcon_core.shell:Creating prefix chain script '/home/jaqueline/udemy_ws/src/install/setup.zsh'
