[0.214s] DEBUG:colcon:Command line arguments: ['/usr/bin/colcon', 'build']
[0.214s] DEBUG:colcon:Parsed command line arguments: Namespace(log_base=None, log_level=None, verb_name='build', build_base='build', install_base='install', merge_install=False, symlink_install=False, test_result_base=None, continue_on_error=False, executor='parallel', parallel_workers=8, event_handlers=None, ignore_user_meta=False, metas=['./colcon.meta'], base_paths=['.'], packages_ignore=None, packages_ignore_regex=None, paths=None, packages_up_to=None, packages_up_to_regex=None, packages_above=None, packages_above_and_dependencies=None, packages_above_depth=None, packages_select_by_dep=None, packages_skip_by_dep=None, packages_skip_up_to=None, packages_select_build_failed=False, packages_skip_build_finished=False, packages_select_test_failures=False, packages_skip_test_passed=False, packages_select=None, packages_skip=None, packages_select_regex=None, packages_skip_regex=None, packages_start=None, packages_end=None, allow_overriding=[], cmake_args=None, cmake_target=None, cmake_target_skip_unavailable=False, cmake_clean_cache=False, cmake_clean_first=False, cmake_force_configure=False, ament_cmake_args=None, catkin_cmake_args=None, catkin_skip_building_tests=False, mixin_files=None, mixin=None, verb_parser=<colcon_mixin.mixin.mixin_argument.MixinArgumentDecorator object at 0x779c4a864cd0>, verb_extension=<colcon_core.verb.build.BuildVerb object at 0x779c4a864610>, main=<bound method BuildVerb.main of <colcon_core.verb.build.BuildVerb object at 0x779c4a864610>>, mixin_verb=('build',))
[0.555s] Level 1:colcon.colcon_core.package_discovery:discover_packages(colcon_meta) check parameters
[0.555s] Level 1:colcon.colcon_core.package_discovery:discover_packages(recursive) check parameters
[0.555s] Level 1:colcon.colcon_core.package_discovery:discover_packages(ignore) check parameters
[0.555s] Level 1:colcon.colcon_core.package_discovery:discover_packages(path) check parameters
[0.555s] Level 1:colcon.colcon_core.package_discovery:discover_packages(colcon_meta) discover
[0.555s] Level 1:colcon.colcon_core.package_discovery:discover_packages(recursive) discover
[0.555s] INFO:colcon.colcon_core.package_discovery:Crawling recursively for packages in '/home/jaqueline/udemy_ws'
[0.556s] Level 1:colcon.colcon_core.package_identification:_identify(.) by extensions ['ignore', 'ignore_ament_install']
[0.556s] Level 1:colcon.colcon_core.package_identification:_identify(.) by extension 'ignore'
[0.556s] Level 1:colcon.colcon_core.package_identification:_identify(.) by extension 'ignore_ament_install'
[0.556s] Level 1:colcon.colcon_core.package_identification:_identify(.) by extensions ['colcon_pkg']
[0.556s] Level 1:colcon.colcon_core.package_identification:_identify(.) by extension 'colcon_pkg'
[0.556s] Level 1:colcon.colcon_core.package_identification:_identify(.) by extensions ['colcon_meta']
[0.556s] Level 1:colcon.colcon_core.package_identification:_identify(.) by extension 'colcon_meta'
[0.556s] Level 1:colcon.colcon_core.package_identification:_identify(.) by extensions ['ros']
[0.556s] Level 1:colcon.colcon_core.package_identification:_identify(.) by extension 'ros'
[0.578s] Level 1:colcon.colcon_core.package_identification:_identify(.) by extensions ['cmake', 'python']
[0.578s] Level 1:colcon.colcon_core.package_identification:_identify(.) by extension 'cmake'
[0.578s] Level 1:colcon.colcon_core.package_identification:_identify(.) by extension 'python'
[0.578s] Level 1:colcon.colcon_core.package_identification:_identify(.) by extensions ['python_setup_py']
[0.578s] Level 1:colcon.colcon_core.package_identification:_identify(.) by extension 'python_setup_py'
[0.578s] Level 1:colcon.colcon_core.package_identification:_identify(build) by extensions ['ignore', 'ignore_ament_install']
[0.579s] Level 1:colcon.colcon_core.package_identification:_identify(build) by extension 'ignore'
[0.579s] Level 1:colcon.colcon_core.package_identification:_identify(build) ignored
[0.579s] Level 1:colcon.colcon_core.package_identification:_identify(install) by extensions ['ignore', 'ignore_ament_install']
[0.579s] Level 1:colcon.colcon_core.package_identification:_identify(install) by extension 'ignore'
[0.579s] Level 1:colcon.colcon_core.package_identification:_identify(install) ignored
[0.579s] Level 1:colcon.colcon_core.package_identification:_identify(log) by extensions ['ignore', 'ignore_ament_install']
[0.580s] Level 1:colcon.colcon_core.package_identification:_identify(log) by extension 'ignore'
[0.580s] Level 1:colcon.colcon_core.package_identification:_identify(log) ignored
[0.580s] Level 1:colcon.colcon_core.package_identification:_identify(src) by extensions ['ignore', 'ignore_ament_install']
[0.580s] Level 1:colcon.colcon_core.package_identification:_identify(src) by extension 'ignore'
[0.580s] Level 1:colcon.colcon_core.package_identification:_identify(src) by extension 'ignore_ament_install'
[0.580s] Level 1:colcon.colcon_core.package_identification:_identify(src) by extensions ['colcon_pkg']
[0.580s] Level 1:colcon.colcon_core.package_identification:_identify(src) by extension 'colcon_pkg'
[0.581s] Level 1:colcon.colcon_core.package_identification:_identify(src) by extensions ['colcon_meta']
[0.581s] Level 1:colcon.colcon_core.package_identification:_identify(src) by extension 'colcon_meta'
[0.581s] Level 1:colcon.colcon_core.package_identification:_identify(src) by extensions ['ros']
[0.581s] Level 1:colcon.colcon_core.package_identification:_identify(src) by extension 'ros'
[0.581s] Level 1:colcon.colcon_core.package_identification:_identify(src) by extensions ['cmake', 'python']
[0.581s] Level 1:colcon.colcon_core.package_identification:_identify(src) by extension 'cmake'
[0.581s] Level 1:colcon.colcon_core.package_identification:_identify(src) by extension 'python'
[0.581s] Level 1:colcon.colcon_core.package_identification:_identify(src) by extensions ['python_setup_py']
[0.581s] Level 1:colcon.colcon_core.package_identification:_identify(src) by extension 'python_setup_py'
[0.582s] Level 1:colcon.colcon_core.package_identification:_identify(src/robotic_arms_control) by extensions ['ignore', 'ignore_ament_install']
[0.582s] Level 1:colcon.colcon_core.package_identification:_identify(src/robotic_arms_control) by extension 'ignore'
[0.582s] Level 1:colcon.colcon_core.package_identification:_identify(src/robotic_arms_control) by extension 'ignore_ament_install'
[0.582s] Level 1:colcon.colcon_core.package_identification:_identify(src/robotic_arms_control) by extensions ['colcon_pkg']
[0.582s] Level 1:colcon.colcon_core.package_identification:_identify(src/robotic_arms_control) by extension 'colcon_pkg'
[0.582s] Level 1:colcon.colcon_core.package_identification:_identify(src/robotic_arms_control) by extensions ['colcon_meta']
[0.582s] Level 1:colcon.colcon_core.package_identification:_identify(src/robotic_arms_control) by extension 'colcon_meta'
[0.582s] Level 1:colcon.colcon_core.package_identification:_identify(src/robotic_arms_control) by extensions ['ros']
[0.583s] Level 1:colcon.colcon_core.package_identification:_identify(src/robotic_arms_control) by extension 'ros'
[0.592s] DEBUG:colcon.colcon_core.package_identification:Package 'src/robotic_arms_control' with type 'ros.ament_python' and name 'robotic_arms_control'
[0.592s] Level 1:colcon.colcon_core.package_discovery:discover_packages(recursive) using defaults
[0.593s] Level 1:colcon.colcon_core.package_discovery:discover_packages(ignore) discover
[0.593s] Level 1:colcon.colcon_core.package_discovery:discover_packages(ignore) using defaults
[0.593s] Level 1:colcon.colcon_core.package_discovery:discover_packages(path) discover
[0.593s] Level 1:colcon.colcon_core.package_discovery:discover_packages(path) using defaults
[0.659s] Level 1:colcon.colcon_core.package_discovery:discover_packages(prefix_path) check parameters
[0.659s] Level 1:colcon.colcon_core.package_discovery:discover_packages(prefix_path) discover
[0.665s] DEBUG:colcon.colcon_installed_package_information.package_discovery:Found 295 installed packages in /opt/ros/humble
[0.667s] Level 1:colcon.colcon_core.package_discovery:discover_packages(prefix_path) using defaults
[0.757s] Level 5:colcon.colcon_core.verb:set package 'robotic_arms_control' build argument 'cmake_args' from command line to 'None'
[0.757s] Level 5:colcon.colcon_core.verb:set package 'robotic_arms_control' build argument 'cmake_target' from command line to 'None'
[0.757s] Level 5:colcon.colcon_core.verb:set package 'robotic_arms_control' build argument 'cmake_target_skip_unavailable' from command line to 'False'
[0.757s] Level 5:colcon.colcon_core.verb:set package 'robotic_arms_control' build argument 'cmake_clean_cache' from command line to 'False'
[0.757s] Level 5:colcon.colcon_core.verb:set package 'robotic_arms_control' build argument 'cmake_clean_first' from command line to 'False'
[0.757s] Level 5:colcon.colcon_core.verb:set package 'robotic_arms_control' build argument 'cmake_force_configure' from command line to 'False'
[0.757s] Level 5:colcon.colcon_core.verb:set package 'robotic_arms_control' build argument 'ament_cmake_args' from command line to 'None'
[0.757s] Level 5:colcon.colcon_core.verb:set package 'robotic_arms_control' build argument 'catkin_cmake_args' from command line to 'None'
[0.757s] Level 5:colcon.colcon_core.verb:set package 'robotic_arms_control' build argument 'catkin_skip_building_tests' from command line to 'False'
[0.758s] DEBUG:colcon.colcon_core.verb:Building package 'robotic_arms_control' with the following arguments: {'ament_cmake_args': None, 'build_base': '/home/jaqueline/udemy_ws/build/robotic_arms_control', 'catkin_cmake_args': None, 'catkin_skip_building_tests': False, 'cmake_args': None, 'cmake_clean_cache': False, 'cmake_clean_first': False, 'cmake_force_configure': False, 'cmake_target': None, 'cmake_target_skip_unavailable': False, 'install_base': '/home/jaqueline/udemy_ws/install/robotic_arms_control', 'merge_install': False, 'path': '/home/jaqueline/udemy_ws/src/robotic_arms_control', 'symlink_install': False, 'test_result_base': None}
[0.758s] INFO:colcon.colcon_core.executor:Executing jobs using 'parallel' executor
[0.760s] DEBUG:colcon.colcon_parallel_executor.executor.parallel:run_until_complete
[0.760s] INFO:colcon.colcon_ros.task.ament_python.build:Building ROS package in '/home/jaqueline/udemy_ws/src/robotic_arms_control' with build type 'ament_python'
[0.760s] Level 1:colcon.colcon_core.shell:create_environment_hook('robotic_arms_control', 'ament_prefix_path')
[0.763s] INFO:colcon.colcon_core.plugin_system:Skipping extension 'colcon_core.shell.bat': Not used on non-Windows systems
[0.764s] INFO:colcon.colcon_core.shell:Creating environment hook '/home/jaqueline/udemy_ws/install/robotic_arms_control/share/robotic_arms_control/hook/ament_prefix_path.ps1'
[0.767s] INFO:colcon.colcon_core.shell:Creating environment descriptor '/home/jaqueline/udemy_ws/install/robotic_arms_control/share/robotic_arms_control/hook/ament_prefix_path.dsv'
[0.768s] INFO:colcon.colcon_core.shell:Creating environment hook '/home/jaqueline/udemy_ws/install/robotic_arms_control/share/robotic_arms_control/hook/ament_prefix_path.sh'
[0.769s] INFO:colcon.colcon_core.shell:Skip shell extension 'powershell' for command environment: Not usable outside of PowerShell
[0.769s] DEBUG:colcon.colcon_core.shell:Skip shell extension 'dsv' for command environment
[1.354s] INFO:colcon.colcon_core.task.python.build:Building Python package in '/home/jaqueline/udemy_ws/src/robotic_arms_control'
[1.355s] INFO:colcon.colcon_core.shell:Skip shell extension 'powershell' for command environment: Not usable outside of PowerShell
[1.355s] DEBUG:colcon.colcon_core.shell:Skip shell extension 'dsv' for command environment
[2.079s] DEBUG:colcon.colcon_core.event_handler.log_command:Invoking command in '/home/jaqueline/udemy_ws/src/robotic_arms_control': PYTHONPATH=/home/jaqueline/udemy_ws/build/robotic_arms_control/prefix_override:/usr/lib/python3/dist-packages/colcon_core/task/python/colcon_distutils_commands:/home/jaqueline/udemy_ws/install/robotic_arms_control/lib/python3.10/site-packages:${PYTHONPATH} /usr/bin/python3 -W ignore:setup.py install is deprecated -W ignore:easy_install command is deprecated setup.py egg_info --egg-base ../../build/robotic_arms_control build --build-base /home/jaqueline/udemy_ws/build/robotic_arms_control/build install --record /home/jaqueline/udemy_ws/build/robotic_arms_control/install.log --single-version-externally-managed install_data
[2.708s] DEBUG:colcon.colcon_core.event_handler.log_command:Invoked command in '/home/jaqueline/udemy_ws/src/robotic_arms_control' returned '0': PYTHONPATH=/home/jaqueline/udemy_ws/build/robotic_arms_control/prefix_override:/usr/lib/python3/dist-packages/colcon_core/task/python/colcon_distutils_commands:/home/jaqueline/udemy_ws/install/robotic_arms_control/lib/python3.10/site-packages:${PYTHONPATH} /usr/bin/python3 -W ignore:setup.py install is deprecated -W ignore:easy_install command is deprecated setup.py egg_info --egg-base ../../build/robotic_arms_control build --build-base /home/jaqueline/udemy_ws/build/robotic_arms_control/build install --record /home/jaqueline/udemy_ws/build/robotic_arms_control/install.log --single-version-externally-managed install_data
[2.718s] Level 1:colcon.colcon_core.environment:checking '/home/jaqueline/udemy_ws/install/robotic_arms_control' for CMake module files
[2.718s] Level 1:colcon.colcon_core.environment:checking '/home/jaqueline/udemy_ws/install/robotic_arms_control' for CMake config files
[2.719s] Level 1:colcon.colcon_core.environment:checking '/home/jaqueline/udemy_ws/install/robotic_arms_control/lib'
[2.720s] Level 1:colcon.colcon_core.environment:checking '/home/jaqueline/udemy_ws/install/robotic_arms_control/bin'
[2.720s] Level 1:colcon.colcon_core.environment:checking '/home/jaqueline/udemy_ws/install/robotic_arms_control/lib/pkgconfig/robotic_arms_control.pc'
[2.721s] Level 1:colcon.colcon_core.environment:checking '/home/jaqueline/udemy_ws/install/robotic_arms_control/lib/python3.10/site-packages'
[2.721s] Level 1:colcon.colcon_core.shell:create_environment_hook('robotic_arms_control', 'pythonpath')
[2.722s] INFO:colcon.colcon_core.shell:Creating environment hook '/home/jaqueline/udemy_ws/install/robotic_arms_control/share/robotic_arms_control/hook/pythonpath.ps1'
[2.724s] INFO:colcon.colcon_core.shell:Creating environment descriptor '/home/jaqueline/udemy_ws/install/robotic_arms_control/share/robotic_arms_control/hook/pythonpath.dsv'
[2.725s] INFO:colcon.colcon_core.shell:Creating environment hook '/home/jaqueline/udemy_ws/install/robotic_arms_control/share/robotic_arms_control/hook/pythonpath.sh'
[2.726s] Level 1:colcon.colcon_core.environment:checking '/home/jaqueline/udemy_ws/install/robotic_arms_control/bin'
[2.727s] Level 1:colcon.colcon_core.environment:create_environment_scripts_only(robotic_arms_control)
[2.727s] INFO:colcon.colcon_core.shell:Creating package script '/home/jaqueline/udemy_ws/install/robotic_arms_control/share/robotic_arms_control/package.ps1'
[2.730s] INFO:colcon.colcon_core.shell:Creating package descriptor '/home/jaqueline/udemy_ws/install/robotic_arms_control/share/robotic_arms_control/package.dsv'
[2.731s] INFO:colcon.colcon_core.shell:Creating package script '/home/jaqueline/udemy_ws/install/robotic_arms_control/share/robotic_arms_control/package.sh'
[2.732s] INFO:colcon.colcon_core.shell:Creating package script '/home/jaqueline/udemy_ws/install/robotic_arms_control/share/robotic_arms_control/package.bash'
[2.733s] INFO:colcon.colcon_core.shell:Creating package script '/home/jaqueline/udemy_ws/install/robotic_arms_control/share/robotic_arms_control/package.zsh'
[2.734s] Level 1:colcon.colcon_core.environment:create_file_with_runtime_dependencies(/home/jaqueline/udemy_ws/install/robotic_arms_control/share/colcon-core/packages/robotic_arms_control)
[2.735s] DEBUG:colcon.colcon_parallel_executor.executor.parallel:closing loop
[2.735s] DEBUG:colcon.colcon_parallel_executor.executor.parallel:loop closed
[2.735s] DEBUG:colcon.colcon_parallel_executor.executor.parallel:run_until_complete finished with '0'
[2.735s] DEBUG:colcon.colcon_core.event_reactor:joining thread
[2.749s] INFO:colcon.colcon_core.plugin_system:Skipping extension 'colcon_notification.desktop_notification.terminal_notifier': Not used on non-Darwin systems
[2.749s] INFO:colcon.colcon_core.plugin_system:Skipping extension 'colcon_notification.desktop_notification.win32': Not used on non-Windows systems
[2.749s] INFO:colcon.colcon_notification.desktop_notification:Sending desktop notification using 'notify2'
[2.776s] DEBUG:colcon.colcon_core.event_reactor:joined thread
[2.777s] INFO:colcon.colcon_core.shell:Creating prefix script '/home/jaqueline/udemy_ws/install/local_setup.ps1'
[2.779s] INFO:colcon.colcon_core.shell:Creating prefix util module '/home/jaqueline/udemy_ws/install/_local_setup_util_ps1.py'
[2.782s] INFO:colcon.colcon_core.shell:Creating prefix chain script '/home/jaqueline/udemy_ws/install/setup.ps1'
[2.786s] INFO:colcon.colcon_core.shell:Creating prefix script '/home/jaqueline/udemy_ws/install/local_setup.sh'
[2.789s] INFO:colcon.colcon_core.shell:Creating prefix util module '/home/jaqueline/udemy_ws/install/_local_setup_util_sh.py'
[2.790s] INFO:colcon.colcon_core.shell:Creating prefix chain script '/home/jaqueline/udemy_ws/install/setup.sh'
[2.792s] INFO:colcon.colcon_core.shell:Creating prefix script '/home/jaqueline/udemy_ws/install/local_setup.bash'
[2.797s] INFO:colcon.colcon_core.shell:Creating prefix chain script '/home/jaqueline/udemy_ws/install/setup.bash'
[2.800s] INFO:colcon.colcon_core.shell:Creating prefix script '/home/jaqueline/udemy_ws/install/local_setup.zsh'
[2.803s] INFO:colcon.colcon_core.shell:Creating prefix chain script '/home/jaqueline/udemy_ws/install/setup.zsh'
