[0.990s] Invoking command in '/home/jaqueline/udemy_ws/src/robotic_arms_control': PYTHONPATH=/home/jaqueline/udemy_ws/build/robotic_arms_control/prefix_override:/usr/lib/python3/dist-packages/colcon_core/task/python/colcon_distutils_commands:/home/jaqueline/udemy_ws/install/robotic_arms_control/lib/python3.10/site-packages:${PYTHONPATH} /usr/bin/python3 -W ignore:setup.py install is deprecated -W ignore:easy_install command is deprecated setup.py egg_info --egg-base ../../build/robotic_arms_control build --build-base /home/jaqueline/udemy_ws/build/robotic_arms_control/build install --record /home/jaqueline/udemy_ws/build/robotic_arms_control/install.log --single-version-externally-managed install_data
[1.360s] running egg_info
[1.361s] creating ../../build/robotic_arms_control/robotic_arms_control.egg-info
[1.361s] writing ../../build/robotic_arms_control/robotic_arms_control.egg-info/PKG-INFO
[1.361s] writing dependency_links to ../../build/robotic_arms_control/robotic_arms_control.egg-info/dependency_links.txt
[1.361s] writing entry points to ../../build/robotic_arms_control/robotic_arms_control.egg-info/entry_points.txt
[1.362s] writing requirements to ../../build/robotic_arms_control/robotic_arms_control.egg-info/requires.txt
[1.362s] writing top-level names to ../../build/robotic_arms_control/robotic_arms_control.egg-info/top_level.txt
[1.362s] writing manifest file '../../build/robotic_arms_control/robotic_arms_control.egg-info/SOURCES.txt'
[1.364s] reading manifest file '../../build/robotic_arms_control/robotic_arms_control.egg-info/SOURCES.txt'
[1.365s] writing manifest file '../../build/robotic_arms_control/robotic_arms_control.egg-info/SOURCES.txt'
[1.365s] running build
[1.366s] running build_py
[1.366s] creating /home/jaqueline/udemy_ws/build/robotic_arms_control/build
[1.366s] creating /home/jaqueline/udemy_ws/build/robotic_arms_control/build/lib
[1.366s] creating /home/jaqueline/udemy_ws/build/robotic_arms_control/build/lib/robotic_arms_control
[1.366s] copying robotic_arms_control/__init__.py -> /home/jaqueline/udemy_ws/build/robotic_arms_control/build/lib/robotic_arms_control
[1.366s] copying robotic_arms_control/transform_publisher.py -> /home/jaqueline/udemy_ws/build/robotic_arms_control/build/lib/robotic_arms_control
[1.366s] running install
[1.366s] running install_lib
[1.368s] creating /home/jaqueline/udemy_ws/install/robotic_arms_control/lib/python3.10/site-packages/robotic_arms_control
[1.368s] copying /home/jaqueline/udemy_ws/build/robotic_arms_control/build/lib/robotic_arms_control/__init__.py -> /home/jaqueline/udemy_ws/install/robotic_arms_control/lib/python3.10/site-packages/robotic_arms_control
[1.368s] copying /home/jaqueline/udemy_ws/build/robotic_arms_control/build/lib/robotic_arms_control/transform_publisher.py -> /home/jaqueline/udemy_ws/install/robotic_arms_control/lib/python3.10/site-packages/robotic_arms_control
[1.369s] byte-compiling /home/jaqueline/udemy_ws/install/robotic_arms_control/lib/python3.10/site-packages/robotic_arms_control/__init__.py to __init__.cpython-310.pyc
[1.369s] byte-compiling /home/jaqueline/udemy_ws/install/robotic_arms_control/lib/python3.10/site-packages/robotic_arms_control/transform_publisher.py to transform_publisher.cpython-310.pyc
[1.370s] running install_data
[1.370s] creating /home/jaqueline/udemy_ws/install/robotic_arms_control/share/ament_index
[1.370s] creating /home/jaqueline/udemy_ws/install/robotic_arms_control/share/ament_index/resource_index
[1.370s] creating /home/jaqueline/udemy_ws/install/robotic_arms_control/share/ament_index/resource_index/packages
[1.371s] copying resource/robotic_arms_control -> /home/jaqueline/udemy_ws/install/robotic_arms_control/share/ament_index/resource_index/packages
[1.371s] copying package.xml -> /home/jaqueline/udemy_ws/install/robotic_arms_control/share/robotic_arms_control
[1.371s] creating /home/jaqueline/udemy_ws/install/robotic_arms_control/share/robotic_arms_control/launch
[1.371s] copying launch/rviz_bringup.launch.py -> /home/jaqueline/udemy_ws/install/robotic_arms_control/share/robotic_arms_control/launch
[1.371s] creating /home/jaqueline/udemy_ws/install/robotic_arms_control/share/robotic_arms_control/urdf
[1.371s] copying urdf/bazu.urdf -> /home/jaqueline/udemy_ws/install/robotic_arms_control/share/robotic_arms_control/urdf
[1.371s] creating /home/jaqueline/udemy_ws/install/robotic_arms_control/share/robotic_arms_control/config
[1.371s] running install_egg_info
[1.373s] Copying ../../build/robotic_arms_control/robotic_arms_control.egg-info to /home/jaqueline/udemy_ws/install/robotic_arms_control/lib/python3.10/site-packages/robotic_arms_control-0.0.0-py3.10.egg-info
[1.374s] running install_scripts
[1.404s] Installing transforms_pub script to /home/jaqueline/udemy_ws/install/robotic_arms_control/lib/robotic_arms_control
[1.405s] writing list of installed files to '/home/jaqueline/udemy_ws/build/robotic_arms_control/install.log'
[1.433s] Invoked command in '/home/jaqueline/udemy_ws/src/robotic_arms_control' returned '0': PYTHONPATH=/home/jaqueline/udemy_ws/build/robotic_arms_control/prefix_override:/usr/lib/python3/dist-packages/colcon_core/task/python/colcon_distutils_commands:/home/jaqueline/udemy_ws/install/robotic_arms_control/lib/python3.10/site-packages:${PYTHONPATH} /usr/bin/python3 -W ignore:setup.py install is deprecated -W ignore:easy_install command is deprecated setup.py egg_info --egg-base ../../build/robotic_arms_control build --build-base /home/jaqueline/udemy_ws/build/robotic_arms_control/build install --record /home/jaqueline/udemy_ws/build/robotic_arms_control/install.log --single-version-externally-managed install_data
