[0.025s] Invoking command in '/home/jaqueline/udemy_ws/build/franka_description': CMAKE_PREFIX_PATH=${CMAKE_PREFIX_PATH}:/home/jaqueline/udemy_ws/install/robotic_arms_control:/opt/ros/humble /usr/bin/cmake --build /home/jaqueline/udemy_ws/build/franka_description -- -j8 -l8
[0.452s] Invoked command in '/home/jaqueline/udemy_ws/build/franka_description' returned '0': CMAKE_PREFIX_PATH=${CMAKE_PREFIX_PATH}:/home/jaqueline/udemy_ws/install/robotic_arms_control:/opt/ros/humble /usr/bin/cmake --build /home/jaqueline/udemy_ws/build/franka_description -- -j8 -l8
[0.467s] Invoking command in '/home/jaqueline/udemy_ws/build/franka_description': CMAKE_PREFIX_PATH=${CMAKE_PREFIX_PATH}:/home/jaqueline/udemy_ws/install/robotic_arms_control:/opt/ros/humble /usr/bin/cmake --install /home/jaqueline/udemy_ws/build/franka_description
[0.477s] -- Install configuration: ""
[0.477s] -- Up-to-date: /home/jaqueline/udemy_ws/install/franka_description/share/franka_description//launch
[0.478s] -- Up-to-date: /home/jaqueline/udemy_ws/install/franka_description/share/franka_description//launch/visualize_franka.launch.py
[0.478s] -- Up-to-date: /home/jaqueline/udemy_ws/install/franka_description/share/franka_description//robots
[0.478s] -- Up-to-date: /home/jaqueline/udemy_ws/install/franka_description/share/franka_description//robots/panda_arm.ros2_control.xacro
[0.479s] -- Up-to-date: /home/jaqueline/udemy_ws/install/franka_description/share/franka_description//robots/panda_arm.xacro
[0.479s] -- Installing: /home/jaqueline/udemy_ws/install/franka_description/share/franka_description//robots/panda_ros2.urdf
[0.479s] -- Up-to-date: /home/jaqueline/udemy_ws/install/franka_description/share/franka_description//robots/fr3
[0.479s] -- Installing: /home/jaqueline/udemy_ws/install/franka_description/share/franka_description//robots/fr3/joint_limits.yaml
[0.480s] -- Installing: /home/jaqueline/udemy_ws/install/franka_description/share/franka_description//robots/fr3/fr3.urdf.xacro
[0.480s] -- Up-to-date: /home/jaqueline/udemy_ws/install/franka_description/share/franka_description//robots/hand.urdf.xacro
[0.480s] -- Up-to-date: /home/jaqueline/udemy_ws/install/franka_description/share/franka_description//robots/panda_arm.urdf.xacro
[0.480s] -- Up-to-date: /home/jaqueline/udemy_ws/install/franka_description/share/franka_description//robots/hand.xacro
[0.481s] -- Up-to-date: /home/jaqueline/udemy_ws/install/franka_description/share/franka_description//robots/common
[0.481s] -- Installing: /home/jaqueline/udemy_ws/install/franka_description/share/franka_description//robots/common/franka_hand.xacro
[0.481s] -- Installing: /home/jaqueline/udemy_ws/install/franka_description/share/franka_description//robots/common/franka_arm.xacro
[0.481s] -- Installing: /home/jaqueline/udemy_ws/install/franka_description/share/franka_description//robots/common/hand.urdf.xacro
[0.482s] -- Installing: /home/jaqueline/udemy_ws/install/franka_description/share/franka_description//robots/common/utils.xacro
[0.482s] -- Installing: /home/jaqueline/udemy_ws/install/franka_description/share/franka_description//robots/common/franka_robot.xacro
[0.482s] -- Installing: /home/jaqueline/udemy_ws/install/franka_description/share/franka_description//robots/common/inertial.yaml
[0.482s] -- Up-to-date: /home/jaqueline/udemy_ws/install/franka_description/share/franka_description//robots/panda
[0.483s] -- Installing: /home/jaqueline/udemy_ws/install/franka_description/share/franka_description//robots/panda/panda.urdf.xacro
[0.483s] -- Installing: /home/jaqueline/udemy_ws/install/franka_description/share/franka_description//robots/panda/joint_limits.yaml
[0.483s] -- Up-to-date: /home/jaqueline/udemy_ws/install/franka_description/share/franka_description//robots/dual_panda
[0.483s] -- Installing: /home/jaqueline/udemy_ws/install/franka_description/share/franka_description//robots/dual_panda/dual_panda_example.urdf.xacro
[0.484s] -- Up-to-date: /home/jaqueline/udemy_ws/install/franka_description/share/franka_description//meshes
[0.484s] -- Up-to-date: /home/jaqueline/udemy_ws/install/franka_description/share/franka_description//meshes/collision
[0.484s] -- Installing: /home/jaqueline/udemy_ws/install/franka_description/share/franka_description//meshes/collision/link2.stl
[0.484s] -- Installing: /home/jaqueline/udemy_ws/install/franka_description/share/franka_description//meshes/collision/link5.stl
[0.485s] -- Installing: /home/jaqueline/udemy_ws/install/franka_description/share/franka_description//meshes/collision/link3.stl
[0.485s] -- Installing: /home/jaqueline/udemy_ws/install/franka_description/share/franka_description//meshes/collision/link4.stl
[0.485s] -- Installing: /home/jaqueline/udemy_ws/install/franka_description/share/franka_description//meshes/collision/hand.stl
[0.485s] -- Installing: /home/jaqueline/udemy_ws/install/franka_description/share/franka_description//meshes/collision/link0.stl
[0.485s] -- Installing: /home/jaqueline/udemy_ws/install/franka_description/share/franka_description//meshes/collision/link1.stl
[0.486s] -- Installing: /home/jaqueline/udemy_ws/install/franka_description/share/franka_description//meshes/collision/link7.stl
[0.486s] -- Installing: /home/jaqueline/udemy_ws/install/franka_description/share/franka_description//meshes/collision/link6.stl
[0.486s] -- Up-to-date: /home/jaqueline/udemy_ws/install/franka_description/share/franka_description//meshes/visual
[0.486s] -- Installing: /home/jaqueline/udemy_ws/install/franka_description/share/franka_description//meshes/visual/link5.dae
[0.487s] -- Installing: /home/jaqueline/udemy_ws/install/franka_description/share/franka_description//meshes/visual/link6.dae
[0.490s] -- Installing: /home/jaqueline/udemy_ws/install/franka_description/share/franka_description//meshes/visual/link2.dae
[0.492s] -- Installing: /home/jaqueline/udemy_ws/install/franka_description/share/franka_description//meshes/visual/link7.dae
[0.494s] -- Installing: /home/jaqueline/udemy_ws/install/franka_description/share/franka_description//meshes/visual/link0.dae
[0.497s] -- Installing: /home/jaqueline/udemy_ws/install/franka_description/share/franka_description//meshes/visual/link4.dae
[0.499s] -- Installing: /home/jaqueline/udemy_ws/install/franka_description/share/franka_description//meshes/visual/hand.dae
[0.500s] -- Installing: /home/jaqueline/udemy_ws/install/franka_description/share/franka_description//meshes/visual/finger.dae
[0.500s] -- Installing: /home/jaqueline/udemy_ws/install/franka_description/share/franka_description//meshes/visual/link1.dae
[0.502s] -- Installing: /home/jaqueline/udemy_ws/install/franka_description/share/franka_description//meshes/visual/link3.dae
[0.504s] -- Up-to-date: /home/jaqueline/udemy_ws/install/franka_description/share/franka_description//rviz
[0.504s] -- Up-to-date: /home/jaqueline/udemy_ws/install/franka_description/share/franka_description//rviz/visualize_franka.rviz
[0.504s] -- Up-to-date: /home/jaqueline/udemy_ws/install/franka_description/share/ament_index/resource_index/package_run_dependencies/franka_description
[0.504s] -- Up-to-date: /home/jaqueline/udemy_ws/install/franka_description/share/ament_index/resource_index/parent_prefix_path/franka_description
[0.505s] -- Up-to-date: /home/jaqueline/udemy_ws/install/franka_description/share/franka_description/environment/ament_prefix_path.sh
[0.505s] -- Up-to-date: /home/jaqueline/udemy_ws/install/franka_description/share/franka_description/environment/ament_prefix_path.dsv
[0.505s] -- Up-to-date: /home/jaqueline/udemy_ws/install/franka_description/share/franka_description/environment/path.sh
[0.505s] -- Up-to-date: /home/jaqueline/udemy_ws/install/franka_description/share/franka_description/environment/path.dsv
[0.505s] -- Up-to-date: /home/jaqueline/udemy_ws/install/franka_description/share/franka_description/local_setup.bash
[0.505s] -- Up-to-date: /home/jaqueline/udemy_ws/install/franka_description/share/franka_description/local_setup.sh
[0.505s] -- Up-to-date: /home/jaqueline/udemy_ws/install/franka_description/share/franka_description/local_setup.zsh
[0.506s] -- Up-to-date: /home/jaqueline/udemy_ws/install/franka_description/share/franka_description/local_setup.dsv
[0.506s] -- Installing: /home/jaqueline/udemy_ws/install/franka_description/share/franka_description/package.dsv
[0.506s] -- Up-to-date: /home/jaqueline/udemy_ws/install/franka_description/share/ament_index/resource_index/packages/franka_description
[0.506s] -- Up-to-date: /home/jaqueline/udemy_ws/install/franka_description/share/franka_description/cmake/franka_descriptionConfig.cmake
[0.506s] -- Up-to-date: /home/jaqueline/udemy_ws/install/franka_description/share/franka_description/cmake/franka_descriptionConfig-version.cmake
[0.506s] -- Up-to-date: /home/jaqueline/udemy_ws/install/franka_description/share/franka_description/package.xml
[0.508s] Invoked command in '/home/jaqueline/udemy_ws/build/franka_description' returned '0': CMAKE_PREFIX_PATH=${CMAKE_PREFIX_PATH}:/home/jaqueline/udemy_ws/install/robotic_arms_control:/opt/ros/humble /usr/bin/cmake --install /home/jaqueline/udemy_ws/build/franka_description
