[1.560s] Invoking command in '/home/jaqueline/udemy_ws/src/robotic_arms_control': PYTHONPATH=/home/jaqueline/udemy_ws/src/build/robotic_arms_control/prefix_override:/usr/lib/python3/dist-packages/colcon_core/task/python/colcon_distutils_commands:/home/jaqueline/udemy_ws/src/install/robotic_arms_control/lib/python3.10/site-packages:${PYTHONPATH} /usr/bin/python3 -W ignore:setup.py install is deprecated -W ignore:easy_install command is deprecated setup.py egg_info --egg-base ../build/robotic_arms_control build --build-base /home/jaqueline/udemy_ws/src/build/robotic_arms_control/build install --record /home/jaqueline/udemy_ws/src/build/robotic_arms_control/install.log --single-version-externally-managed install_data
[2.140s] running egg_info
[2.142s] writing ../build/robotic_arms_control/robotic_arms_control.egg-info/PKG-INFO
[2.142s] writing dependency_links to ../build/robotic_arms_control/robotic_arms_control.egg-info/dependency_links.txt
[2.142s] writing entry points to ../build/robotic_arms_control/robotic_arms_control.egg-info/entry_points.txt
[2.143s] writing requirements to ../build/robotic_arms_control/robotic_arms_control.egg-info/requires.txt
[2.143s] writing top-level names to ../build/robotic_arms_control/robotic_arms_control.egg-info/top_level.txt
[2.146s] reading manifest file '../build/robotic_arms_control/robotic_arms_control.egg-info/SOURCES.txt'
[2.148s] writing manifest file '../build/robotic_arms_control/robotic_arms_control.egg-info/SOURCES.txt'
[2.148s] running build
[2.149s] running build_py
[2.149s] running install
[2.151s] running install_lib
[2.154s] running install_data
[2.155s] copying launch/rviz_bringup.launch.py -> /home/jaqueline/udemy_ws/src/install/robotic_arms_control/share/robotic_arms_control/launch
[2.155s] copying urdf/panda_arm.urdf -> /home/jaqueline/udemy_ws/src/install/robotic_arms_control/share/robotic_arms_control/urdf
[2.155s] running install_egg_info
[2.160s] removing '/home/jaqueline/udemy_ws/src/install/robotic_arms_control/lib/python3.10/site-packages/robotic_arms_control-0.0.0-py3.10.egg-info' (and everything under it)
[2.160s] Copying ../build/robotic_arms_control/robotic_arms_control.egg-info to /home/jaqueline/udemy_ws/src/install/robotic_arms_control/lib/python3.10/site-packages/robotic_arms_control-0.0.0-py3.10.egg-info
[2.162s] running install_scripts
[2.205s] Installing jtc_controller_test script to /home/jaqueline/udemy_ws/src/install/robotic_arms_control/lib/robotic_arms_control
[2.205s] Installing transforms_pub script to /home/jaqueline/udemy_ws/src/install/robotic_arms_control/lib/robotic_arms_control
[2.206s] writing list of installed files to '/home/jaqueline/udemy_ws/src/build/robotic_arms_control/install.log'
[2.273s] Invoked command in '/home/jaqueline/udemy_ws/src/robotic_arms_control' returned '0': PYTHONPATH=/home/jaqueline/udemy_ws/src/build/robotic_arms_control/prefix_override:/usr/lib/python3/dist-packages/colcon_core/task/python/colcon_distutils_commands:/home/jaqueline/udemy_ws/src/install/robotic_arms_control/lib/python3.10/site-packages:${PYTHONPATH} /usr/bin/python3 -W ignore:setup.py install is deprecated -W ignore:easy_install command is deprecated setup.py egg_info --egg-base ../build/robotic_arms_control build --build-base /home/jaqueline/udemy_ws/src/build/robotic_arms_control/build install --record /home/jaqueline/udemy_ws/src/build/robotic_arms_control/install.log --single-version-externally-managed install_data
