-- Install configuration: ""
-- Up-to-date: /home/jaqueline/udemy_ws/install/franka_description/share/franka_description//launch
-- Up-to-date: /home/jaqueline/udemy_ws/install/franka_description/share/franka_description//launch/visualize_franka.launch.py
-- Up-to-date: /home/jaqueline/udemy_ws/install/franka_description/share/franka_description//robots
-- Up-to-date: /home/jaqueline/udemy_ws/install/franka_description/share/franka_description//robots/panda_r2.urdf
-- Up-to-date: /home/jaqueline/udemy_ws/install/franka_description/share/franka_description//robots/panda_arm.ros2_control.xacro
-- Up-to-date: /home/jaqueline/udemy_ws/install/franka_description/share/franka_description//robots/panda_arm.xacro
-- Up-to-date: /home/jaqueline/udemy_ws/install/franka_description/share/franka_description//robots/panda_ros2.urdf
-- Up-to-date: /home/jaqueline/udemy_ws/install/franka_description/share/franka_description//robots/fr3
-- Up-to-date: /home/jaqueline/udemy_ws/install/franka_description/share/franka_description//robots/fr3/joint_limits.yaml
-- Up-to-date: /home/jaqueline/udemy_ws/install/franka_description/share/franka_description//robots/fr3/fr3.urdf.xacro
-- Up-to-date: /home/jaqueline/udemy_ws/install/franka_description/share/franka_description//robots/hand.urdf.xacro
-- Up-to-date: /home/jaqueline/udemy_ws/install/franka_description/share/franka_description//robots/panda_arm.urdf.xacro
-- Up-to-date: /home/jaqueline/udemy_ws/install/franka_description/share/franka_description//robots/hand.xacro
-- Up-to-date: /home/jaqueline/udemy_ws/install/franka_description/share/franka_description//robots/common
-- Up-to-date: /home/jaqueline/udemy_ws/install/franka_description/share/franka_description//robots/common/franka_hand.xacro
-- Up-to-date: /home/jaqueline/udemy_ws/install/franka_description/share/franka_description//robots/common/franka_arm.xacro
-- Up-to-date: /home/jaqueline/udemy_ws/install/franka_description/share/franka_description//robots/common/hand.urdf.xacro
-- Up-to-date: /home/jaqueline/udemy_ws/install/franka_description/share/franka_description//robots/common/utils.xacro
-- Up-to-date: /home/jaqueline/udemy_ws/install/franka_description/share/franka_description//robots/common/franka_robot.xacro
-- Up-to-date: /home/jaqueline/udemy_ws/install/franka_description/share/franka_description//robots/common/inertial.yaml
-- Up-to-date: /home/jaqueline/udemy_ws/install/franka_description/share/franka_description//robots/panda
-- Up-to-date: /home/jaqueline/udemy_ws/install/franka_description/share/franka_description//robots/panda/panda.urdf.xacro
-- Up-to-date: /home/jaqueline/udemy_ws/install/franka_description/share/franka_description//robots/panda/joint_limits.yaml
-- Up-to-date: /home/jaqueline/udemy_ws/install/franka_description/share/franka_description//robots/panda/panda_r1.urdf
-- Up-to-date: /home/jaqueline/udemy_ws/install/franka_description/share/franka_description//robots/dual_panda
-- Up-to-date: /home/jaqueline/udemy_ws/install/franka_description/share/franka_description//robots/dual_panda/dual_panda_example.urdf.xacro
-- Up-to-date: /home/jaqueline/udemy_ws/install/franka_description/share/franka_description//meshes
-- Up-to-date: /home/jaqueline/udemy_ws/install/franka_description/share/franka_description//meshes/collision
-- Up-to-date: /home/jaqueline/udemy_ws/install/franka_description/share/franka_description//meshes/collision/link2.stl
-- Up-to-date: /home/jaqueline/udemy_ws/install/franka_description/share/franka_description//meshes/collision/link5.stl
-- Up-to-date: /home/jaqueline/udemy_ws/install/franka_description/share/franka_description//meshes/collision/link3.stl
-- Up-to-date: /home/jaqueline/udemy_ws/install/franka_description/share/franka_description//meshes/collision/link4.stl
-- Up-to-date: /home/jaqueline/udemy_ws/install/franka_description/share/franka_description//meshes/collision/hand.stl
-- Up-to-date: /home/jaqueline/udemy_ws/install/franka_description/share/franka_description//meshes/collision/link0.stl
-- Up-to-date: /home/jaqueline/udemy_ws/install/franka_description/share/franka_description//meshes/collision/link1.stl
-- Up-to-date: /home/jaqueline/udemy_ws/install/franka_description/share/franka_description//meshes/collision/link7.stl
-- Up-to-date: /home/jaqueline/udemy_ws/install/franka_description/share/franka_description//meshes/collision/link6.stl
-- Up-to-date: /home/jaqueline/udemy_ws/install/franka_description/share/franka_description//meshes/visual
-- Up-to-date: /home/jaqueline/udemy_ws/install/franka_description/share/franka_description//meshes/visual/link5.dae
-- Up-to-date: /home/jaqueline/udemy_ws/install/franka_description/share/franka_description//meshes/visual/link6.dae
-- Up-to-date: /home/jaqueline/udemy_ws/install/franka_description/share/franka_description//meshes/visual/link2.dae
-- Up-to-date: /home/jaqueline/udemy_ws/install/franka_description/share/franka_description//meshes/visual/link7.dae
-- Up-to-date: /home/jaqueline/udemy_ws/install/franka_description/share/franka_description//meshes/visual/link0.dae
-- Up-to-date: /home/jaqueline/udemy_ws/install/franka_description/share/franka_description//meshes/visual/link4.dae
-- Up-to-date: /home/jaqueline/udemy_ws/install/franka_description/share/franka_description//meshes/visual/hand.dae
-- Up-to-date: /home/jaqueline/udemy_ws/install/franka_description/share/franka_description//meshes/visual/finger.dae
-- Up-to-date: /home/jaqueline/udemy_ws/install/franka_description/share/franka_description//meshes/visual/link1.dae
-- Up-to-date: /home/jaqueline/udemy_ws/install/franka_description/share/franka_description//meshes/visual/link3.dae
-- Up-to-date: /home/jaqueline/udemy_ws/install/franka_description/share/franka_description//rviz
-- Up-to-date: /home/jaqueline/udemy_ws/install/franka_description/share/franka_description//rviz/visualize_franka.rviz
-- Up-to-date: /home/jaqueline/udemy_ws/install/franka_description/share/ament_index/resource_index/package_run_dependencies/franka_description
-- Up-to-date: /home/jaqueline/udemy_ws/install/franka_description/share/ament_index/resource_index/parent_prefix_path/franka_description
-- Up-to-date: /home/jaqueline/udemy_ws/install/franka_description/share/franka_description/environment/ament_prefix_path.sh
-- Up-to-date: /home/jaqueline/udemy_ws/install/franka_description/share/franka_description/environment/ament_prefix_path.dsv
-- Up-to-date: /home/jaqueline/udemy_ws/install/franka_description/share/franka_description/environment/path.sh
-- Up-to-date: /home/jaqueline/udemy_ws/install/franka_description/share/franka_description/environment/path.dsv
-- Up-to-date: /home/jaqueline/udemy_ws/install/franka_description/share/franka_description/local_setup.bash
-- Up-to-date: /home/jaqueline/udemy_ws/install/franka_description/share/franka_description/local_setup.sh
-- Up-to-date: /home/jaqueline/udemy_ws/install/franka_description/share/franka_description/local_setup.zsh
-- Up-to-date: /home/jaqueline/udemy_ws/install/franka_description/share/franka_description/local_setup.dsv
-- Up-to-date: /home/jaqueline/udemy_ws/install/franka_description/share/franka_description/package.dsv
-- Up-to-date: /home/jaqueline/udemy_ws/install/franka_description/share/ament_index/resource_index/packages/franka_description
-- Up-to-date: /home/jaqueline/udemy_ws/install/franka_description/share/franka_description/cmake/franka_descriptionConfig.cmake
-- Up-to-date: /home/jaqueline/udemy_ws/install/franka_description/share/franka_description/cmake/franka_descriptionConfig-version.cmake
-- Up-to-date: /home/jaqueline/udemy_ws/install/franka_description/share/franka_description/package.xml
