[0.884s] Invoking command in '/home/jaqueline/udemy_ws/src/robotic_arms_control': PYTHONPATH=/home/jaqueline/udemy_ws/src/build/robotic_arms_control/prefix_override:/usr/lib/python3/dist-packages/colcon_core/task/python/colcon_distutils_commands:/home/jaqueline/udemy_ws/src/install/robotic_arms_control/lib/python3.10/site-packages:${PYTHONPATH} /usr/bin/python3 -W ignore:setup.py install is deprecated -W ignore:easy_install command is deprecated setup.py egg_info --egg-base ../build/robotic_arms_control build --build-base /home/jaqueline/udemy_ws/src/build/robotic_arms_control/build install --record /home/jaqueline/udemy_ws/src/build/robotic_arms_control/install.log --single-version-externally-managed install_data
[1.250s] running egg_info
[1.251s] writing ../build/robotic_arms_control/robotic_arms_control.egg-info/PKG-INFO
[1.251s] writing dependency_links to ../build/robotic_arms_control/robotic_arms_control.egg-info/dependency_links.txt
[1.251s] writing entry points to ../build/robotic_arms_control/robotic_arms_control.egg-info/entry_points.txt
[1.252s] writing requirements to ../build/robotic_arms_control/robotic_arms_control.egg-info/requires.txt
[1.252s] writing top-level names to ../build/robotic_arms_control/robotic_arms_control.egg-info/top_level.txt
[1.254s] reading manifest file '../build/robotic_arms_control/robotic_arms_control.egg-info/SOURCES.txt'
[1.256s] writing manifest file '../build/robotic_arms_control/robotic_arms_control.egg-info/SOURCES.txt'
[1.256s] running build
[1.256s] running build_py
[1.256s] running install
[1.257s] running install_lib
[1.258s] running install_data
[1.259s] copying resource/robotic_arms_control -> /home/jaqueline/udemy_ws/src/install/robotic_arms_control/share/ament_index/resource_index/packages
[1.259s] copying package.xml -> /home/jaqueline/udemy_ws/src/install/robotic_arms_control/share/robotic_arms_control
[1.259s] creating /home/jaqueline/udemy_ws/src/install/robotic_arms_control/share/robotic_arms_control/launch
[1.259s] copying launch/rviz_bringup.launch.py -> /home/jaqueline/udemy_ws/src/install/robotic_arms_control/share/robotic_arms_control/launch
[1.260s] creating /home/jaqueline/udemy_ws/src/install/robotic_arms_control/share/robotic_arms_control/urdf
[1.260s] copying urdf/bazu.urdf -> /home/jaqueline/udemy_ws/src/install/robotic_arms_control/share/robotic_arms_control/urdf
[1.260s] creating /home/jaqueline/udemy_ws/src/install/robotic_arms_control/share/robotic_arms_control/config
[1.260s] running install_egg_info
[1.262s] Copying ../build/robotic_arms_control/robotic_arms_control.egg-info to /home/jaqueline/udemy_ws/src/install/robotic_arms_control/lib/python3.10/site-packages/robotic_arms_control-0.0.0-py3.10.egg-info
[1.263s] running install_scripts
[1.292s] Installing transforms_pub script to /home/jaqueline/udemy_ws/src/install/robotic_arms_control/lib/robotic_arms_control
[1.293s] writing list of installed files to '/home/jaqueline/udemy_ws/src/build/robotic_arms_control/install.log'
[1.320s] Invoked command in '/home/jaqueline/udemy_ws/src/robotic_arms_control' returned '0': PYTHONPATH=/home/jaqueline/udemy_ws/src/build/robotic_arms_control/prefix_override:/usr/lib/python3/dist-packages/colcon_core/task/python/colcon_distutils_commands:/home/jaqueline/udemy_ws/src/install/robotic_arms_control/lib/python3.10/site-packages:${PYTHONPATH} /usr/bin/python3 -W ignore:setup.py install is deprecated -W ignore:easy_install command is deprecated setup.py egg_info --egg-base ../build/robotic_arms_control build --build-base /home/jaqueline/udemy_ws/src/build/robotic_arms_control/build install --record /home/jaqueline/udemy_ws/src/build/robotic_arms_control/install.log --single-version-externally-managed install_data
