[0.059s] Invoking command in '/home/jaqueline/udemy_ws/src/build/franka_description': CMAKE_PREFIX_PATH=/opt/ros/humble /usr/bin/cmake --build /home/jaqueline/udemy_ws/src/build/franka_description -- -j8 -l8
[0.873s] Invoked command in '/home/jaqueline/udemy_ws/src/build/franka_description' returned '0': CMAKE_PREFIX_PATH=/opt/ros/humble /usr/bin/cmake --build /home/jaqueline/udemy_ws/src/build/franka_description -- -j8 -l8
[0.900s] Invoking command in '/home/jaqueline/udemy_ws/src/build/franka_description': CMAKE_PREFIX_PATH=/opt/ros/humble /usr/bin/cmake --install /home/jaqueline/udemy_ws/src/build/franka_description
[0.917s] -- Install configuration: ""
[0.920s] -- Up-to-date: /home/jaqueline/udemy_ws/src/install/franka_description/share/franka_description//launch
[0.920s] -- Up-to-date: /home/jaqueline/udemy_ws/src/install/franka_description/share/franka_description//launch/visualize_franka.launch.py
[0.921s] -- Up-to-date: /home/jaqueline/udemy_ws/src/install/franka_description/share/franka_description//robots
[0.921s] -- Up-to-date: /home/jaqueline/udemy_ws/src/install/franka_description/share/franka_description//robots/panda_arm.ros2_control.xacro
[0.921s] -- Up-to-date: /home/jaqueline/udemy_ws/src/install/franka_description/share/franka_description//robots/panda_arm.xacro
[0.921s] -- Up-to-date: /home/jaqueline/udemy_ws/src/install/franka_description/share/franka_description//robots/panda_ros2.urdf
[0.923s] -- Up-to-date: /home/jaqueline/udemy_ws/src/install/franka_description/share/franka_description//robots/fr3
[0.923s] -- Up-to-date: /home/jaqueline/udemy_ws/src/install/franka_description/share/franka_description//robots/fr3/joint_limits.yaml
[0.923s] -- Up-to-date: /home/jaqueline/udemy_ws/src/install/franka_description/share/franka_description//robots/fr3/fr3.urdf.xacro
[0.923s] -- Up-to-date: /home/jaqueline/udemy_ws/src/install/franka_description/share/franka_description//robots/hand.urdf.xacro
[0.924s] -- Up-to-date: /home/jaqueline/udemy_ws/src/install/franka_description/share/franka_description//robots/panda_arm.urdf.xacro
[0.924s] -- Up-to-date: /home/jaqueline/udemy_ws/src/install/franka_description/share/franka_description//robots/hand.xacro
[0.924s] -- Up-to-date: /home/jaqueline/udemy_ws/src/install/franka_description/share/franka_description//robots/common
[0.924s] -- Up-to-date: /home/jaqueline/udemy_ws/src/install/franka_description/share/franka_description//robots/common/franka_hand.xacro
[0.929s] -- Up-to-date: /home/jaqueline/udemy_ws/src/install/franka_description/share/franka_description//robots/common/franka_arm.xacro
[0.930s] -- Up-to-date: /home/jaqueline/udemy_ws/src/install/franka_description/share/franka_description//robots/common/hand.urdf.xacro
[0.930s] -- Up-to-date: /home/jaqueline/udemy_ws/src/install/franka_description/share/franka_description//robots/common/utils.xacro
[0.930s] -- Up-to-date: /home/jaqueline/udemy_ws/src/install/franka_description/share/franka_description//robots/common/franka_robot.xacro
[0.931s] -- Up-to-date: /home/jaqueline/udemy_ws/src/install/franka_description/share/franka_description//robots/common/inertial.yaml
[0.931s] -- Up-to-date: /home/jaqueline/udemy_ws/src/install/franka_description/share/franka_description//robots/panda
[0.931s] -- Up-to-date: /home/jaqueline/udemy_ws/src/install/franka_description/share/franka_description//robots/panda/log
[0.931s] -- Up-to-date: /home/jaqueline/udemy_ws/src/install/franka_description/share/franka_description//robots/panda/log/latest
[0.931s] -- Up-to-date: /home/jaqueline/udemy_ws/src/install/franka_description/share/franka_description//robots/panda/log/latest_build
[0.932s] -- Up-to-date: /home/jaqueline/udemy_ws/src/install/franka_description/share/franka_description//robots/panda/log/build_2025-02-03_21-57-55
[0.932s] -- Up-to-date: /home/jaqueline/udemy_ws/src/install/franka_description/share/franka_description//robots/panda/log/build_2025-02-03_21-57-55/events.log
[0.932s] -- Up-to-date: /home/jaqueline/udemy_ws/src/install/franka_description/share/franka_description//robots/panda/log/build_2025-02-03_21-57-55/logger_all.log
[0.932s] -- Up-to-date: /home/jaqueline/udemy_ws/src/install/franka_description/share/franka_description//robots/panda/log/COLCON_IGNORE
[0.933s] -- Up-to-date: /home/jaqueline/udemy_ws/src/install/franka_description/share/franka_description//robots/panda/panda.urdf.xacro
[0.933s] -- Up-to-date: /home/jaqueline/udemy_ws/src/install/franka_description/share/franka_description//robots/panda/install
[0.933s] -- Up-to-date: /home/jaqueline/udemy_ws/src/install/franka_description/share/franka_description//robots/panda/install/setup.ps1
[0.933s] -- Up-to-date: /home/jaqueline/udemy_ws/src/install/franka_description/share/franka_description//robots/panda/install/_local_setup_util_ps1.py
[0.933s] -- Up-to-date: /home/jaqueline/udemy_ws/src/install/franka_description/share/franka_description//robots/panda/install/local_setup.sh
[0.933s] -- Up-to-date: /home/jaqueline/udemy_ws/src/install/franka_description/share/franka_description//robots/panda/install/.colcon_install_layout
[0.934s] -- Up-to-date: /home/jaqueline/udemy_ws/src/install/franka_description/share/franka_description//robots/panda/install/setup.zsh
[0.934s] -- Up-to-date: /home/jaqueline/udemy_ws/src/install/franka_description/share/franka_description//robots/panda/install/local_setup.zsh
[0.934s] -- Up-to-date: /home/jaqueline/udemy_ws/src/install/franka_description/share/franka_description//robots/panda/install/local_setup.ps1
[0.934s] -- Up-to-date: /home/jaqueline/udemy_ws/src/install/franka_description/share/franka_description//robots/panda/install/setup.sh
[0.934s] -- Up-to-date: /home/jaqueline/udemy_ws/src/install/franka_description/share/franka_description//robots/panda/install/setup.bash
[0.935s] -- Up-to-date: /home/jaqueline/udemy_ws/src/install/franka_description/share/franka_description//robots/panda/install/_local_setup_util_sh.py
[0.935s] -- Up-to-date: /home/jaqueline/udemy_ws/src/install/franka_description/share/franka_description//robots/panda/install/local_setup.bash
[0.935s] -- Up-to-date: /home/jaqueline/udemy_ws/src/install/franka_description/share/franka_description//robots/panda/install/COLCON_IGNORE
[0.935s] -- Up-to-date: /home/jaqueline/udemy_ws/src/install/franka_description/share/franka_description//robots/panda/panda_ros1.urdf
[0.935s] -- Up-to-date: /home/jaqueline/udemy_ws/src/install/franka_description/share/franka_description//robots/panda/joint_limits.yaml
[0.935s] -- Up-to-date: /home/jaqueline/udemy_ws/src/install/franka_description/share/franka_description//robots/panda/build
[0.936s] -- Up-to-date: /home/jaqueline/udemy_ws/src/install/franka_description/share/franka_description//robots/panda/build/.built_by
[0.936s] -- Up-to-date: /home/jaqueline/udemy_ws/src/install/franka_description/share/franka_description//robots/panda/build/COLCON_IGNORE
[0.936s] -- Up-to-date: /home/jaqueline/udemy_ws/src/install/franka_description/share/franka_description//robots/dual_panda
[0.936s] -- Up-to-date: /home/jaqueline/udemy_ws/src/install/franka_description/share/franka_description//robots/dual_panda/dual_panda_example.urdf.xacro
[0.936s] -- Up-to-date: /home/jaqueline/udemy_ws/src/install/franka_description/share/franka_description//meshes
[0.937s] -- Up-to-date: /home/jaqueline/udemy_ws/src/install/franka_description/share/franka_description//meshes/collision
[0.937s] -- Up-to-date: /home/jaqueline/udemy_ws/src/install/franka_description/share/franka_description//meshes/collision/link2.stl
[0.939s] -- Up-to-date: /home/jaqueline/udemy_ws/src/install/franka_description/share/franka_description//meshes/collision/link5.stl
[0.939s] -- Up-to-date: /home/jaqueline/udemy_ws/src/install/franka_description/share/franka_description//meshes/collision/link3.stl
[0.939s] -- Up-to-date: /home/jaqueline/udemy_ws/src/install/franka_description/share/franka_description//meshes/collision/link4.stl
[0.939s] -- Up-to-date: /home/jaqueline/udemy_ws/src/install/franka_description/share/franka_description//meshes/collision/hand.stl
[0.940s] -- Up-to-date: /home/jaqueline/udemy_ws/src/install/franka_description/share/franka_description//meshes/collision/link0.stl
[0.940s] -- Up-to-date: /home/jaqueline/udemy_ws/src/install/franka_description/share/franka_description//meshes/collision/link1.stl
[0.940s] -- Up-to-date: /home/jaqueline/udemy_ws/src/install/franka_description/share/franka_description//meshes/collision/link7.stl
[0.940s] -- Up-to-date: /home/jaqueline/udemy_ws/src/install/franka_description/share/franka_description//meshes/collision/link6.stl
[0.940s] -- Up-to-date: /home/jaqueline/udemy_ws/src/install/franka_description/share/franka_description//meshes/visual
[0.942s] -- Up-to-date: /home/jaqueline/udemy_ws/src/install/franka_description/share/franka_description//meshes/visual/link5.dae
[0.942s] -- Up-to-date: /home/jaqueline/udemy_ws/src/install/franka_description/share/franka_description//meshes/visual/link6.dae
[0.943s] -- Up-to-date: /home/jaqueline/udemy_ws/src/install/franka_description/share/franka_description//meshes/visual/link2.dae
[0.943s] -- Up-to-date: /home/jaqueline/udemy_ws/src/install/franka_description/share/franka_description//meshes/visual/link7.dae
[0.943s] -- Up-to-date: /home/jaqueline/udemy_ws/src/install/franka_description/share/franka_description//meshes/visual/link0.dae
[0.943s] -- Up-to-date: /home/jaqueline/udemy_ws/src/install/franka_description/share/franka_description//meshes/visual/link4.dae
[0.943s] -- Up-to-date: /home/jaqueline/udemy_ws/src/install/franka_description/share/franka_description//meshes/visual/hand.dae
[0.944s] -- Up-to-date: /home/jaqueline/udemy_ws/src/install/franka_description/share/franka_description//meshes/visual/finger.dae
[0.944s] -- Up-to-date: /home/jaqueline/udemy_ws/src/install/franka_description/share/franka_description//meshes/visual/link1.dae
[0.944s] -- Up-to-date: /home/jaqueline/udemy_ws/src/install/franka_description/share/franka_description//meshes/visual/link3.dae
[0.944s] -- Up-to-date: /home/jaqueline/udemy_ws/src/install/franka_description/share/franka_description//rviz
[0.944s] -- Up-to-date: /home/jaqueline/udemy_ws/src/install/franka_description/share/franka_description//rviz/visualize_franka.rviz
[0.944s] -- Up-to-date: /home/jaqueline/udemy_ws/src/install/franka_description/share/ament_index/resource_index/package_run_dependencies/franka_description
[0.945s] -- Up-to-date: /home/jaqueline/udemy_ws/src/install/franka_description/share/ament_index/resource_index/parent_prefix_path/franka_description
[0.945s] -- Up-to-date: /home/jaqueline/udemy_ws/src/install/franka_description/share/franka_description/environment/ament_prefix_path.sh
[0.945s] -- Up-to-date: /home/jaqueline/udemy_ws/src/install/franka_description/share/franka_description/environment/ament_prefix_path.dsv
[0.945s] -- Up-to-date: /home/jaqueline/udemy_ws/src/install/franka_description/share/franka_description/environment/path.sh
[0.945s] -- Up-to-date: /home/jaqueline/udemy_ws/src/install/franka_description/share/franka_description/environment/path.dsv
[0.948s] -- Up-to-date: /home/jaqueline/udemy_ws/src/install/franka_description/share/franka_description/local_setup.bash
[0.949s] -- Up-to-date: /home/jaqueline/udemy_ws/src/install/franka_description/share/franka_description/local_setup.sh
[0.950s] -- Up-to-date: /home/jaqueline/udemy_ws/src/install/franka_description/share/franka_description/local_setup.zsh
[0.950s] -- Up-to-date: /home/jaqueline/udemy_ws/src/install/franka_description/share/franka_description/local_setup.dsv
[0.950s] -- Installing: /home/jaqueline/udemy_ws/src/install/franka_description/share/franka_description/package.dsv
[0.951s] -- Up-to-date: /home/jaqueline/udemy_ws/src/install/franka_description/share/ament_index/resource_index/packages/franka_description
[0.951s] -- Up-to-date: /home/jaqueline/udemy_ws/src/install/franka_description/share/franka_description/cmake/franka_descriptionConfig.cmake
[0.951s] -- Up-to-date: /home/jaqueline/udemy_ws/src/install/franka_description/share/franka_description/cmake/franka_descriptionConfig-version.cmake
[0.951s] -- Up-to-date: /home/jaqueline/udemy_ws/src/install/franka_description/share/franka_description/package.xml
[0.952s] Invoked command in '/home/jaqueline/udemy_ws/src/build/franka_description' returned '0': CMAKE_PREFIX_PATH=/opt/ros/humble /usr/bin/cmake --install /home/jaqueline/udemy_ws/src/build/franka_description
