[0.163s] DEBUG:colcon:Command line arguments: ['/usr/bin/colcon', 'build']
[0.164s] DEBUG:colcon:Parsed command line arguments: Namespace(log_base=None, log_level=None, verb_name='build', build_base='build', install_base='install', merge_install=False, symlink_install=False, test_result_base=None, continue_on_error=False, executor='parallel', parallel_workers=8, event_handlers=None, ignore_user_meta=False, metas=['./colcon.meta'], base_paths=['.'], packages_ignore=None, packages_ignore_regex=None, paths=None, packages_up_to=None, packages_up_to_regex=None, packages_above=None, packages_above_and_dependencies=None, packages_above_depth=None, packages_select_by_dep=None, packages_skip_by_dep=None, packages_skip_up_to=None, packages_select_build_failed=False, packages_skip_build_finished=False, packages_select_test_failures=False, packages_skip_test_passed=False, packages_select=None, packages_skip=None, packages_select_regex=None, packages_skip_regex=None, packages_start=None, packages_end=None, allow_overriding=[], cmake_args=None, cmake_target=None, cmake_target_skip_unavailable=False, cmake_clean_cache=False, cmake_clean_first=False, cmake_force_configure=False, ament_cmake_args=None, catkin_cmake_args=None, catkin_skip_building_tests=False, mixin_files=None, mixin=None, verb_parser=<colcon_mixin.mixin.mixin_argument.MixinArgumentDecorator object at 0x7dc620655120>, verb_extension=<colcon_core.verb.build.BuildVerb object at 0x7dc620654a60>, main=<bound method BuildVerb.main of <colcon_core.verb.build.BuildVerb object at 0x7dc620654a60>>, mixin_verb=('build',))
[0.430s] Level 1:colcon.colcon_core.package_discovery:discover_packages(colcon_meta) check parameters
[0.430s] Level 1:colcon.colcon_core.package_discovery:discover_packages(recursive) check parameters
[0.430s] Level 1:colcon.colcon_core.package_discovery:discover_packages(ignore) check parameters
[0.430s] Level 1:colcon.colcon_core.package_discovery:discover_packages(path) check parameters
[0.430s] Level 1:colcon.colcon_core.package_discovery:discover_packages(colcon_meta) discover
[0.430s] Level 1:colcon.colcon_core.package_discovery:discover_packages(recursive) discover
[0.431s] INFO:colcon.colcon_core.package_discovery:Crawling recursively for packages in '/home/jaqueline/udemy_ws'
[0.431s] Level 1:colcon.colcon_core.package_identification:_identify(.) by extensions ['ignore', 'ignore_ament_install']
[0.431s] Level 1:colcon.colcon_core.package_identification:_identify(.) by extension 'ignore'
[0.431s] Level 1:colcon.colcon_core.package_identification:_identify(.) by extension 'ignore_ament_install'
[0.431s] Level 1:colcon.colcon_core.package_identification:_identify(.) by extensions ['colcon_pkg']
[0.431s] Level 1:colcon.colcon_core.package_identification:_identify(.) by extension 'colcon_pkg'
[0.431s] Level 1:colcon.colcon_core.package_identification:_identify(.) by extensions ['colcon_meta']
[0.431s] Level 1:colcon.colcon_core.package_identification:_identify(.) by extension 'colcon_meta'
[0.431s] Level 1:colcon.colcon_core.package_identification:_identify(.) by extensions ['ros']
[0.431s] Level 1:colcon.colcon_core.package_identification:_identify(.) by extension 'ros'
[0.450s] Level 1:colcon.colcon_core.package_identification:_identify(.) by extensions ['cmake', 'python']
[0.450s] Level 1:colcon.colcon_core.package_identification:_identify(.) by extension 'cmake'
[0.450s] Level 1:colcon.colcon_core.package_identification:_identify(.) by extension 'python'
[0.450s] Level 1:colcon.colcon_core.package_identification:_identify(.) by extensions ['python_setup_py']
[0.450s] Level 1:colcon.colcon_core.package_identification:_identify(.) by extension 'python_setup_py'
[0.451s] Level 1:colcon.colcon_core.package_identification:_identify(build) by extensions ['ignore', 'ignore_ament_install']
[0.451s] Level 1:colcon.colcon_core.package_identification:_identify(build) by extension 'ignore'
[0.451s] Level 1:colcon.colcon_core.package_identification:_identify(build) ignored
[0.451s] Level 1:colcon.colcon_core.package_identification:_identify(install) by extensions ['ignore', 'ignore_ament_install']
[0.452s] Level 1:colcon.colcon_core.package_identification:_identify(install) by extension 'ignore'
[0.452s] Level 1:colcon.colcon_core.package_identification:_identify(install) ignored
[0.452s] Level 1:colcon.colcon_core.package_identification:_identify(log) by extensions ['ignore', 'ignore_ament_install']
[0.452s] Level 1:colcon.colcon_core.package_identification:_identify(log) by extension 'ignore'
[0.452s] Level 1:colcon.colcon_core.package_identification:_identify(log) ignored
[0.452s] Level 1:colcon.colcon_core.package_identification:_identify(src) by extensions ['ignore', 'ignore_ament_install']
[0.453s] Level 1:colcon.colcon_core.package_identification:_identify(src) by extension 'ignore'
[0.453s] Level 1:colcon.colcon_core.package_identification:_identify(src) by extension 'ignore_ament_install'
[0.453s] Level 1:colcon.colcon_core.package_identification:_identify(src) by extensions ['colcon_pkg']
[0.453s] Level 1:colcon.colcon_core.package_identification:_identify(src) by extension 'colcon_pkg'
[0.453s] Level 1:colcon.colcon_core.package_identification:_identify(src) by extensions ['colcon_meta']
[0.453s] Level 1:colcon.colcon_core.package_identification:_identify(src) by extension 'colcon_meta'
[0.453s] Level 1:colcon.colcon_core.package_identification:_identify(src) by extensions ['ros']
[0.453s] Level 1:colcon.colcon_core.package_identification:_identify(src) by extension 'ros'
[0.453s] Level 1:colcon.colcon_core.package_identification:_identify(src) by extensions ['cmake', 'python']
[0.454s] Level 1:colcon.colcon_core.package_identification:_identify(src) by extension 'cmake'
[0.454s] Level 1:colcon.colcon_core.package_identification:_identify(src) by extension 'python'
[0.454s] Level 1:colcon.colcon_core.package_identification:_identify(src) by extensions ['python_setup_py']
[0.454s] Level 1:colcon.colcon_core.package_identification:_identify(src) by extension 'python_setup_py'
[0.454s] Level 1:colcon.colcon_core.package_identification:_identify(src/build) by extensions ['ignore', 'ignore_ament_install']
[0.454s] Level 1:colcon.colcon_core.package_identification:_identify(src/build) by extension 'ignore'
[0.454s] Level 1:colcon.colcon_core.package_identification:_identify(src/build) ignored
[0.455s] Level 1:colcon.colcon_core.package_identification:_identify(src/franka_description) by extensions ['ignore', 'ignore_ament_install']
[0.455s] Level 1:colcon.colcon_core.package_identification:_identify(src/franka_description) by extension 'ignore'
[0.455s] Level 1:colcon.colcon_core.package_identification:_identify(src/franka_description) by extension 'ignore_ament_install'
[0.455s] Level 1:colcon.colcon_core.package_identification:_identify(src/franka_description) by extensions ['colcon_pkg']
[0.455s] Level 1:colcon.colcon_core.package_identification:_identify(src/franka_description) by extension 'colcon_pkg'
[0.455s] Level 1:colcon.colcon_core.package_identification:_identify(src/franka_description) by extensions ['colcon_meta']
[0.455s] Level 1:colcon.colcon_core.package_identification:_identify(src/franka_description) by extension 'colcon_meta'
[0.455s] Level 1:colcon.colcon_core.package_identification:_identify(src/franka_description) by extensions ['ros']
[0.455s] Level 1:colcon.colcon_core.package_identification:_identify(src/franka_description) by extension 'ros'
[0.461s] DEBUG:colcon.colcon_core.package_identification:Package 'src/franka_description' with type 'ros.ament_cmake' and name 'franka_description'
[0.462s] Level 1:colcon.colcon_core.package_identification:_identify(src/install) by extensions ['ignore', 'ignore_ament_install']
[0.462s] Level 1:colcon.colcon_core.package_identification:_identify(src/install) by extension 'ignore'
[0.462s] Level 1:colcon.colcon_core.package_identification:_identify(src/install) ignored
[0.462s] Level 1:colcon.colcon_core.package_identification:_identify(src/log) by extensions ['ignore', 'ignore_ament_install']
[0.462s] Level 1:colcon.colcon_core.package_identification:_identify(src/log) by extension 'ignore'
[0.462s] Level 1:colcon.colcon_core.package_identification:_identify(src/log) ignored
[0.463s] Level 1:colcon.colcon_core.package_identification:_identify(src/robotic_arms_control) by extensions ['ignore', 'ignore_ament_install']
[0.463s] Level 1:colcon.colcon_core.package_identification:_identify(src/robotic_arms_control) by extension 'ignore'
[0.463s] Level 1:colcon.colcon_core.package_identification:_identify(src/robotic_arms_control) by extension 'ignore_ament_install'
[0.463s] Level 1:colcon.colcon_core.package_identification:_identify(src/robotic_arms_control) by extensions ['colcon_pkg']
[0.463s] Level 1:colcon.colcon_core.package_identification:_identify(src/robotic_arms_control) by extension 'colcon_pkg'
[0.463s] Level 1:colcon.colcon_core.package_identification:_identify(src/robotic_arms_control) by extensions ['colcon_meta']
[0.463s] Level 1:colcon.colcon_core.package_identification:_identify(src/robotic_arms_control) by extension 'colcon_meta'
[0.463s] Level 1:colcon.colcon_core.package_identification:_identify(src/robotic_arms_control) by extensions ['ros']
[0.464s] Level 1:colcon.colcon_core.package_identification:_identify(src/robotic_arms_control) by extension 'ros'
[0.464s] DEBUG:colcon.colcon_core.package_identification:Package 'src/robotic_arms_control' with type 'ros.ament_python' and name 'robotic_arms_control'
[0.464s] Level 1:colcon.colcon_core.package_discovery:discover_packages(recursive) using defaults
[0.465s] Level 1:colcon.colcon_core.package_discovery:discover_packages(ignore) discover
[0.465s] Level 1:colcon.colcon_core.package_discovery:discover_packages(ignore) using defaults
[0.465s] Level 1:colcon.colcon_core.package_discovery:discover_packages(path) discover
[0.465s] Level 1:colcon.colcon_core.package_discovery:discover_packages(path) using defaults
[0.505s] Level 1:colcon.colcon_core.package_discovery:discover_packages(prefix_path) check parameters
[0.505s] Level 1:colcon.colcon_core.package_discovery:discover_packages(prefix_path) discover
[0.509s] DEBUG:colcon.colcon_installed_package_information.package_discovery:Found 336 installed packages in /opt/ros/humble
[0.512s] Level 1:colcon.colcon_core.package_discovery:discover_packages(prefix_path) using defaults
[0.580s] Level 5:colcon.colcon_core.verb:set package 'franka_description' build argument 'cmake_args' from command line to 'None'
[0.581s] Level 5:colcon.colcon_core.verb:set package 'franka_description' build argument 'cmake_target' from command line to 'None'
[0.581s] Level 5:colcon.colcon_core.verb:set package 'franka_description' build argument 'cmake_target_skip_unavailable' from command line to 'False'
[0.581s] Level 5:colcon.colcon_core.verb:set package 'franka_description' build argument 'cmake_clean_cache' from command line to 'False'
[0.581s] Level 5:colcon.colcon_core.verb:set package 'franka_description' build argument 'cmake_clean_first' from command line to 'False'
[0.581s] Level 5:colcon.colcon_core.verb:set package 'franka_description' build argument 'cmake_force_configure' from command line to 'False'
[0.581s] Level 5:colcon.colcon_core.verb:set package 'franka_description' build argument 'ament_cmake_args' from command line to 'None'
[0.581s] Level 5:colcon.colcon_core.verb:set package 'franka_description' build argument 'catkin_cmake_args' from command line to 'None'
[0.581s] Level 5:colcon.colcon_core.verb:set package 'franka_description' build argument 'catkin_skip_building_tests' from command line to 'False'
[0.581s] DEBUG:colcon.colcon_core.verb:Building package 'franka_description' with the following arguments: {'ament_cmake_args': None, 'build_base': '/home/jaqueline/udemy_ws/build/franka_description', 'catkin_cmake_args': None, 'catkin_skip_building_tests': False, 'cmake_args': None, 'cmake_clean_cache': False, 'cmake_clean_first': False, 'cmake_force_configure': False, 'cmake_target': None, 'cmake_target_skip_unavailable': False, 'install_base': '/home/jaqueline/udemy_ws/install/franka_description', 'merge_install': False, 'path': '/home/jaqueline/udemy_ws/src/franka_description', 'symlink_install': False, 'test_result_base': None}
[0.582s] Level 5:colcon.colcon_core.verb:set package 'robotic_arms_control' build argument 'cmake_args' from command line to 'None'
[0.582s] Level 5:colcon.colcon_core.verb:set package 'robotic_arms_control' build argument 'cmake_target' from command line to 'None'
[0.582s] Level 5:colcon.colcon_core.verb:set package 'robotic_arms_control' build argument 'cmake_target_skip_unavailable' from command line to 'False'
[0.582s] Level 5:colcon.colcon_core.verb:set package 'robotic_arms_control' build argument 'cmake_clean_cache' from command line to 'False'
[0.582s] Level 5:colcon.colcon_core.verb:set package 'robotic_arms_control' build argument 'cmake_clean_first' from command line to 'False'
[0.582s] Level 5:colcon.colcon_core.verb:set package 'robotic_arms_control' build argument 'cmake_force_configure' from command line to 'False'
[0.582s] Level 5:colcon.colcon_core.verb:set package 'robotic_arms_control' build argument 'ament_cmake_args' from command line to 'None'
[0.582s] Level 5:colcon.colcon_core.verb:set package 'robotic_arms_control' build argument 'catkin_cmake_args' from command line to 'None'
[0.582s] Level 5:colcon.colcon_core.verb:set package 'robotic_arms_control' build argument 'catkin_skip_building_tests' from command line to 'False'
[0.582s] DEBUG:colcon.colcon_core.verb:Building package 'robotic_arms_control' with the following arguments: {'ament_cmake_args': None, 'build_base': '/home/jaqueline/udemy_ws/build/robotic_arms_control', 'catkin_cmake_args': None, 'catkin_skip_building_tests': False, 'cmake_args': None, 'cmake_clean_cache': False, 'cmake_clean_first': False, 'cmake_force_configure': False, 'cmake_target': None, 'cmake_target_skip_unavailable': False, 'install_base': '/home/jaqueline/udemy_ws/install/robotic_arms_control', 'merge_install': False, 'path': '/home/jaqueline/udemy_ws/src/robotic_arms_control', 'symlink_install': False, 'test_result_base': None}
[0.583s] INFO:colcon.colcon_core.executor:Executing jobs using 'parallel' executor
[0.584s] DEBUG:colcon.colcon_parallel_executor.executor.parallel:run_until_complete
[0.584s] INFO:colcon.colcon_ros.task.ament_cmake.build:Building ROS package in '/home/jaqueline/udemy_ws/src/franka_description' with build type 'ament_cmake'
[0.585s] INFO:colcon.colcon_cmake.task.cmake.build:Building CMake package in '/home/jaqueline/udemy_ws/src/franka_description'
[0.587s] INFO:colcon.colcon_core.plugin_system:Skipping extension 'colcon_core.shell.bat': Not used on non-Windows systems
[0.588s] INFO:colcon.colcon_core.shell:Skip shell extension 'powershell' for command environment: Not usable outside of PowerShell
[0.588s] DEBUG:colcon.colcon_core.shell:Skip shell extension 'dsv' for command environment
[0.592s] INFO:colcon.colcon_ros.task.ament_python.build:Building ROS package in '/home/jaqueline/udemy_ws/src/robotic_arms_control' with build type 'ament_python'
[0.592s] Level 1:colcon.colcon_core.shell:create_environment_hook('robotic_arms_control', 'ament_prefix_path')
[0.592s] INFO:colcon.colcon_core.shell:Creating environment hook '/home/jaqueline/udemy_ws/install/robotic_arms_control/share/robotic_arms_control/hook/ament_prefix_path.ps1'
[0.593s] INFO:colcon.colcon_core.shell:Creating environment descriptor '/home/jaqueline/udemy_ws/install/robotic_arms_control/share/robotic_arms_control/hook/ament_prefix_path.dsv'
[0.594s] INFO:colcon.colcon_core.shell:Creating environment hook '/home/jaqueline/udemy_ws/install/robotic_arms_control/share/robotic_arms_control/hook/ament_prefix_path.sh'
[0.595s] INFO:colcon.colcon_core.shell:Skip shell extension 'powershell' for command environment: Not usable outside of PowerShell
[0.595s] DEBUG:colcon.colcon_core.shell:Skip shell extension 'dsv' for command environment
[0.607s] DEBUG:colcon.colcon_core.event_handler.log_command:Invoking command in '/home/jaqueline/udemy_ws/build/franka_description': CMAKE_PREFIX_PATH=/opt/ros/humble /usr/bin/cmake --build /home/jaqueline/udemy_ws/build/franka_description -- -j8 -l8
[0.998s] INFO:colcon.colcon_core.task.python.build:Building Python package in '/home/jaqueline/udemy_ws/src/robotic_arms_control'
[0.999s] INFO:colcon.colcon_core.shell:Skip shell extension 'powershell' for command environment: Not usable outside of PowerShell
[0.999s] DEBUG:colcon.colcon_core.shell:Skip shell extension 'dsv' for command environment
[1.004s] DEBUG:colcon.colcon_core.event_handler.log_command:Invoked command in '/home/jaqueline/udemy_ws/build/franka_description' returned '0': CMAKE_PREFIX_PATH=/opt/ros/humble /usr/bin/cmake --build /home/jaqueline/udemy_ws/build/franka_description -- -j8 -l8
[1.019s] DEBUG:colcon.colcon_core.event_handler.log_command:Invoking command in '/home/jaqueline/udemy_ws/build/franka_description': CMAKE_PREFIX_PATH=/opt/ros/humble /usr/bin/cmake --install /home/jaqueline/udemy_ws/build/franka_description
[1.035s] Level 1:colcon.colcon_core.environment:create_environment_scripts_only(franka_description)
[1.041s] DEBUG:colcon.colcon_core.event_handler.log_command:Invoked command in '/home/jaqueline/udemy_ws/build/franka_description' returned '0': CMAKE_PREFIX_PATH=/opt/ros/humble /usr/bin/cmake --install /home/jaqueline/udemy_ws/build/franka_description
[1.044s] Level 1:colcon.colcon_core.environment:checking '/home/jaqueline/udemy_ws/install/franka_description' for CMake module files
[1.045s] Level 1:colcon.colcon_core.environment:checking '/home/jaqueline/udemy_ws/install/franka_description' for CMake config files
[1.045s] Level 1:colcon.colcon_core.shell:create_environment_hook('franka_description', 'cmake_prefix_path')
[1.045s] INFO:colcon.colcon_core.shell:Creating environment hook '/home/jaqueline/udemy_ws/install/franka_description/share/franka_description/hook/cmake_prefix_path.ps1'
[1.046s] INFO:colcon.colcon_core.shell:Creating environment descriptor '/home/jaqueline/udemy_ws/install/franka_description/share/franka_description/hook/cmake_prefix_path.dsv'
[1.047s] INFO:colcon.colcon_core.shell:Creating environment hook '/home/jaqueline/udemy_ws/install/franka_description/share/franka_description/hook/cmake_prefix_path.sh'
[1.047s] Level 1:colcon.colcon_core.environment:checking '/home/jaqueline/udemy_ws/install/franka_description/bin'
[1.048s] Level 1:colcon.colcon_core.environment:checking '/home/jaqueline/udemy_ws/install/franka_description/lib/pkgconfig/franka_description.pc'
[1.048s] Level 1:colcon.colcon_core.environment:checking '/home/jaqueline/udemy_ws/install/franka_description/lib/python3.10/site-packages'
[1.048s] Level 1:colcon.colcon_core.environment:checking '/home/jaqueline/udemy_ws/install/franka_description/bin'
[1.049s] INFO:colcon.colcon_core.shell:Creating package script '/home/jaqueline/udemy_ws/install/franka_description/share/franka_description/package.ps1'
[1.050s] INFO:colcon.colcon_core.shell:Creating package descriptor '/home/jaqueline/udemy_ws/install/franka_description/share/franka_description/package.dsv'
[1.051s] INFO:colcon.colcon_core.shell:Creating package script '/home/jaqueline/udemy_ws/install/franka_description/share/franka_description/package.sh'
[1.052s] INFO:colcon.colcon_core.shell:Creating package script '/home/jaqueline/udemy_ws/install/franka_description/share/franka_description/package.bash'
[1.053s] INFO:colcon.colcon_core.shell:Creating package script '/home/jaqueline/udemy_ws/install/franka_description/share/franka_description/package.zsh'
[1.054s] Level 1:colcon.colcon_core.environment:create_file_with_runtime_dependencies(/home/jaqueline/udemy_ws/install/franka_description/share/colcon-core/packages/franka_description)
[1.055s] Level 1:colcon.colcon_core.environment:create_environment_scripts_only(franka_description)
[1.055s] Level 1:colcon.colcon_core.environment:checking '/home/jaqueline/udemy_ws/install/franka_description' for CMake module files
[1.056s] Level 1:colcon.colcon_core.environment:checking '/home/jaqueline/udemy_ws/install/franka_description' for CMake config files
[1.056s] Level 1:colcon.colcon_core.shell:create_environment_hook('franka_description', 'cmake_prefix_path')
[1.056s] INFO:colcon.colcon_core.shell:Creating environment hook '/home/jaqueline/udemy_ws/install/franka_description/share/franka_description/hook/cmake_prefix_path.ps1'
[1.057s] INFO:colcon.colcon_core.shell:Creating environment descriptor '/home/jaqueline/udemy_ws/install/franka_description/share/franka_description/hook/cmake_prefix_path.dsv'
[1.058s] INFO:colcon.colcon_core.shell:Creating environment hook '/home/jaqueline/udemy_ws/install/franka_description/share/franka_description/hook/cmake_prefix_path.sh'
[1.058s] Level 1:colcon.colcon_core.environment:checking '/home/jaqueline/udemy_ws/install/franka_description/bin'
[1.058s] Level 1:colcon.colcon_core.environment:checking '/home/jaqueline/udemy_ws/install/franka_description/lib/pkgconfig/franka_description.pc'
[1.059s] Level 1:colcon.colcon_core.environment:checking '/home/jaqueline/udemy_ws/install/franka_description/lib/python3.10/site-packages'
[1.059s] Level 1:colcon.colcon_core.environment:checking '/home/jaqueline/udemy_ws/install/franka_description/bin'
[1.059s] INFO:colcon.colcon_core.shell:Creating package script '/home/jaqueline/udemy_ws/install/franka_description/share/franka_description/package.ps1'
[1.060s] INFO:colcon.colcon_core.shell:Creating package descriptor '/home/jaqueline/udemy_ws/install/franka_description/share/franka_description/package.dsv'
[1.061s] INFO:colcon.colcon_core.shell:Creating package script '/home/jaqueline/udemy_ws/install/franka_description/share/franka_description/package.sh'
[1.061s] INFO:colcon.colcon_core.shell:Creating package script '/home/jaqueline/udemy_ws/install/franka_description/share/franka_description/package.bash'
[1.062s] INFO:colcon.colcon_core.shell:Creating package script '/home/jaqueline/udemy_ws/install/franka_description/share/franka_description/package.zsh'
[1.062s] Level 1:colcon.colcon_core.environment:create_file_with_runtime_dependencies(/home/jaqueline/udemy_ws/install/franka_description/share/colcon-core/packages/franka_description)
[1.557s] DEBUG:colcon.colcon_core.event_handler.log_command:Invoking command in '/home/jaqueline/udemy_ws/src/robotic_arms_control': PYTHONPATH=/home/jaqueline/udemy_ws/build/robotic_arms_control/prefix_override:/usr/lib/python3/dist-packages/colcon_core/task/python/colcon_distutils_commands:/home/jaqueline/udemy_ws/install/robotic_arms_control/lib/python3.10/site-packages:${PYTHONPATH} /usr/bin/python3 -W ignore:setup.py install is deprecated -W ignore:easy_install command is deprecated setup.py egg_info --egg-base ../../build/robotic_arms_control build --build-base /home/jaqueline/udemy_ws/build/robotic_arms_control/build install --record /home/jaqueline/udemy_ws/build/robotic_arms_control/install.log --single-version-externally-managed install_data
[1.988s] Level 1:colcon.colcon_core.environment:checking '/home/jaqueline/udemy_ws/install/robotic_arms_control' for CMake module files
[1.990s] DEBUG:colcon.colcon_core.event_handler.log_command:Invoked command in '/home/jaqueline/udemy_ws/src/robotic_arms_control' returned '0': PYTHONPATH=/home/jaqueline/udemy_ws/build/robotic_arms_control/prefix_override:/usr/lib/python3/dist-packages/colcon_core/task/python/colcon_distutils_commands:/home/jaqueline/udemy_ws/install/robotic_arms_control/lib/python3.10/site-packages:${PYTHONPATH} /usr/bin/python3 -W ignore:setup.py install is deprecated -W ignore:easy_install command is deprecated setup.py egg_info --egg-base ../../build/robotic_arms_control build --build-base /home/jaqueline/udemy_ws/build/robotic_arms_control/build install --record /home/jaqueline/udemy_ws/build/robotic_arms_control/install.log --single-version-externally-managed install_data
[1.990s] Level 1:colcon.colcon_core.environment:checking '/home/jaqueline/udemy_ws/install/robotic_arms_control' for CMake config files
[1.991s] Level 1:colcon.colcon_core.environment:checking '/home/jaqueline/udemy_ws/install/robotic_arms_control/lib'
[1.992s] Level 1:colcon.colcon_core.environment:checking '/home/jaqueline/udemy_ws/install/robotic_arms_control/bin'
[1.992s] Level 1:colcon.colcon_core.environment:checking '/home/jaqueline/udemy_ws/install/robotic_arms_control/lib/pkgconfig/robotic_arms_control.pc'
[1.992s] Level 1:colcon.colcon_core.environment:checking '/home/jaqueline/udemy_ws/install/robotic_arms_control/lib/python3.10/site-packages'
[1.992s] Level 1:colcon.colcon_core.shell:create_environment_hook('robotic_arms_control', 'pythonpath')
[1.993s] INFO:colcon.colcon_core.shell:Creating environment hook '/home/jaqueline/udemy_ws/install/robotic_arms_control/share/robotic_arms_control/hook/pythonpath.ps1'
[1.994s] INFO:colcon.colcon_core.shell:Creating environment descriptor '/home/jaqueline/udemy_ws/install/robotic_arms_control/share/robotic_arms_control/hook/pythonpath.dsv'
[1.994s] INFO:colcon.colcon_core.shell:Creating environment hook '/home/jaqueline/udemy_ws/install/robotic_arms_control/share/robotic_arms_control/hook/pythonpath.sh'
[1.995s] Level 1:colcon.colcon_core.environment:checking '/home/jaqueline/udemy_ws/install/robotic_arms_control/bin'
[1.995s] Level 1:colcon.colcon_core.environment:create_environment_scripts_only(robotic_arms_control)
[1.996s] INFO:colcon.colcon_core.shell:Creating package script '/home/jaqueline/udemy_ws/install/robotic_arms_control/share/robotic_arms_control/package.ps1'
[1.996s] INFO:colcon.colcon_core.shell:Creating package descriptor '/home/jaqueline/udemy_ws/install/robotic_arms_control/share/robotic_arms_control/package.dsv'
[1.997s] INFO:colcon.colcon_core.shell:Creating package script '/home/jaqueline/udemy_ws/install/robotic_arms_control/share/robotic_arms_control/package.sh'
[1.998s] INFO:colcon.colcon_core.shell:Creating package script '/home/jaqueline/udemy_ws/install/robotic_arms_control/share/robotic_arms_control/package.bash'
[1.998s] INFO:colcon.colcon_core.shell:Creating package script '/home/jaqueline/udemy_ws/install/robotic_arms_control/share/robotic_arms_control/package.zsh'
[1.999s] Level 1:colcon.colcon_core.environment:create_file_with_runtime_dependencies(/home/jaqueline/udemy_ws/install/robotic_arms_control/share/colcon-core/packages/robotic_arms_control)
[1.999s] DEBUG:colcon.colcon_parallel_executor.executor.parallel:closing loop
[2.000s] DEBUG:colcon.colcon_parallel_executor.executor.parallel:loop closed
[2.000s] DEBUG:colcon.colcon_parallel_executor.executor.parallel:run_until_complete finished with '0'
[2.000s] DEBUG:colcon.colcon_core.event_reactor:joining thread
[2.007s] INFO:colcon.colcon_core.plugin_system:Skipping extension 'colcon_notification.desktop_notification.terminal_notifier': Not used on non-Darwin systems
[2.007s] INFO:colcon.colcon_core.plugin_system:Skipping extension 'colcon_notification.desktop_notification.win32': Not used on non-Windows systems
[2.007s] INFO:colcon.colcon_notification.desktop_notification:Sending desktop notification using 'notify2'
[2.022s] DEBUG:colcon.colcon_core.event_reactor:joined thread
[2.023s] INFO:colcon.colcon_core.shell:Creating prefix script '/home/jaqueline/udemy_ws/install/local_setup.ps1'
[2.024s] INFO:colcon.colcon_core.shell:Creating prefix util module '/home/jaqueline/udemy_ws/install/_local_setup_util_ps1.py'
[2.026s] INFO:colcon.colcon_core.shell:Creating prefix chain script '/home/jaqueline/udemy_ws/install/setup.ps1'
[2.028s] INFO:colcon.colcon_core.shell:Creating prefix script '/home/jaqueline/udemy_ws/install/local_setup.sh'
[2.029s] INFO:colcon.colcon_core.shell:Creating prefix util module '/home/jaqueline/udemy_ws/install/_local_setup_util_sh.py'
[2.030s] INFO:colcon.colcon_core.shell:Creating prefix chain script '/home/jaqueline/udemy_ws/install/setup.sh'
[2.031s] INFO:colcon.colcon_core.shell:Creating prefix script '/home/jaqueline/udemy_ws/install/local_setup.bash'
[2.032s] INFO:colcon.colcon_core.shell:Creating prefix chain script '/home/jaqueline/udemy_ws/install/setup.bash'
[2.033s] INFO:colcon.colcon_core.shell:Creating prefix script '/home/jaqueline/udemy_ws/install/local_setup.zsh'
[2.034s] INFO:colcon.colcon_core.shell:Creating prefix chain script '/home/jaqueline/udemy_ws/install/setup.zsh'
