[0.099s] DEBUG:colcon:Command line arguments: ['/usr/bin/colcon', 'build']
[0.099s] DEBUG:colcon:Parsed command line arguments: Namespace(log_base=None, log_level=None, verb_name='build', build_base='build', install_base='install', merge_install=False, symlink_install=False, test_result_base=None, continue_on_error=False, executor='parallel', parallel_workers=8, event_handlers=None, ignore_user_meta=False, metas=['./colcon.meta'], base_paths=['.'], packages_ignore=None, packages_ignore_regex=None, paths=None, packages_up_to=None, packages_up_to_regex=None, packages_above=None, packages_above_and_dependencies=None, packages_above_depth=None, packages_select_by_dep=None, packages_skip_by_dep=None, packages_skip_up_to=None, packages_select_build_failed=False, packages_skip_build_finished=False, packages_select_test_failures=False, packages_skip_test_passed=False, packages_select=None, packages_skip=None, packages_select_regex=None, packages_skip_regex=None, packages_start=None, packages_end=None, allow_overriding=[], cmake_args=None, cmake_target=None, cmake_target_skip_unavailable=False, cmake_clean_cache=False, cmake_clean_first=False, cmake_force_configure=False, ament_cmake_args=None, catkin_cmake_args=None, catkin_skip_building_tests=False, mixin_files=None, mixin=None, verb_parser=<colcon_mixin.mixin.mixin_argument.MixinArgumentDecorator object at 0x7e2d25761660>, verb_extension=<colcon_core.verb.build.BuildVerb object at 0x7e2d25760fa0>, main=<bound method BuildVerb.main of <colcon_core.verb.build.BuildVerb object at 0x7e2d25760fa0>>, mixin_verb=('build',))
[0.250s] Level 1:colcon.colcon_core.package_discovery:discover_packages(colcon_meta) check parameters
[0.250s] Level 1:colcon.colcon_core.package_discovery:discover_packages(recursive) check parameters
[0.250s] Level 1:colcon.colcon_core.package_discovery:discover_packages(ignore) check parameters
[0.250s] Level 1:colcon.colcon_core.package_discovery:discover_packages(path) check parameters
[0.250s] Level 1:colcon.colcon_core.package_discovery:discover_packages(colcon_meta) discover
[0.250s] Level 1:colcon.colcon_core.package_discovery:discover_packages(recursive) discover
[0.250s] INFO:colcon.colcon_core.package_discovery:Crawling recursively for packages in '/home/jaqueline/udemy_ws/src'
[0.250s] Level 1:colcon.colcon_core.package_identification:_identify(.) by extensions ['ignore', 'ignore_ament_install']
[0.250s] Level 1:colcon.colcon_core.package_identification:_identify(.) by extension 'ignore'
[0.250s] Level 1:colcon.colcon_core.package_identification:_identify(.) by extension 'ignore_ament_install'
[0.251s] Level 1:colcon.colcon_core.package_identification:_identify(.) by extensions ['colcon_pkg']
[0.251s] Level 1:colcon.colcon_core.package_identification:_identify(.) by extension 'colcon_pkg'
[0.251s] Level 1:colcon.colcon_core.package_identification:_identify(.) by extensions ['colcon_meta']
[0.251s] Level 1:colcon.colcon_core.package_identification:_identify(.) by extension 'colcon_meta'
[0.251s] Level 1:colcon.colcon_core.package_identification:_identify(.) by extensions ['ros']
[0.251s] Level 1:colcon.colcon_core.package_identification:_identify(.) by extension 'ros'
[0.260s] Level 1:colcon.colcon_core.package_identification:_identify(.) by extensions ['cmake', 'python']
[0.260s] Level 1:colcon.colcon_core.package_identification:_identify(.) by extension 'cmake'
[0.260s] Level 1:colcon.colcon_core.package_identification:_identify(.) by extension 'python'
[0.260s] Level 1:colcon.colcon_core.package_identification:_identify(.) by extensions ['python_setup_py']
[0.260s] Level 1:colcon.colcon_core.package_identification:_identify(.) by extension 'python_setup_py'
[0.260s] Level 1:colcon.colcon_core.package_identification:_identify(build) by extensions ['ignore', 'ignore_ament_install']
[0.260s] Level 1:colcon.colcon_core.package_identification:_identify(build) by extension 'ignore'
[0.260s] Level 1:colcon.colcon_core.package_identification:_identify(build) ignored
[0.260s] Level 1:colcon.colcon_core.package_identification:_identify(franka_description) by extensions ['ignore', 'ignore_ament_install']
[0.261s] Level 1:colcon.colcon_core.package_identification:_identify(franka_description) by extension 'ignore'
[0.261s] Level 1:colcon.colcon_core.package_identification:_identify(franka_description) by extension 'ignore_ament_install'
[0.261s] Level 1:colcon.colcon_core.package_identification:_identify(franka_description) by extensions ['colcon_pkg']
[0.261s] Level 1:colcon.colcon_core.package_identification:_identify(franka_description) by extension 'colcon_pkg'
[0.261s] Level 1:colcon.colcon_core.package_identification:_identify(franka_description) by extensions ['colcon_meta']
[0.261s] Level 1:colcon.colcon_core.package_identification:_identify(franka_description) by extension 'colcon_meta'
[0.261s] Level 1:colcon.colcon_core.package_identification:_identify(franka_description) by extensions ['ros']
[0.261s] Level 1:colcon.colcon_core.package_identification:_identify(franka_description) by extension 'ros'
[0.263s] DEBUG:colcon.colcon_core.package_identification:Package 'franka_description' with type 'ros.ament_cmake' and name 'franka_description'
[0.263s] Level 1:colcon.colcon_core.package_identification:_identify(install) by extensions ['ignore', 'ignore_ament_install']
[0.263s] Level 1:colcon.colcon_core.package_identification:_identify(install) by extension 'ignore'
[0.263s] Level 1:colcon.colcon_core.package_identification:_identify(install) ignored
[0.264s] Level 1:colcon.colcon_core.package_identification:_identify(log) by extensions ['ignore', 'ignore_ament_install']
[0.264s] Level 1:colcon.colcon_core.package_identification:_identify(log) by extension 'ignore'
[0.264s] Level 1:colcon.colcon_core.package_identification:_identify(log) ignored
[0.264s] Level 1:colcon.colcon_core.package_identification:_identify(robotic_arms_control) by extensions ['ignore', 'ignore_ament_install']
[0.264s] Level 1:colcon.colcon_core.package_identification:_identify(robotic_arms_control) by extension 'ignore'
[0.264s] Level 1:colcon.colcon_core.package_identification:_identify(robotic_arms_control) by extension 'ignore_ament_install'
[0.264s] Level 1:colcon.colcon_core.package_identification:_identify(robotic_arms_control) by extensions ['colcon_pkg']
[0.264s] Level 1:colcon.colcon_core.package_identification:_identify(robotic_arms_control) by extension 'colcon_pkg'
[0.264s] Level 1:colcon.colcon_core.package_identification:_identify(robotic_arms_control) by extensions ['colcon_meta']
[0.264s] Level 1:colcon.colcon_core.package_identification:_identify(robotic_arms_control) by extension 'colcon_meta'
[0.264s] Level 1:colcon.colcon_core.package_identification:_identify(robotic_arms_control) by extensions ['ros']
[0.264s] Level 1:colcon.colcon_core.package_identification:_identify(robotic_arms_control) by extension 'ros'
[0.265s] DEBUG:colcon.colcon_core.package_identification:Package 'robotic_arms_control' with type 'ros.ament_python' and name 'robotic_arms_control'
[0.265s] Level 1:colcon.colcon_core.package_discovery:discover_packages(recursive) using defaults
[0.265s] Level 1:colcon.colcon_core.package_discovery:discover_packages(ignore) discover
[0.265s] Level 1:colcon.colcon_core.package_discovery:discover_packages(ignore) using defaults
[0.265s] Level 1:colcon.colcon_core.package_discovery:discover_packages(path) discover
[0.265s] Level 1:colcon.colcon_core.package_discovery:discover_packages(path) using defaults
[0.290s] Level 1:colcon.colcon_core.package_discovery:discover_packages(prefix_path) check parameters
[0.290s] Level 1:colcon.colcon_core.package_discovery:discover_packages(prefix_path) discover
[0.291s] DEBUG:colcon.colcon_installed_package_information.package_discovery:Found 2 installed packages in /home/jaqueline/udemy_ws/src/install
[0.292s] DEBUG:colcon.colcon_installed_package_information.package_discovery:Found 337 installed packages in /opt/ros/humble
[0.294s] Level 1:colcon.colcon_core.package_discovery:discover_packages(prefix_path) using defaults
[0.336s] Level 5:colcon.colcon_core.verb:set package 'franka_description' build argument 'cmake_args' from command line to 'None'
[0.336s] Level 5:colcon.colcon_core.verb:set package 'franka_description' build argument 'cmake_target' from command line to 'None'
[0.336s] Level 5:colcon.colcon_core.verb:set package 'franka_description' build argument 'cmake_target_skip_unavailable' from command line to 'False'
[0.336s] Level 5:colcon.colcon_core.verb:set package 'franka_description' build argument 'cmake_clean_cache' from command line to 'False'
[0.336s] Level 5:colcon.colcon_core.verb:set package 'franka_description' build argument 'cmake_clean_first' from command line to 'False'
[0.336s] Level 5:colcon.colcon_core.verb:set package 'franka_description' build argument 'cmake_force_configure' from command line to 'False'
[0.336s] Level 5:colcon.colcon_core.verb:set package 'franka_description' build argument 'ament_cmake_args' from command line to 'None'
[0.336s] Level 5:colcon.colcon_core.verb:set package 'franka_description' build argument 'catkin_cmake_args' from command line to 'None'
[0.336s] Level 5:colcon.colcon_core.verb:set package 'franka_description' build argument 'catkin_skip_building_tests' from command line to 'False'
[0.336s] DEBUG:colcon.colcon_core.verb:Building package 'franka_description' with the following arguments: {'ament_cmake_args': None, 'build_base': '/home/jaqueline/udemy_ws/src/build/franka_description', 'catkin_cmake_args': None, 'catkin_skip_building_tests': False, 'cmake_args': None, 'cmake_clean_cache': False, 'cmake_clean_first': False, 'cmake_force_configure': False, 'cmake_target': None, 'cmake_target_skip_unavailable': False, 'install_base': '/home/jaqueline/udemy_ws/src/install/franka_description', 'merge_install': False, 'path': '/home/jaqueline/udemy_ws/src/franka_description', 'symlink_install': False, 'test_result_base': None}
[0.336s] Level 5:colcon.colcon_core.verb:set package 'robotic_arms_control' build argument 'cmake_args' from command line to 'None'
[0.336s] Level 5:colcon.colcon_core.verb:set package 'robotic_arms_control' build argument 'cmake_target' from command line to 'None'
[0.336s] Level 5:colcon.colcon_core.verb:set package 'robotic_arms_control' build argument 'cmake_target_skip_unavailable' from command line to 'False'
[0.336s] Level 5:colcon.colcon_core.verb:set package 'robotic_arms_control' build argument 'cmake_clean_cache' from command line to 'False'
[0.337s] Level 5:colcon.colcon_core.verb:set package 'robotic_arms_control' build argument 'cmake_clean_first' from command line to 'False'
[0.337s] Level 5:colcon.colcon_core.verb:set package 'robotic_arms_control' build argument 'cmake_force_configure' from command line to 'False'
[0.337s] Level 5:colcon.colcon_core.verb:set package 'robotic_arms_control' build argument 'ament_cmake_args' from command line to 'None'
[0.337s] Level 5:colcon.colcon_core.verb:set package 'robotic_arms_control' build argument 'catkin_cmake_args' from command line to 'None'
[0.337s] Level 5:colcon.colcon_core.verb:set package 'robotic_arms_control' build argument 'catkin_skip_building_tests' from command line to 'False'
[0.337s] DEBUG:colcon.colcon_core.verb:Building package 'robotic_arms_control' with the following arguments: {'ament_cmake_args': None, 'build_base': '/home/jaqueline/udemy_ws/src/build/robotic_arms_control', 'catkin_cmake_args': None, 'catkin_skip_building_tests': False, 'cmake_args': None, 'cmake_clean_cache': False, 'cmake_clean_first': False, 'cmake_force_configure': False, 'cmake_target': None, 'cmake_target_skip_unavailable': False, 'install_base': '/home/jaqueline/udemy_ws/src/install/robotic_arms_control', 'merge_install': False, 'path': '/home/jaqueline/udemy_ws/src/robotic_arms_control', 'symlink_install': False, 'test_result_base': None}
[0.337s] INFO:colcon.colcon_core.executor:Executing jobs using 'parallel' executor
[0.338s] DEBUG:colcon.colcon_parallel_executor.executor.parallel:run_until_complete
[0.338s] INFO:colcon.colcon_ros.task.ament_cmake.build:Building ROS package in '/home/jaqueline/udemy_ws/src/franka_description' with build type 'ament_cmake'
[0.338s] INFO:colcon.colcon_cmake.task.cmake.build:Building CMake package in '/home/jaqueline/udemy_ws/src/franka_description'
[0.340s] INFO:colcon.colcon_core.plugin_system:Skipping extension 'colcon_core.shell.bat': Not used on non-Windows systems
[0.340s] INFO:colcon.colcon_core.shell:Skip shell extension 'powershell' for command environment: Not usable outside of PowerShell
[0.340s] DEBUG:colcon.colcon_core.shell:Skip shell extension 'dsv' for command environment
[0.343s] INFO:colcon.colcon_ros.task.ament_python.build:Building ROS package in '/home/jaqueline/udemy_ws/src/robotic_arms_control' with build type 'ament_python'
[0.343s] Level 1:colcon.colcon_core.shell:create_environment_hook('robotic_arms_control', 'ament_prefix_path')
[0.343s] INFO:colcon.colcon_core.shell:Creating environment hook '/home/jaqueline/udemy_ws/src/install/robotic_arms_control/share/robotic_arms_control/hook/ament_prefix_path.ps1'
[0.344s] INFO:colcon.colcon_core.shell:Creating environment descriptor '/home/jaqueline/udemy_ws/src/install/robotic_arms_control/share/robotic_arms_control/hook/ament_prefix_path.dsv'
[0.344s] INFO:colcon.colcon_core.shell:Creating environment hook '/home/jaqueline/udemy_ws/src/install/robotic_arms_control/share/robotic_arms_control/hook/ament_prefix_path.sh'
[0.345s] INFO:colcon.colcon_core.shell:Skip shell extension 'powershell' for command environment: Not usable outside of PowerShell
[0.345s] DEBUG:colcon.colcon_core.shell:Skip shell extension 'dsv' for command environment
[0.356s] DEBUG:colcon.colcon_core.event_handler.log_command:Invoking command in '/home/jaqueline/udemy_ws/src/build/franka_description': CMAKE_PREFIX_PATH=${CMAKE_PREFIX_PATH}:/home/jaqueline/udemy_ws/src/install/robotic_arms_control:/opt/ros/humble /usr/bin/cmake --build /home/jaqueline/udemy_ws/src/build/franka_description -- -j8 -l8
[0.612s] INFO:colcon.colcon_core.task.python.build:Building Python package in '/home/jaqueline/udemy_ws/src/robotic_arms_control'
[0.613s] INFO:colcon.colcon_core.shell:Skip shell extension 'powershell' for command environment: Not usable outside of PowerShell
[0.613s] DEBUG:colcon.colcon_core.shell:Skip shell extension 'dsv' for command environment
[0.617s] DEBUG:colcon.colcon_core.event_handler.log_command:Invoked command in '/home/jaqueline/udemy_ws/src/build/franka_description' returned '0': CMAKE_PREFIX_PATH=${CMAKE_PREFIX_PATH}:/home/jaqueline/udemy_ws/src/install/robotic_arms_control:/opt/ros/humble /usr/bin/cmake --build /home/jaqueline/udemy_ws/src/build/franka_description -- -j8 -l8
[0.626s] DEBUG:colcon.colcon_core.event_handler.log_command:Invoking command in '/home/jaqueline/udemy_ws/src/build/franka_description': CMAKE_PREFIX_PATH=${CMAKE_PREFIX_PATH}:/home/jaqueline/udemy_ws/src/install/robotic_arms_control:/opt/ros/humble /usr/bin/cmake --install /home/jaqueline/udemy_ws/src/build/franka_description
[0.638s] Level 1:colcon.colcon_core.environment:create_environment_scripts_only(franka_description)
[0.640s] DEBUG:colcon.colcon_core.event_handler.log_command:Invoked command in '/home/jaqueline/udemy_ws/src/build/franka_description' returned '0': CMAKE_PREFIX_PATH=${CMAKE_PREFIX_PATH}:/home/jaqueline/udemy_ws/src/install/robotic_arms_control:/opt/ros/humble /usr/bin/cmake --install /home/jaqueline/udemy_ws/src/build/franka_description
[0.642s] Level 1:colcon.colcon_core.environment:checking '/home/jaqueline/udemy_ws/src/install/franka_description' for CMake module files
[0.643s] Level 1:colcon.colcon_core.environment:checking '/home/jaqueline/udemy_ws/src/install/franka_description' for CMake config files
[0.643s] Level 1:colcon.colcon_core.shell:create_environment_hook('franka_description', 'cmake_prefix_path')
[0.644s] INFO:colcon.colcon_core.shell:Creating environment hook '/home/jaqueline/udemy_ws/src/install/franka_description/share/franka_description/hook/cmake_prefix_path.ps1'
[0.644s] INFO:colcon.colcon_core.shell:Creating environment descriptor '/home/jaqueline/udemy_ws/src/install/franka_description/share/franka_description/hook/cmake_prefix_path.dsv'
[0.645s] INFO:colcon.colcon_core.shell:Creating environment hook '/home/jaqueline/udemy_ws/src/install/franka_description/share/franka_description/hook/cmake_prefix_path.sh'
[0.645s] Level 1:colcon.colcon_core.environment:checking '/home/jaqueline/udemy_ws/src/install/franka_description/bin'
[0.645s] Level 1:colcon.colcon_core.environment:checking '/home/jaqueline/udemy_ws/src/install/franka_description/lib/pkgconfig/franka_description.pc'
[0.646s] Level 1:colcon.colcon_core.environment:checking '/home/jaqueline/udemy_ws/src/install/franka_description/lib/python3.10/site-packages'
[0.646s] Level 1:colcon.colcon_core.environment:checking '/home/jaqueline/udemy_ws/src/install/franka_description/bin'
[0.646s] INFO:colcon.colcon_core.shell:Creating package script '/home/jaqueline/udemy_ws/src/install/franka_description/share/franka_description/package.ps1'
[0.648s] INFO:colcon.colcon_core.shell:Creating package descriptor '/home/jaqueline/udemy_ws/src/install/franka_description/share/franka_description/package.dsv'
[0.649s] INFO:colcon.colcon_core.shell:Creating package script '/home/jaqueline/udemy_ws/src/install/franka_description/share/franka_description/package.sh'
[0.650s] INFO:colcon.colcon_core.shell:Creating package script '/home/jaqueline/udemy_ws/src/install/franka_description/share/franka_description/package.bash'
[0.650s] INFO:colcon.colcon_core.shell:Creating package script '/home/jaqueline/udemy_ws/src/install/franka_description/share/franka_description/package.zsh'
[0.651s] Level 1:colcon.colcon_core.environment:create_file_with_runtime_dependencies(/home/jaqueline/udemy_ws/src/install/franka_description/share/colcon-core/packages/franka_description)
[0.651s] Level 1:colcon.colcon_core.environment:create_environment_scripts_only(franka_description)
[0.652s] Level 1:colcon.colcon_core.environment:checking '/home/jaqueline/udemy_ws/src/install/franka_description' for CMake module files
[0.652s] Level 1:colcon.colcon_core.environment:checking '/home/jaqueline/udemy_ws/src/install/franka_description' for CMake config files
[0.652s] Level 1:colcon.colcon_core.shell:create_environment_hook('franka_description', 'cmake_prefix_path')
[0.653s] INFO:colcon.colcon_core.shell:Creating environment hook '/home/jaqueline/udemy_ws/src/install/franka_description/share/franka_description/hook/cmake_prefix_path.ps1'
[0.653s] INFO:colcon.colcon_core.shell:Creating environment descriptor '/home/jaqueline/udemy_ws/src/install/franka_description/share/franka_description/hook/cmake_prefix_path.dsv'
[0.653s] INFO:colcon.colcon_core.shell:Creating environment hook '/home/jaqueline/udemy_ws/src/install/franka_description/share/franka_description/hook/cmake_prefix_path.sh'
[0.654s] Level 1:colcon.colcon_core.environment:checking '/home/jaqueline/udemy_ws/src/install/franka_description/bin'
[0.654s] Level 1:colcon.colcon_core.environment:checking '/home/jaqueline/udemy_ws/src/install/franka_description/lib/pkgconfig/franka_description.pc'
[0.654s] Level 1:colcon.colcon_core.environment:checking '/home/jaqueline/udemy_ws/src/install/franka_description/lib/python3.10/site-packages'
[0.654s] Level 1:colcon.colcon_core.environment:checking '/home/jaqueline/udemy_ws/src/install/franka_description/bin'
[0.654s] INFO:colcon.colcon_core.shell:Creating package script '/home/jaqueline/udemy_ws/src/install/franka_description/share/franka_description/package.ps1'
[0.655s] INFO:colcon.colcon_core.shell:Creating package descriptor '/home/jaqueline/udemy_ws/src/install/franka_description/share/franka_description/package.dsv'
[0.655s] INFO:colcon.colcon_core.shell:Creating package script '/home/jaqueline/udemy_ws/src/install/franka_description/share/franka_description/package.sh'
[0.656s] INFO:colcon.colcon_core.shell:Creating package script '/home/jaqueline/udemy_ws/src/install/franka_description/share/franka_description/package.bash'
[0.656s] INFO:colcon.colcon_core.shell:Creating package script '/home/jaqueline/udemy_ws/src/install/franka_description/share/franka_description/package.zsh'
[0.656s] Level 1:colcon.colcon_core.environment:create_file_with_runtime_dependencies(/home/jaqueline/udemy_ws/src/install/franka_description/share/colcon-core/packages/franka_description)
[1.000s] DEBUG:colcon.colcon_core.event_handler.log_command:Invoking command in '/home/jaqueline/udemy_ws/src/robotic_arms_control': PYTHONPATH=/home/jaqueline/udemy_ws/src/build/robotic_arms_control/prefix_override:/usr/lib/python3/dist-packages/colcon_core/task/python/colcon_distutils_commands:/home/jaqueline/udemy_ws/src/install/robotic_arms_control/lib/python3.10/site-packages:${PYTHONPATH} /usr/bin/python3 -W ignore:setup.py install is deprecated -W ignore:easy_install command is deprecated setup.py egg_info --egg-base ../build/robotic_arms_control build --build-base /home/jaqueline/udemy_ws/src/build/robotic_arms_control/build install --record /home/jaqueline/udemy_ws/src/build/robotic_arms_control/install.log --single-version-externally-managed install_data
[1.289s] Level 1:colcon.colcon_core.environment:checking '/home/jaqueline/udemy_ws/src/install/robotic_arms_control' for CMake module files
[1.290s] DEBUG:colcon.colcon_core.event_handler.log_command:Invoked command in '/home/jaqueline/udemy_ws/src/robotic_arms_control' returned '0': PYTHONPATH=/home/jaqueline/udemy_ws/src/build/robotic_arms_control/prefix_override:/usr/lib/python3/dist-packages/colcon_core/task/python/colcon_distutils_commands:/home/jaqueline/udemy_ws/src/install/robotic_arms_control/lib/python3.10/site-packages:${PYTHONPATH} /usr/bin/python3 -W ignore:setup.py install is deprecated -W ignore:easy_install command is deprecated setup.py egg_info --egg-base ../build/robotic_arms_control build --build-base /home/jaqueline/udemy_ws/src/build/robotic_arms_control/build install --record /home/jaqueline/udemy_ws/src/build/robotic_arms_control/install.log --single-version-externally-managed install_data
[1.290s] Level 1:colcon.colcon_core.environment:checking '/home/jaqueline/udemy_ws/src/install/robotic_arms_control' for CMake config files
[1.291s] Level 1:colcon.colcon_core.environment:checking '/home/jaqueline/udemy_ws/src/install/robotic_arms_control/lib'
[1.291s] Level 1:colcon.colcon_core.environment:checking '/home/jaqueline/udemy_ws/src/install/robotic_arms_control/bin'
[1.291s] Level 1:colcon.colcon_core.environment:checking '/home/jaqueline/udemy_ws/src/install/robotic_arms_control/lib/pkgconfig/robotic_arms_control.pc'
[1.292s] Level 1:colcon.colcon_core.environment:checking '/home/jaqueline/udemy_ws/src/install/robotic_arms_control/lib/python3.10/site-packages'
[1.292s] Level 1:colcon.colcon_core.shell:create_environment_hook('robotic_arms_control', 'pythonpath')
[1.292s] INFO:colcon.colcon_core.shell:Creating environment hook '/home/jaqueline/udemy_ws/src/install/robotic_arms_control/share/robotic_arms_control/hook/pythonpath.ps1'
[1.292s] INFO:colcon.colcon_core.shell:Creating environment descriptor '/home/jaqueline/udemy_ws/src/install/robotic_arms_control/share/robotic_arms_control/hook/pythonpath.dsv'
[1.293s] INFO:colcon.colcon_core.shell:Creating environment hook '/home/jaqueline/udemy_ws/src/install/robotic_arms_control/share/robotic_arms_control/hook/pythonpath.sh'
[1.293s] Level 1:colcon.colcon_core.environment:checking '/home/jaqueline/udemy_ws/src/install/robotic_arms_control/bin'
[1.293s] Level 1:colcon.colcon_core.environment:create_environment_scripts_only(robotic_arms_control)
[1.293s] INFO:colcon.colcon_core.shell:Creating package script '/home/jaqueline/udemy_ws/src/install/robotic_arms_control/share/robotic_arms_control/package.ps1'
[1.294s] INFO:colcon.colcon_core.shell:Creating package descriptor '/home/jaqueline/udemy_ws/src/install/robotic_arms_control/share/robotic_arms_control/package.dsv'
[1.294s] INFO:colcon.colcon_core.shell:Creating package script '/home/jaqueline/udemy_ws/src/install/robotic_arms_control/share/robotic_arms_control/package.sh'
[1.294s] INFO:colcon.colcon_core.shell:Creating package script '/home/jaqueline/udemy_ws/src/install/robotic_arms_control/share/robotic_arms_control/package.bash'
[1.295s] INFO:colcon.colcon_core.shell:Creating package script '/home/jaqueline/udemy_ws/src/install/robotic_arms_control/share/robotic_arms_control/package.zsh'
[1.295s] Level 1:colcon.colcon_core.environment:create_file_with_runtime_dependencies(/home/jaqueline/udemy_ws/src/install/robotic_arms_control/share/colcon-core/packages/robotic_arms_control)
[1.295s] DEBUG:colcon.colcon_parallel_executor.executor.parallel:closing loop
[1.296s] DEBUG:colcon.colcon_parallel_executor.executor.parallel:loop closed
[1.296s] DEBUG:colcon.colcon_parallel_executor.executor.parallel:run_until_complete finished with '0'
[1.296s] DEBUG:colcon.colcon_core.event_reactor:joining thread
[1.301s] INFO:colcon.colcon_core.plugin_system:Skipping extension 'colcon_notification.desktop_notification.terminal_notifier': Not used on non-Darwin systems
[1.301s] INFO:colcon.colcon_core.plugin_system:Skipping extension 'colcon_notification.desktop_notification.win32': Not used on non-Windows systems
[1.301s] INFO:colcon.colcon_notification.desktop_notification:Sending desktop notification using 'notify2'
[1.311s] DEBUG:colcon.colcon_core.event_reactor:joined thread
[1.311s] INFO:colcon.colcon_core.shell:Creating prefix script '/home/jaqueline/udemy_ws/src/install/local_setup.ps1'
[1.312s] INFO:colcon.colcon_core.shell:Creating prefix util module '/home/jaqueline/udemy_ws/src/install/_local_setup_util_ps1.py'
[1.315s] INFO:colcon.colcon_core.shell:Creating prefix chain script '/home/jaqueline/udemy_ws/src/install/setup.ps1'
[1.316s] INFO:colcon.colcon_core.shell:Creating prefix script '/home/jaqueline/udemy_ws/src/install/local_setup.sh'
[1.317s] INFO:colcon.colcon_core.shell:Creating prefix util module '/home/jaqueline/udemy_ws/src/install/_local_setup_util_sh.py'
[1.318s] INFO:colcon.colcon_core.shell:Creating prefix chain script '/home/jaqueline/udemy_ws/src/install/setup.sh'
[1.319s] INFO:colcon.colcon_core.shell:Creating prefix script '/home/jaqueline/udemy_ws/src/install/local_setup.bash'
[1.320s] INFO:colcon.colcon_core.shell:Creating prefix chain script '/home/jaqueline/udemy_ws/src/install/setup.bash'
[1.321s] INFO:colcon.colcon_core.shell:Creating prefix script '/home/jaqueline/udemy_ws/src/install/local_setup.zsh'
[1.321s] INFO:colcon.colcon_core.shell:Creating prefix chain script '/home/jaqueline/udemy_ws/src/install/setup.zsh'
