[1.002s] Invoking command in '/home/jaqueline/udemy_ws/src/robotic_arms_control': PYTHONPATH=/home/jaqueline/udemy_ws/build/robotic_arms_control/prefix_override:/usr/lib/python3/dist-packages/colcon_core/task/python/colcon_distutils_commands:/home/jaqueline/udemy_ws/install/robotic_arms_control/lib/python3.10/site-packages:${PYTHONPATH} /usr/bin/python3 -W ignore:setup.py install is deprecated -W ignore:easy_install command is deprecated setup.py egg_info --egg-base ../../build/robotic_arms_control build --build-base /home/jaqueline/udemy_ws/build/robotic_arms_control/build install --record /home/jaqueline/udemy_ws/build/robotic_arms_control/install.log --single-version-externally-managed install_data
[1.376s] running egg_info
[1.376s] writing ../../build/robotic_arms_control/robotic_arms_control.egg-info/PKG-INFO
[1.377s] writing dependency_links to ../../build/robotic_arms_control/robotic_arms_control.egg-info/dependency_links.txt
[1.377s] writing entry points to ../../build/robotic_arms_control/robotic_arms_control.egg-info/entry_points.txt
[1.377s] writing requirements to ../../build/robotic_arms_control/robotic_arms_control.egg-info/requires.txt
[1.377s] writing top-level names to ../../build/robotic_arms_control/robotic_arms_control.egg-info/top_level.txt
[1.380s] reading manifest file '../../build/robotic_arms_control/robotic_arms_control.egg-info/SOURCES.txt'
[1.381s] writing manifest file '../../build/robotic_arms_control/robotic_arms_control.egg-info/SOURCES.txt'
[1.382s] running build
[1.382s] running build_py
[1.382s] running install
[1.383s] running install_lib
[1.385s] running install_data
[1.386s] copying launch/rviz_panda.launch.py -> /home/jaqueline/udemy_ws/install/robotic_arms_control/share/robotic_arms_control/launch
[1.386s] copying launch/rviz_bringup.launch.py -> /home/jaqueline/udemy_ws/install/robotic_arms_control/share/robotic_arms_control/launch
[1.386s] copying urdf/panda_ros2.urdf -> /home/jaqueline/udemy_ws/install/robotic_arms_control/share/robotic_arms_control/urdf
[1.387s] copying urdf/panda_ros1.urdf -> /home/jaqueline/udemy_ws/install/robotic_arms_control/share/robotic_arms_control/urdf
[1.387s] running install_egg_info
[1.392s] removing '/home/jaqueline/udemy_ws/install/robotic_arms_control/lib/python3.10/site-packages/robotic_arms_control-0.0.0-py3.10.egg-info' (and everything under it)
[1.392s] Copying ../../build/robotic_arms_control/robotic_arms_control.egg-info to /home/jaqueline/udemy_ws/install/robotic_arms_control/lib/python3.10/site-packages/robotic_arms_control-0.0.0-py3.10.egg-info
[1.394s] running install_scripts
[1.423s] Installing transforms_pub script to /home/jaqueline/udemy_ws/install/robotic_arms_control/lib/robotic_arms_control
[1.424s] writing list of installed files to '/home/jaqueline/udemy_ws/build/robotic_arms_control/install.log'
[1.456s] Invoked command in '/home/jaqueline/udemy_ws/src/robotic_arms_control' returned '0': PYTHONPATH=/home/jaqueline/udemy_ws/build/robotic_arms_control/prefix_override:/usr/lib/python3/dist-packages/colcon_core/task/python/colcon_distutils_commands:/home/jaqueline/udemy_ws/install/robotic_arms_control/lib/python3.10/site-packages:${PYTHONPATH} /usr/bin/python3 -W ignore:setup.py install is deprecated -W ignore:easy_install command is deprecated setup.py egg_info --egg-base ../../build/robotic_arms_control build --build-base /home/jaqueline/udemy_ws/build/robotic_arms_control/build install --record /home/jaqueline/udemy_ws/build/robotic_arms_control/install.log --single-version-externally-managed install_data
