[0.672s] Invoking command in '/home/jaqueline/udemy_ws/src/robotic_arms_control': PYTHONPATH=/home/jaqueline/udemy_ws/src/build/robotic_arms_control/prefix_override:/usr/lib/python3/dist-packages/colcon_core/task/python/colcon_distutils_commands:/home/jaqueline/udemy_ws/src/install/robotic_arms_control/lib/python3.10/site-packages:${PYTHONPATH} /usr/bin/python3 -W ignore:setup.py install is deprecated -W ignore:easy_install command is deprecated setup.py egg_info --egg-base ../build/robotic_arms_control build --build-base /home/jaqueline/udemy_ws/src/build/robotic_arms_control/build install --record /home/jaqueline/udemy_ws/src/build/robotic_arms_control/install.log --single-version-externally-managed install_data
[0.900s] running egg_info
[0.900s] writing ../build/robotic_arms_control/robotic_arms_control.egg-info/PKG-INFO
[0.901s] writing dependency_links to ../build/robotic_arms_control/robotic_arms_control.egg-info/dependency_links.txt
[0.901s] writing entry points to ../build/robotic_arms_control/robotic_arms_control.egg-info/entry_points.txt
[0.901s] writing requirements to ../build/robotic_arms_control/robotic_arms_control.egg-info/requires.txt
[0.901s] writing top-level names to ../build/robotic_arms_control/robotic_arms_control.egg-info/top_level.txt
[0.904s] reading manifest file '../build/robotic_arms_control/robotic_arms_control.egg-info/SOURCES.txt'
[0.905s] writing manifest file '../build/robotic_arms_control/robotic_arms_control.egg-info/SOURCES.txt'
[0.905s] running build
[0.905s] running build_py
[0.906s] running install
[0.906s] running install_lib
[0.907s] running install_data
[0.907s] copying launch/gazebo_bringup.launch.py -> /home/jaqueline/udemy_ws/src/install/robotic_arms_control/share/robotic_arms_control/launch
[0.908s] running install_egg_info
[0.912s] removing '/home/jaqueline/udemy_ws/src/install/robotic_arms_control/lib/python3.10/site-packages/robotic_arms_control-0.0.0-py3.10.egg-info' (and everything under it)
[0.912s] Copying ../build/robotic_arms_control/robotic_arms_control.egg-info to /home/jaqueline/udemy_ws/src/install/robotic_arms_control/lib/python3.10/site-packages/robotic_arms_control-0.0.0-py3.10.egg-info
[0.914s] running install_scripts
[0.934s] Installing jtc_controller_test script to /home/jaqueline/udemy_ws/src/install/robotic_arms_control/lib/robotic_arms_control
[0.935s] Installing transforms_pub script to /home/jaqueline/udemy_ws/src/install/robotic_arms_control/lib/robotic_arms_control
[0.935s] writing list of installed files to '/home/jaqueline/udemy_ws/src/build/robotic_arms_control/install.log'
[0.955s] Invoked command in '/home/jaqueline/udemy_ws/src/robotic_arms_control' returned '0': PYTHONPATH=/home/jaqueline/udemy_ws/src/build/robotic_arms_control/prefix_override:/usr/lib/python3/dist-packages/colcon_core/task/python/colcon_distutils_commands:/home/jaqueline/udemy_ws/src/install/robotic_arms_control/lib/python3.10/site-packages:${PYTHONPATH} /usr/bin/python3 -W ignore:setup.py install is deprecated -W ignore:easy_install command is deprecated setup.py egg_info --egg-base ../build/robotic_arms_control build --build-base /home/jaqueline/udemy_ws/src/build/robotic_arms_control/build install --record /home/jaqueline/udemy_ws/src/build/robotic_arms_control/install.log --single-version-externally-managed install_data
