[3.400s] Invoking command in '/home/jaqueline/udemy_ws/src/robotic_arms_control': PYTHONPATH=/home/jaqueline/udemy_ws/src/build/robotic_arms_control/prefix_override:/usr/lib/python3/dist-packages/colcon_core/task/python/colcon_distutils_commands:/home/jaqueline/udemy_ws/src/install/robotic_arms_control/lib/python3.10/site-packages:${PYTHONPATH} /usr/bin/python3 -W ignore:setup.py install is deprecated -W ignore:easy_install command is deprecated setup.py egg_info --egg-base ../build/robotic_arms_control build --build-base /home/jaqueline/udemy_ws/src/build/robotic_arms_control/build install --record /home/jaqueline/udemy_ws/src/build/robotic_arms_control/install.log --single-version-externally-managed install_data
[4.410s] running egg_info
[4.411s] writing ../build/robotic_arms_control/robotic_arms_control.egg-info/PKG-INFO
[4.412s] writing dependency_links to ../build/robotic_arms_control/robotic_arms_control.egg-info/dependency_links.txt
[4.412s] writing entry points to ../build/robotic_arms_control/robotic_arms_control.egg-info/entry_points.txt
[4.416s] writing requirements to ../build/robotic_arms_control/robotic_arms_control.egg-info/requires.txt
[4.418s] writing top-level names to ../build/robotic_arms_control/robotic_arms_control.egg-info/top_level.txt
[4.425s] reading manifest file '../build/robotic_arms_control/robotic_arms_control.egg-info/SOURCES.txt'
[4.433s] writing manifest file '../build/robotic_arms_control/robotic_arms_control.egg-info/SOURCES.txt'
[4.433s] running build
[4.433s] running build_py
[4.434s] running install
[4.436s] running install_lib
[4.438s] running install_data
[4.438s] running install_egg_info
[4.452s] removing '/home/jaqueline/udemy_ws/src/install/robotic_arms_control/lib/python3.10/site-packages/robotic_arms_control-0.0.0-py3.10.egg-info' (and everything under it)
[4.453s] Copying ../build/robotic_arms_control/robotic_arms_control.egg-info to /home/jaqueline/udemy_ws/src/install/robotic_arms_control/lib/python3.10/site-packages/robotic_arms_control-0.0.0-py3.10.egg-info
[4.455s] running install_scripts
[4.547s] Installing jtc_controller_test script to /home/jaqueline/udemy_ws/src/install/robotic_arms_control/lib/robotic_arms_control
[4.547s] Installing transforms_pub script to /home/jaqueline/udemy_ws/src/install/robotic_arms_control/lib/robotic_arms_control
[4.547s] writing list of installed files to '/home/jaqueline/udemy_ws/src/build/robotic_arms_control/install.log'
[4.747s] Invoked command in '/home/jaqueline/udemy_ws/src/robotic_arms_control' returned '0': PYTHONPATH=/home/jaqueline/udemy_ws/src/build/robotic_arms_control/prefix_override:/usr/lib/python3/dist-packages/colcon_core/task/python/colcon_distutils_commands:/home/jaqueline/udemy_ws/src/install/robotic_arms_control/lib/python3.10/site-packages:${PYTHONPATH} /usr/bin/python3 -W ignore:setup.py install is deprecated -W ignore:easy_install command is deprecated setup.py egg_info --egg-base ../build/robotic_arms_control build --build-base /home/jaqueline/udemy_ws/src/build/robotic_arms_control/build install --record /home/jaqueline/udemy_ws/src/build/robotic_arms_control/install.log --single-version-externally-managed install_data
